#
# There is insufficient memory for the Java Runtime Environment to continue.
# Native memory allocation (malloc) failed to allocate 1455056 bytes for Chunk::new
# Possible reasons:
#   The system is out of physical RAM or swap space
#   The process is running with CompressedOops enabled, and the Java Heap may be blocking the growth of the native heap
# Possible solutions:
#   Reduce memory load on the system
#   Increase physical memory or swap space
#   Check if swap backing store is full
#   Decrease Java heap size (-Xmx/-Xms)
#   Decrease number of Java threads
#   Decrease Java thread stack sizes (-Xss)
#   Set larger code cache with -XX:ReservedCodeCacheSize=
#   JVM is running with Unscaled Compressed Oops mode in which the Java heap is
#     placed in the first 4GB address space. The Java Heap base address is the
#     maximum limit for the native heap growth. Please use -XX:HeapBaseMinAddress
#     to set the Java Heap base and to place the Java Heap above 4GB virtual address.
# This output file may be truncated or incomplete.
#
#  Out of Memory Error (t:/workspace/hotspot/src/share/vm/memory/allocation.cpp:372), pid=11348, tid=11696
#
# JRE version: Java(TM) SE Runtime Environment (9.0+11) (build 9.0.4+11)
# Java VM: Java HotSpot(TM) 64-Bit Server VM (9.0.4+11, mixed mode, tiered, compressed oops, g1 gc, windows-amd64)
# No core dump will be written. Minidumps are not enabled by default on client versions of Windows
#

---------------  S U M M A R Y ------------

Command Line: -Dfile.encoding=UTF-8 hr.fer.zemris.java.hw11.jnotepadpp.JNotepadPP

Host: Intel(R) Pentium(R) CPU 3825U @ 1.90GHz, 4 cores, 7G,  Windows 10 , 64 bit Build 16299 (10.0.16299.431)
Time: Wed May 23 09:20:50 2018 Srednja Europa - ljet. vrij. elapsed time: 0 seconds (0d 0h 0m 0s)

---------------  T H R E A D  ---------------

Current thread (0x000001ceb0c44800):  JavaThread "C2 CompilerThread0" daemon [_thread_in_native, id=11696, stack(0x000000155ec00000,0x000000155ed00000)]


Current CompileTask:
C2:    650  531       4       jdk.internal.org.objectweb.asm.Frame::execute (2252 bytes)

Stack: [0x000000155ec00000,0x000000155ed00000]
Native frames: (J=compiled Java code, j=interpreted, Vv=VM code, C=native code)
V  [jvm.dll+0x587068]
V  [jvm.dll+0x69c25e]
V  [jvm.dll+0x69d17a]
V  [jvm.dll+0x69d7b3]
V  [jvm.dll+0x21d198]
V  [jvm.dll+0xa7aac]
V  [jvm.dll+0xa83ec]
V  [jvm.dll+0x320ef5]
V  [jvm.dll+0x2e7aaa]
V  [jvm.dll+0x2e703a]
V  [jvm.dll+0x1e9ae1]
V  [jvm.dll+0x1e8d86]
V  [jvm.dll+0x1691cb]
V  [jvm.dll+0x1f6570]
V  [jvm.dll+0x1f51f6]
V  [jvm.dll+0x66b44f]
V  [jvm.dll+0x586490]
C  [msvcr120.dll+0x24f7f]
C  [msvcr120.dll+0x25126]
C  [KERNEL32.DLL+0x11fe4]
C  [ntdll.dll+0x6f061]


---------------  P R O C E S S  ---------------

Java Threads: ( => current thread )
  0x000001ceb1c03800 JavaThread "Image Fetcher 0" daemon [_thread_blocked, id=8368, stack(0x000000155f700000,0x000000155f800000)]
  0x000001ce8d80f000 JavaThread "DestroyJavaVM" [_thread_blocked, id=11352, stack(0x000000155db00000,0x000000155dc00000)]
  0x000001ceb1751800 JavaThread "AWT-EventQueue-0" [_thread_in_vm, id=7308, stack(0x000000155f600000,0x000000155f700000)]
  0x000001ceb1753000 JavaThread "AWT-Windows" daemon [_thread_in_native, id=6176, stack(0x000000155f500000,0x000000155f600000)]
  0x000001ceb1763800 JavaThread "AWT-Shutdown" [_thread_blocked, id=11616, stack(0x000000155f400000,0x000000155f500000)]
  0x000001ceb1727800 JavaThread "Java2D Disposer" daemon [_thread_blocked, id=10960, stack(0x000000155f300000,0x000000155f400000)]
  0x000001ceb0fa3800 JavaThread "Service Thread" daemon [_thread_blocked, id=11488, stack(0x000000155f100000,0x000000155f200000)]
  0x000001ceb0e80800 JavaThread "Common-Cleaner" daemon [_thread_blocked, id=2724, stack(0x000000155f000000,0x000000155f100000)]
  0x000001ceb0cb6000 JavaThread "Sweeper thread" daemon [_thread_blocked, id=11036, stack(0x000000155ef00000,0x000000155f000000)]
  0x000001ceb0ca9000 JavaThread "C1 CompilerThread2" daemon [_thread_blocked, id=10468, stack(0x000000155ee00000,0x000000155ef00000)]
  0x000001ceb0ca8000 JavaThread "C2 CompilerThread1" daemon [_thread_blocked, id=1936, stack(0x000000155ed00000,0x000000155ee00000)]
=>0x000001ceb0c44800 JavaThread "C2 CompilerThread0" daemon [_thread_in_native, id=11696, stack(0x000000155ec00000,0x000000155ed00000)]
  0x000001ceb0c42800 JavaThread "Attach Listener" daemon [_thread_blocked, id=7704, stack(0x000000155eb00000,0x000000155ec00000)]
  0x000001ceb0c42000 JavaThread "Signal Dispatcher" daemon [_thread_blocked, id=10092, stack(0x000000155ea00000,0x000000155eb00000)]
  0x000001ceb0c55800 JavaThread "Finalizer" daemon [_thread_blocked, id=5948, stack(0x000000155e900000,0x000000155ea00000)]
  0x000001ceb0c4c800 JavaThread "Reference Handler" daemon [_thread_blocked, id=3660, stack(0x000000155e800000,0x000000155e900000)]

Other Threads:
  0x000001ceb0c35000 VMThread "VM Thread" [stack: 0x000000155e700000,0x000000155e800000] [id=8768]
  0x000001ceb0fa8000 WatcherThread [stack: 0x000000155f200000,0x000000155f300000] [id=4572]
  0x000001ce8d827000 GCTaskThread "GC Thread#0" [stack: 0x000000155dc00000,0x000000155dd00000] [id=11888]
  0x000001ce8d828800 GCTaskThread "GC Thread#1" [stack: 0x000000155dd00000,0x000000155de00000] [id=4064]
  0x000001ce8d82a800 GCTaskThread "GC Thread#2" [stack: 0x000000155de00000,0x000000155df00000] [id=6216]
  0x000001ce8d833800 GCTaskThread "GC Thread#3" [stack: 0x000000155df00000,0x000000155e000000] [id=11012]
  0x000001ce8d8ba000 ConcurrentGCThread "G1 Main Marker" [stack: 0x000000155e500000,0x000000155e600000] [id=11896]
  0x000001ce8d82f800 ConcurrentGCThread "G1 Marker#0" [stack: 0x000000155e600000,0x000000155e700000] [id=2156]
  0x000001ce8d851800 ConcurrentGCThread "G1 Refine#0" [stack: 0x000000155e300000,0x000000155e400000] [id=7620]
  0x000001ce8d845000 ConcurrentGCThread "G1 Refine#1" [stack: 0x000000155e200000,0x000000155e300000] [id=3656]
  0x000001ce8d840000 ConcurrentGCThread "G1 Refine#2" [stack: 0x000000155e100000,0x000000155e200000] [id=11604]
  0x000001ce8d839800 ConcurrentGCThread "G1 Refine#3" [stack: 0x000000155e000000,0x000000155e100000] [id=6396]
  0x000001ce8d854000 ConcurrentGCThread "G1 Young RemSet Sampling" [stack: 0x000000155e400000,0x000000155e500000] [id=992]

Threads with active compile tasks:
C2 CompilerThread0 531       4       jdk.internal.org.objectweb.asm.Frame::execute (2252 bytes)

VM state:not at safepoint (normal execution)

VM Mutex/Monitor currently owned by a thread: None

Heap address: 0x0000000081400000, size: 2028 MB, Compressed Oops mode: 32-bit
Narrow klass base: 0x0000000000000000, Narrow klass shift: 3
Compressed class space size: 1073741824 Address: 0x0000000100000000

Heap:
 garbage-first heap   total 8192K, used 1918K [0x0000000081400000, 0x0000000081500040, 0x0000000100000000)
  region size 1024K, 1 young (1024K), 0 survivors (0K)
 Metaspace       used 12175K, capacity 12806K, committed 13056K, reserved 1067008K
  class space    used 1314K, capacity 1466K, committed 1536K, reserved 1048576K
Heap Regions: E=young(eden), S=young(survivor), O=old, HS=humongous(starts), HC=humongous(continues), CS=collection set, F=free, A=archive, TS=gc time stamp, AC=allocation context, TAMS=top-at-mark-start (previous, next)
|   0|0x0000000081400000, 0x0000000081500000, 0x0000000081500000|100%| O|  |TS  0|AC  0|TAMS 0x0000000081400000, 0x0000000081400000|
|   1|0x0000000081500000, 0x00000000815df990, 0x0000000081600000| 87%| O|  |TS  0|AC  0|TAMS 0x0000000081500000, 0x0000000081500000|
|   2|0x0000000081600000, 0x0000000081600000, 0x0000000081700000|  0%| F|  |TS  0|AC  0|TAMS 0x0000000081600000, 0x0000000081600000|
|   3|0x0000000081700000, 0x0000000081700000, 0x0000000081800000|  0%| F|  |TS  0|AC  0|TAMS 0x0000000081700000, 0x0000000081700000|
|   4|0x0000000081800000, 0x0000000081800000, 0x0000000081900000|  0%| F|  |TS  0|AC  0|TAMS 0x0000000081800000, 0x0000000081800000|
|   5|0x0000000081900000, 0x0000000081900000, 0x0000000081a00000|  0%| F|  |TS  0|AC  0|TAMS 0x0000000081900000, 0x0000000081900000|
|   6|0x0000000081a00000, 0x0000000081a00000, 0x0000000081b00000|  0%| F|  |TS  0|AC  0|TAMS 0x0000000081a00000, 0x0000000081a00000|
|   7|0x0000000081b00000, 0x0000000081b7bf10, 0x0000000081c00000| 48%| E|  |TS  0|AC  0|TAMS 0x0000000081b00000, 0x0000000081b00000|

Card table byte_map: [0x000001cea9630000,0x000001cea9a30000] byte_map_base: 0x000001cea9226000

Marking Bits (Prev, Next): (CMBitMap*) 0x000001ce8d8b9250, (CMBitMap*) 0x000001ce8d8b9288
 Prev Bits: [0x000001cea9e30000, 0x000001ceabde0000)
 Next Bits: [0x000001ceabde0000, 0x000001ceadd90000)

Polling page: 0x000001ce8b720000

CodeHeap 'non-profiled nmethods': size=120064Kb used=248Kb max_used=248Kb free=119815Kb
 bounds [0x000001cea12d0000, 0x000001cea1540000, 0x000001cea8810000]
CodeHeap 'profiled nmethods': size=120000Kb used=1316Kb max_used=1316Kb free=118683Kb
 bounds [0x000001ce99da0000, 0x000001ce9a010000, 0x000001cea12d0000]
CodeHeap 'non-nmethods': size=5696Kb used=1291Kb max_used=1298Kb free=4404Kb
 bounds [0x000001ce99810000, 0x000001ce99a80000, 0x000001ce99da0000]
 total_blobs=1408 nmethods=782 adapters=397
 compilation: enabled

Compilation events (10 events):
Event: 0.631 Thread 0x000001ceb0ca9000 nmethod 643 0x000001ce99eace90 code [0x000001ce99ead040, 0x000001ce99ead250]
Event: 0.632 Thread 0x000001ceb0ca9000  644       3       java.lang.String::lastIndexOf (12 bytes)
Event: 0.632 Thread 0x000001ceb0ca9000 nmethod 644 0x000001ce99ead310 code [0x000001ce99ead500, 0x000001ce99eadaa0]
Event: 0.632 Thread 0x000001ceb0ca9000  645       3       java.lang.String::lastIndexOf (29 bytes)
Event: 0.633 Thread 0x000001ceb0ca9000 nmethod 645 0x000001ce99eadc10 code [0x000001ce99eadde0, 0x000001ce99eae0c0]
Event: 0.634 Thread 0x000001ceb0ca8000 nmethod 638 0x000001cea1301010 code [0x000001cea13011e0, 0x000001cea13016e8]
Event: 0.634 Thread 0x000001ceb0ca8000  642       4       java.util.concurrent.ConcurrentHashMap::tabAt (22 bytes)
Event: 0.634 Thread 0x000001ceb0ca8000 nmethod 642 0x000001cea1301b90 code [0x000001cea1301d20, 0x000001cea1301d78]
Event: 0.634 Thread 0x000001ceb0ca8000  639       4       java.lang.ref.Reference::<init> (25 bytes)
Event: 0.635 Thread 0x000001ceb0ca9000  646   !   3       sun.awt.AppContext::get (123 bytes)

GC Heap History (0 events):
No events

Deoptimization events (1 events):
Event: 0.535 Thread 0x000001ceb1751800 Uncommon trap: reason=null_check action=make_not_entrant pc=0x000001cea12e5bd4 method=java.lang.String.equals(Ljava/lang/Object;)Z @ 8 c2

Classes redefined (0 events):
No events

Internal exceptions (10 events):
Event: 0.374 Thread 0x000001ce8d80f000 Exception <a 'java/io/FileNotFoundException'{0x00000000890a9310}> (0x00000000890a9310) thrown at [t:/workspace/hotspot/src/share/vm/prims/jni.cpp, line 604]
Event: 0.448 Thread 0x000001ceb1753000 Exception <a 'java/lang/NoSuchMethodError'{0x0000000088f4d798}: java.lang.invoke.DirectMethodHandle$Holder.invokeSpecial(Ljava/lang/Object;Ljava/lang/Object;)V> (0x0000000088f4d798) thrown at [t:/workspace/hotspot/src/share/vm/interpreter/linkResolver.cpp
Event: 0.453 Thread 0x000001ce8d80f000 Exception <a 'java/lang/NoSuchMethodError'{0x0000000088f3bb38}: java.lang.invoke.DirectMethodHandle$Holder.invokeStatic(Ljava/lang/Object;Ljava/lang/Object;Ljava/lang/Object;Ljava/lang/Object;Ljava/lang/Object;Ljava/lang/Object;Ljava/lang/Object;Ljava/lan
Event: 0.456 Thread 0x000001ce8d80f000 Exception <a 'java/lang/NoSuchMethodError'{0x0000000088f9dd30}: java.lang.invoke.DirectMethodHandle$Holder.invokeStatic(Ljava/lang/Object;Ljava/lang/Object;Ljava/lang/Object;Ljava/lang/Object;Ljava/lang/Object;Ljava/lang/Object;Ljava/lang/Object;Ljava/lan
Event: 0.535 Thread 0x000001ceb1751800 Implicit null exception at 0x000001cea12e5a55 to 0x000001cea12e5bc5
Event: 0.547 Thread 0x000001ceb1751800 Exception <a 'java/lang/NoSuchMethodError'{0x0000000088d144f8}: method resolution failed> (0x0000000088d144f8) thrown at [t:/workspace/hotspot/src/share/vm/prims/methodHandles.cpp, line 1256]
Event: 0.549 Thread 0x000001ceb1751800 Exception <a 'java/lang/NoSuchMethodError'{0x0000000088d1ba68}: java.lang.invoke.DirectMethodHandle$Holder.invokeStatic(Ljava/lang/Object;ILjava/lang/Object;Ljava/lang/Object;Ljava/lang/Object;)Ljava/lang/Object;> (0x0000000088d1ba68) thrown at [t:/worksp
Event: 0.550 Thread 0x000001ceb1751800 Exception <a 'java/lang/NoSuchMethodError'{0x0000000088d1f760}: method resolution failed> (0x0000000088d1f760) thrown at [t:/workspace/hotspot/src/share/vm/prims/methodHandles.cpp, line 1256]
Event: 0.602 Thread 0x000001ceb1751800 Exception <a 'java/lang/ClassNotFoundException'{0x0000000088ddd028}: com/sun/swing/internal/plaf/metal/resources/spi/metalProvider> (0x0000000088ddd028) thrown at [t:/workspace/hotspot/src/share/vm/classfile/systemDictionary.cpp, line 218]
Event: 0.605 Thread 0x000001ceb1751800 Exception <a 'java/lang/ClassNotFoundException'{0x0000000088de1100}: com/sun/swing/internal/plaf/basic/resources/spi/basicProvider> (0x0000000088de1100) thrown at [t:/workspace/hotspot/src/share/vm/classfile/systemDictionary.cpp, line 218]

Events (10 events):
Event: 0.635 loading class java/awt/event/TextListener done
Event: 0.635 loading class java/awt/event/InputMethodListener
Event: 0.635 loading class java/awt/event/InputMethodListener done
Event: 0.635 loading class java/awt/event/HierarchyListener
Event: 0.635 loading class java/awt/event/HierarchyListener done
Event: 0.635 loading class java/awt/event/HierarchyBoundsListener
Event: 0.635 loading class java/awt/event/HierarchyBoundsListener done
Event: 0.635 loading class java/awt/event/MouseWheelListener
Event: 0.635 loading class java/awt/event/MouseWheelListener done
Event: 0.635 loading class java/awt/AWTEventMulticaster done


Dynamic libraries:
0x00007ff679aa0000 - 0x00007ff679ade000 	C:\Program Files\Java\jdk-9.0.4\bin\javaw.exe
0x00007ffe466f0000 - 0x00007ffe468d0000 	C:\WINDOWS\SYSTEM32\ntdll.dll
0x00007ffe44530000 - 0x00007ffe445de000 	C:\WINDOWS\System32\KERNEL32.DLL
0x00007ffe42d60000 - 0x00007ffe42fc6000 	C:\WINDOWS\System32\KERNELBASE.dll
0x00007ffe44270000 - 0x00007ffe44311000 	C:\WINDOWS\System32\ADVAPI32.dll
0x00007ffe44d40000 - 0x00007ffe44ddd000 	C:\WINDOWS\System32\msvcrt.dll
0x00007ffe44c80000 - 0x00007ffe44cdb000 	C:\WINDOWS\System32\sechost.dll
0x00007ffe445e0000 - 0x00007ffe446ff000 	C:\WINDOWS\System32\RPCRT4.dll
0x00007ffe46220000 - 0x00007ffe463af000 	C:\WINDOWS\System32\USER32.dll
0x00007ffe43b40000 - 0x00007ffe43b60000 	C:\WINDOWS\System32\win32u.dll
0x00007ffe444a0000 - 0x00007ffe444c8000 	C:\WINDOWS\System32\GDI32.dll
0x00007ffe439a0000 - 0x00007ffe43b33000 	C:\WINDOWS\System32\gdi32full.dll
0x00007ffe42cc0000 - 0x00007ffe42d5b000 	C:\WINDOWS\System32\msvcp_win.dll
0x00007ffe438a0000 - 0x00007ffe43996000 	C:\WINDOWS\System32\ucrtbase.dll
0x00007ffe33e50000 - 0x00007ffe340b9000 	C:\WINDOWS\WinSxS\amd64_microsoft.windows.common-controls_6595b64144ccf1df_6.0.16299.431_none_15c7d3ee93659e73\COMCTL32.dll
0x00007ffe37950000 - 0x00007ffe3795a000 	C:\WINDOWS\SYSTEM32\VERSION.dll
0x00007ffe463b0000 - 0x00007ffe466b8000 	C:\WINDOWS\System32\combase.dll
0x00007ffe43080000 - 0x00007ffe430f2000 	C:\WINDOWS\System32\bcryptPrimitives.dll
0x00007ffe447f0000 - 0x00007ffe4481d000 	C:\WINDOWS\System32\IMM32.DLL
0x00007ffe22900000 - 0x00007ffe229ef000 	C:\Program Files\Java\jdk-9.0.4\bin\msvcr120.dll
0x00007ffe22850000 - 0x00007ffe228f6000 	C:\Program Files\Java\jdk-9.0.4\bin\msvcp120.dll
0x0000000050b50000 - 0x0000000051575000 	C:\Program Files\Java\jdk-9.0.4\bin\server\jvm.dll
0x00007ffe443f0000 - 0x00007ffe443f8000 	C:\WINDOWS\System32\PSAPI.DLL
0x00007ffe3cb50000 - 0x00007ffe3cb59000 	C:\WINDOWS\SYSTEM32\WSOCK32.dll
0x00007ffe365a0000 - 0x00007ffe365c3000 	C:\WINDOWS\SYSTEM32\WINMM.dll
0x00007ffe43fe0000 - 0x00007ffe4404c000 	C:\WINDOWS\System32\WS2_32.dll
0x00007ffe364d0000 - 0x00007ffe364fa000 	C:\WINDOWS\SYSTEM32\winmmbase.dll
0x00007ffe43850000 - 0x00007ffe4389a000 	C:\WINDOWS\System32\cfgmgr32.dll
0x00007ffe3ddb0000 - 0x00007ffe3ddbf000 	C:\Program Files\Java\jdk-9.0.4\bin\verify.dll
0x00007ffe3d6a0000 - 0x00007ffe3d6c7000 	C:\Program Files\Java\jdk-9.0.4\bin\java.dll
0x00007ffe3d680000 - 0x00007ffe3d696000 	C:\Program Files\Java\jdk-9.0.4\bin\zip.dll
0x00007ffe3bd00000 - 0x00007ffe3bd0a000 	C:\Program Files\Java\jdk-9.0.4\bin\jimage.dll
0x00007ffe44de0000 - 0x00007ffe46218000 	C:\WINDOWS\System32\SHELL32.dll
0x00007ffe44070000 - 0x00007ffe44116000 	C:\WINDOWS\System32\shcore.dll
0x00007ffe43100000 - 0x00007ffe43847000 	C:\WINDOWS\System32\windows.storage.dll
0x00007ffe44700000 - 0x00007ffe44751000 	C:\WINDOWS\System32\shlwapi.dll
0x00007ffe42ab0000 - 0x00007ffe42ac1000 	C:\WINDOWS\System32\kernel.appcore.dll
0x00007ffe42a60000 - 0x00007ffe42aac000 	C:\WINDOWS\System32\powrprof.dll
0x00007ffe42a40000 - 0x00007ffe42a5b000 	C:\WINDOWS\System32\profapi.dll
0x00007ffe37fd0000 - 0x00007ffe37fea000 	C:\Program Files\Java\jdk-9.0.4\bin\net.dll
0x00007ffe3eba0000 - 0x00007ffe3ec7e000 	C:\WINDOWS\SYSTEM32\WINHTTP.dll
0x00007ffe42270000 - 0x00007ffe422d6000 	C:\WINDOWS\system32\mswsock.dll
0x00007ffe356a0000 - 0x00007ffe356b1000 	C:\Program Files\Java\jdk-9.0.4\bin\nio.dll
0x00007ffe22430000 - 0x00007ffe225c9000 	C:\Program Files\Java\jdk-9.0.4\bin\awt.dll
0x00007ffe44320000 - 0x00007ffe443e5000 	C:\WINDOWS\System32\OLEAUT32.dll
0x00007ffe401a0000 - 0x00007ffe40758000 	C:\WINDOWS\SYSTEM32\d2d1.dll
0x00007ffe42af0000 - 0x00007ffe42cbe000 	C:\WINDOWS\System32\CRYPT32.dll
0x00007ffe42ad0000 - 0x00007ffe42ae2000 	C:\WINDOWS\System32\MSASN1.dll
0x00007ffe40c90000 - 0x00007ffe40d18000 	C:\WINDOWS\SYSTEM32\apphelp.dll
0x00007ffe410c0000 - 0x00007ffe41155000 	C:\WINDOWS\system32\uxtheme.dll
0x00007ffe43bc0000 - 0x00007ffe43d27000 	C:\WINDOWS\System32\MSCTF.dll
0x00007ffe412d0000 - 0x00007ffe412fa000 	C:\WINDOWS\system32\dwmapi.dll
0x00007ffe44120000 - 0x00007ffe44269000 	C:\WINDOWS\System32\ole32.dll
0x00007ffe1cb30000 - 0x00007ffe1cc4e000 	C:\WINDOWS\system32\opengl32.dll
0x00007ffe2cab0000 - 0x00007ffe2cadc000 	C:\WINDOWS\SYSTEM32\GLU32.dll
0x00007ffe3c440000 - 0x00007ffe3c608000 	C:\WINDOWS\SYSTEM32\dbghelp.dll

VM Arguments:
jvm_args: -Dfile.encoding=UTF-8 
java_command: hr.fer.zemris.java.hw11.jnotepadpp.JNotepadPP
java_class_path (initial): C:\Users\Marko\Documents\FAKS\OPJJ\EclipseWorkspaces\zadace\hw11-0036487190\target\classes
Launcher Type: SUN_STANDARD

Logging:
Log output configuration:
#0: stdout all=warning uptime,level,tags
#1: stderr all=off uptime,level,tags

Environment Variables:
JAVA_HOME=C:\Program Files\Java\jdk-9.0.4
PATH=C:/Program Files/Java/jre1.8.0_66/bin/server;C:/Program Files/Java/jre1.8.0_66/bin;C:/Program Files/Java/jre1.8.0_66/lib/amd64;C:\ProgramData\Oracle\Java\javapath;C:\Windows\system32;C:\Windows;C:\Windows\System32\Wbem;C:\Windows\System32\WindowsPowerShell\v1.0\;C:\Program Files (x86)\NVIDIA Corporation\PhysX\Common;C:\Program Files (x86)\GtkSharp\2.12\bin;C:\WINDOWS\system32;C:\WINDOWS;C:\WINDOWS\System32\Wbem;C:\WINDOWS\System32\WindowsPowerShell\v1.0\;C:\Program Files\Git\cmd;C:\Program Files (x86)\Skype\Phone\;C:\Program Files\nodejs\;C:\Program Files\apache-maven-3.5.3\bin;C:\Program Files\Java\jdk-9.0.4\bin;C:\Program Files\dotnet\;C:\Program Files (x86)\Microsoft SQL Server\Client SDK\ODBC\130\Tools\Binn\;C:\Program Files (x86)\Microsoft SQL Server\140\Tools\Binn\;C:\Program Files (x86)\Microsoft SQL Server\140\DTS\Binn\;C:\Program Files (x86)\Microsoft SQL Server\140\Tools\Binn\ManagementStudio\;C:\Program Files\Microsoft SQL Server\130\Tools\Binn\;C:\Users\Marko\AppData\Local\Microsoft\WindowsApps;C:\Users\Marko\AppData\Roaming\npm;C:\MinGW\bin;;C:\Users\Marko\Documents\FAKS\OPJJ\eclipse-jee-oxygen-2-win32-x86_64\eclipse;
USERNAME=Marko
OS=Windows_NT
PROCESSOR_IDENTIFIER=Intel64 Family 6 Model 61 Stepping 4, GenuineIntel



---------------  S Y S T E M  ---------------

OS: Windows 10 , 64 bit Build 16299 (10.0.16299.431)

CPU:total 4 (initial active 4) (2 cores per cpu, 2 threads per core) family 6 model 61 stepping 4, cmov, cx8, fxsr, mmx, sse, sse2, sse3, ssse3, sse4.1, sse4.2, popcnt, clmul, erms, 3dnowpref, lzcnt, ht, tsc, tscinvbit

Memory: 4k page, physical 8306480k(2827888k free), swap 9737008k(129428k free)

vm_info: Java HotSpot(TM) 64-Bit Server VM (9.0.4+11) for windows-amd64 JRE (9.0.4+11), built on Dec 20 2017 02:18:54 by "mach5one" with MS VC++ 12.0 (VS2013)

END.
