JvmtiExport can_access_local_variables 0
JvmtiExport can_hotswap_or_post_breakpoint 0
JvmtiExport can_post_on_exceptions 0
# 252 ciObject found
ciMethod java/lang/Object <init> ()V 4097 1 180914 0 0
ciMethod java/lang/String <init> ([CII)V 2577 1 9521 0 0
ciMethod java/lang/String equals (Ljava/lang/Object;)Z 2169 11161 3395 0 -1
ciMethod java/lang/String toCharArray ()[C 3073 1 5045 0 -1
ciMethod java/lang/System arraycopy (Ljava/lang/Object;ILjava/lang/Object;II)V 5121 1 640 0 -1
ciMethod java/lang/StringBuilder <init> ()V 513 1 6402 0 -1
ciMethod java/lang/StringBuilder append (Ljava/lang/String;)Ljava/lang/StringBuilder; 873 1 13387 0 -1
ciMethod java/lang/StringBuilder append (I)Ljava/lang/StringBuilder; 0 0 198 0 -1
ciMethod java/lang/StringBuilder toString ()Ljava/lang/String; 513 1 6865 0 -1
ciMethod java/lang/Character valueOf (C)Ljava/lang/Character; 105 1 13 0 -1
ciMethod java/lang/Float intBitsToFloat (I)F 0 0 1 0 -1
ciMethod java/lang/Double longBitsToDouble (J)D 25 1 3 0 -1
ciMethod java/lang/Byte valueOf (B)Ljava/lang/Byte; 457 1 57 0 -1
ciMethod java/lang/Short valueOf (S)Ljava/lang/Short; 9 1 1 0 -1
ciMethod java/lang/Math max (II)I 209 1 17264 0 -1
ciMethod java/lang/Math min (II)I 3849 1 20392 0 -1
ciMethod java/util/Arrays copyOfRange ([CII)[C 2577 1 5455 0 512
ciMethodData java/lang/Object <init> ()V 2 180914 orig 264 136 160 255 101 0 0 0 0 128 4 105 20 0 0 0 0 32 1 0 0 0 0 0 0 0 0 0 0 0 0 0 0 0 0 0 0 0 0 0 0 0 0 0 0 0 0 0 0 0 0 0 0 0 0 0 0 0 0 0 0 0 0 0 0 0 0 0 0 0 0 0 0 0 0 0 0 0 0 0 0 77 68 79 32 101 120 116 114 97 32 100 97 116 97 32 108 111 99 107 0 0 0 0 0 0 0 0 0 0 0 0 0 0 0 0 0 0 0 0 0 0 0 0 0 0 0 0 0 0 0 0 0 0 0 0 0 0 0 0 0 0 0 0 0 0 0 0 0 0 0 0 0 0 0 0 0 0 0 0 0 0 0 0 0 0 0 0 0 0 0 0 0 0 0 0 0 0 0 0 0 0 0 0 0 1 0 0 0 0 0 0 0 1 0 0 0 0 0 0 0 1 0 0 0 0 0 0 0 0 0 0 0 0 0 0 0 0 2 0 0 145 5 22 0 1 0 0 0 0 0 0 0 0 0 0 0 2 0 0 0 0 0 3 0 1 0 0 0 0 0 0 0 255 255 255 255 0 0 0 0 0 0 0 0 data 0 oops 0
ciMethod java/lang/IllegalArgumentException <init> (Ljava/lang/String;)V 0 0 1 0 -1
ciMethodData java/lang/String <init> ([CII)V 2 9521 orig 264 136 160 255 101 0 0 0 0 88 49 105 20 0 0 0 0 80 2 0 0 64 0 0 0 0 0 0 0 0 0 0 0 0 0 0 0 0 0 0 0 0 0 0 0 0 0 0 0 0 0 0 0 0 0 0 0 0 0 0 0 0 0 0 0 0 0 0 0 0 0 0 0 0 0 0 0 0 0 0 0 77 68 79 32 101 120 116 114 97 32 100 97 116 97 32 108 111 99 107 0 0 0 0 0 0 0 0 0 0 0 0 0 0 0 0 0 0 0 0 0 0 0 0 0 0 0 0 0 0 0 0 0 0 0 0 0 0 0 0 0 0 0 0 0 1 0 0 0 0 0 0 0 0 0 0 0 0 0 0 0 0 0 0 0 0 0 0 0 0 0 0 0 0 0 0 0 0 0 0 1 0 0 0 0 0 0 0 0 0 0 0 0 0 0 0 0 0 0 0 0 0 0 0 0 0 0 0 0 0 0 0 0 0 0 0 0 66 1 0 0 121 31 1 0 1 0 0 0 40 20 0 0 0 0 0 0 2 0 0 0 0 0 14 0 2 0 0 0 240 0 0 0 255 255 255 255 2 0 1 0 0 0 0 0 data 30 0x10002 0x23ef 0x50007 0x23ef 0x30 0x0 0xd0002 0x0 0x12e007 0x23ef 0x70 0x1 0x160007 0x1 0x30 0x0 0x1e0002 0x0 0x250007 0x0 0x20 0x1 0x370007 0x23ef 0x30 0x0 0x410002 0x0 0x4b0002 0x23ef oops 0
ciMethodData java/util/Arrays copyOfRange ([CII)[C 2 5455 orig 264 136 160 255 101 0 0 0 0 48 70 122 20 0 0 0 0 120 2 0 0 240 0 0 0 0 0 0 0 0 0 0 0 0 0 0 0 0 0 0 0 0 0 0 0 0 0 0 0 0 0 0 0 0 0 0 0 0 0 0 0 0 0 0 0 0 0 0 0 0 0 0 0 0 0 0 0 0 0 0 0 77 68 79 32 101 120 116 114 97 32 100 97 116 97 32 108 111 99 107 0 0 0 0 0 0 0 0 0 0 0 0 0 0 0 0 0 0 0 0 0 0 0 0 0 0 0 0 0 0 0 0 0 0 0 0 0 0 0 0 0 0 0 0 0 0 0 0 0 0 0 0 0 0 0 0 0 0 0 0 0 0 0 0 0 0 0 0 0 0 0 0 0 0 0 0 0 0 0 0 0 0 0 0 0 0 0 0 0 0 0 0 0 0 0 0 0 0 0 0 0 0 0 0 0 0 0 0 0 0 0 0 0 0 0 0 0 66 1 0 0 105 160 0 0 1 0 0 0 0 0 0 0 0 0 0 0 2 0 0 0 0 0 9 0 2 0 0 0 32 1 0 0 255 255 255 255 7 0 5 0 0 0 0 0 data 36 0x50007 0x140d 0x100 0x0 0x100002 0x0 0x140005 0x0 0x0 0x0 0x0 0x0 0x190005 0x0 0x0 0x0 0x0 0x0 0x1d0005 0x0 0x0 0x0 0x0 0x0 0x200005 0x0 0x0 0x0 0x0 0x0 0x230002 0x0 0x360002 0x140d 0x390002 0x140d oops 0
ciMethodData java/lang/String toCharArray ()[C 2 5045 orig 264 136 160 255 101 0 0 0 0 152 110 105 20 0 0 0 0 88 1 0 0 0 0 0 0 0 0 0 0 0 0 0 0 0 0 0 0 0 0 0 0 0 0 0 0 0 0 0 0 0 0 0 0 0 0 0 0 0 0 0 0 0 0 0 0 0 0 0 0 0 0 0 0 0 0 0 0 0 0 0 0 77 68 79 32 101 120 116 114 97 32 100 97 116 97 32 108 111 99 107 0 0 0 0 0 0 0 0 0 0 0 0 0 0 0 0 0 0 0 0 0 0 0 0 0 0 0 0 0 0 0 0 0 0 0 0 0 0 0 0 0 0 0 0 0 0 0 0 0 0 0 0 0 0 0 0 0 0 0 0 0 0 0 0 0 0 0 0 0 0 0 0 0 0 0 0 0 0 0 0 0 0 0 0 0 29 0 0 0 0 0 0 0 0 0 0 0 0 0 0 0 1 0 0 0 0 0 0 0 0 0 0 0 0 0 0 0 128 1 0 0 169 145 0 0 1 0 0 0 0 0 0 0 0 0 0 0 2 0 0 0 0 0 3 0 2 0 0 0 16 0 0 0 255 255 255 255 2 0 20 0 0 0 0 0 data 2 0x140002 0x1235 oops 0
ciMethod org/objectweb/asm/ClassVisitor visitMethod (ILjava/lang/String;Ljava/lang/String;Ljava/lang/String;[Ljava/lang/String;)Lorg/objectweb/asm/MethodVisitor; 2761 1 19309 0 -1
ciMethod org/objectweb/asm/ClassReader readMethod (Lorg/objectweb/asm/ClassVisitor;Lorg/objectweb/asm/Context;I)I 4097 4521 8188 0 -1
ciMethod org/objectweb/asm/ClassReader readCode (Lorg/objectweb/asm/MethodVisitor;Lorg/objectweb/asm/Context;I)V 1265 44761 7610 0 -1
ciMethod org/objectweb/asm/ClassReader readTypeAnnotations (Lorg/objectweb/asm/MethodVisitor;Lorg/objectweb/asm/Context;IZ)[I 0 0 1 0 -1
ciMethod org/objectweb/asm/ClassReader readAnnotationTarget (Lorg/objectweb/asm/Context;I)I 0 0 1 0 -1
ciMethod org/objectweb/asm/ClassReader readParameterAnnotations (Lorg/objectweb/asm/MethodVisitor;Lorg/objectweb/asm/Context;IZ)V 97 225 1274 0 0
ciMethod org/objectweb/asm/ClassReader readAnnotationValues (I[CZLorg/objectweb/asm/AnnotationVisitor;)I 433 417 4334 0 0
ciMethod org/objectweb/asm/ClassReader readAnnotationValue (I[CLjava/lang/String;Lorg/objectweb/asm/AnnotationVisitor;)I 705 1 1119 0 -1
ciMethod org/objectweb/asm/ClassReader getImplicitFrame (Lorg/objectweb/asm/Context;)V 0 0 1 0 -1
ciMethod org/objectweb/asm/ClassReader readFrame (IZZLorg/objectweb/asm/Context;)I 641 521 6495 0 -1
ciMethod org/objectweb/asm/ClassReader createLabel (I[Lorg/objectweb/asm/Label;)Lorg/objectweb/asm/Label; 3153 1 33187 0 -1
ciMethod org/objectweb/asm/ClassReader createDebugLabel (I[Lorg/objectweb/asm/Label;)V 4097 1 42446 0 -1
ciMethod org/objectweb/asm/ClassReader readAttribute ([Lorg/objectweb/asm/Attribute;Ljava/lang/String;II[CI[Lorg/objectweb/asm/Label;)Lorg/objectweb/asm/Attribute; 0 0 1 0 -1
ciMethod org/objectweb/asm/ClassReader readByte (I)I 0 0 1 0 -1
ciMethod org/objectweb/asm/ClassReader readUnsignedShort (I)I 2185 1 410472 0 160
ciMethod org/objectweb/asm/ClassReader readShort (I)S 2881 1 30074 0 -1
ciMethod org/objectweb/asm/ClassReader readInt (I)I 2113 1 1349 0 192
ciMethod org/objectweb/asm/ClassReader readLong (I)J 0 0 359 0 -1
ciMethod org/objectweb/asm/ClassReader readUTF8 (I[C)Ljava/lang/String; 2145 1 28950 0 1952
ciMethod org/objectweb/asm/ClassReader readUTF (II[C)Ljava/lang/String; 881 19697 1167 0 1280
ciMethod org/objectweb/asm/ClassReader readStringish (I[C)Ljava/lang/String; 2081 1 61991 0 0
ciMethod org/objectweb/asm/ClassReader readClass (I[C)Ljava/lang/String; 2049 1 61991 0 256
ciMethod org/objectweb/asm/ClassReader readConst (I[C)Ljava/lang/Object; 457 1 7602 0 -1
ciMethod org/objectweb/asm/ClassWriter newUTF8 (Ljava/lang/String;)I 2057 1 25183 0 2944
ciMethod org/objectweb/asm/ClassWriter get (Lorg/objectweb/asm/Item;)Lorg/objectweb/asm/Item; 2057 17 5649 0 -1
ciMethod org/objectweb/asm/ClassWriter put (Lorg/objectweb/asm/Item;)V 1505 1 6764 0 -1
ciMethod org/objectweb/asm/AnnotationVisitor <init> (I)V 3065 1 2251 0 0
ciMethod org/objectweb/asm/AnnotationVisitor <init> (ILorg/objectweb/asm/AnnotationVisitor;)V 3065 1 2251 0 0
ciMethod org/objectweb/asm/AnnotationVisitor visit (Ljava/lang/String;Ljava/lang/Object;)V 0 0 1 0 -1
ciMethod org/objectweb/asm/AnnotationVisitor visitEnum (Ljava/lang/String;Ljava/lang/String;Ljava/lang/String;)V 0 0 1 0 -1
ciMethod org/objectweb/asm/AnnotationVisitor visitAnnotation (Ljava/lang/String;Ljava/lang/String;)Lorg/objectweb/asm/AnnotationVisitor; 0 0 1 0 -1
ciMethod org/objectweb/asm/AnnotationVisitor visitArray (Ljava/lang/String;)Lorg/objectweb/asm/AnnotationVisitor; 0 0 1 0 -1
ciMethod org/objectweb/asm/AnnotationVisitor visitEnd ()V 0 0 1 0 -1
ciMethod org/objectweb/asm/AnnotationWriter <init> (Lorg/objectweb/asm/ClassWriter;ZLorg/objectweb/asm/ByteVector;Lorg/objectweb/asm/ByteVector;I)V 3073 1 2251 0 0
ciMethod org/objectweb/asm/AnnotationWriter visitEnd ()V 2049 1 4313 0 0
ciMethod org/objectweb/asm/MethodVisitor visitParameter (Ljava/lang/String;I)V 0 0 1 0 -1
ciMethod org/objectweb/asm/MethodVisitor visitAnnotationDefault ()Lorg/objectweb/asm/AnnotationVisitor; 121 1 15 0 -1
ciMethod org/objectweb/asm/MethodVisitor visitAnnotation (Ljava/lang/String;Z)Lorg/objectweb/asm/AnnotationVisitor; 3081 1 2184 0 0
ciMethod org/objectweb/asm/MethodVisitor visitTypeAnnotation (ILorg/objectweb/asm/TypePath;Ljava/lang/String;Z)Lorg/objectweb/asm/AnnotationVisitor; 0 0 1 0 -1
ciMethod org/objectweb/asm/MethodVisitor visitParameterAnnotation (ILjava/lang/String;Z)Lorg/objectweb/asm/AnnotationVisitor; 4097 1 3168 0 0
ciMethod org/objectweb/asm/MethodVisitor visitAttribute (Lorg/objectweb/asm/Attribute;)V 0 0 1 0 -1
ciMethod org/objectweb/asm/MethodVisitor visitCode ()V 4097 1 8433 0 96
ciMethod org/objectweb/asm/MethodVisitor visitFrame (II[Ljava/lang/Object;I[Ljava/lang/Object;)V 4097 1 10024 0 -1
ciMethod org/objectweb/asm/MethodVisitor visitInsn (I)V 3169 1 5559 0 -1
ciMethod org/objectweb/asm/MethodVisitor visitIntInsn (II)V 4097 1 6249 0 -1
ciMethod org/objectweb/asm/MethodVisitor visitVarInsn (II)V 2481 1 17698 0 -1
ciMethod org/objectweb/asm/MethodVisitor visitTypeInsn (ILjava/lang/String;)V 4097 1 7638 0 -1
ciMethod org/objectweb/asm/MethodVisitor visitFieldInsn (ILjava/lang/String;Ljava/lang/String;Ljava/lang/String;)V 4097 1 5875 0 -1
ciMethod org/objectweb/asm/MethodVisitor visitMethodInsn (ILjava/lang/String;Ljava/lang/String;Ljava/lang/String;Z)V 3265 1 6176 0 -1
ciMethod org/objectweb/asm/MethodVisitor visitInvokeDynamicInsn (Ljava/lang/String;Ljava/lang/String;Lorg/objectweb/asm/Handle;[Ljava/lang/Object;)V 0 0 1 0 -1
ciMethod org/objectweb/asm/MethodVisitor visitJumpInsn (ILorg/objectweb/asm/Label;)V 4097 1 9468 0 -1
ciMethod org/objectweb/asm/MethodVisitor visitLabel (Lorg/objectweb/asm/Label;)V 3177 1 5576 0 -1
ciMethod org/objectweb/asm/MethodVisitor visitLdcInsn (Ljava/lang/Object;)V 3049 1 7557 0 -1
ciMethod org/objectweb/asm/MethodVisitor visitIincInsn (II)V 2113 1 963 0 -1
ciMethod org/objectweb/asm/MethodVisitor visitTableSwitchInsn (IILorg/objectweb/asm/Label;[Lorg/objectweb/asm/Label;)V 1537 1 192 0 -1
ciMethod org/objectweb/asm/MethodVisitor visitLookupSwitchInsn (Lorg/objectweb/asm/Label;[I[Lorg/objectweb/asm/Label;)V 985 1 123 0 -1
ciMethod org/objectweb/asm/MethodVisitor visitMultiANewArrayInsn (Ljava/lang/String;I)V 0 0 1 0 -1
ciMethod org/objectweb/asm/MethodVisitor visitInsnAnnotation (ILorg/objectweb/asm/TypePath;Ljava/lang/String;Z)Lorg/objectweb/asm/AnnotationVisitor; 0 0 1 0 -1
ciMethod org/objectweb/asm/MethodVisitor visitTryCatchBlock (Lorg/objectweb/asm/Label;Lorg/objectweb/asm/Label;Lorg/objectweb/asm/Label;Ljava/lang/String;)V 3465 1 1449 0 -1
ciMethod org/objectweb/asm/MethodVisitor visitLocalVariable (Ljava/lang/String;Ljava/lang/String;Ljava/lang/String;Lorg/objectweb/asm/Label;Lorg/objectweb/asm/Label;I)V 4097 1 7480 0 -1
ciMethod org/objectweb/asm/MethodVisitor visitLocalVariableAnnotation (ILorg/objectweb/asm/TypePath;[Lorg/objectweb/asm/Label;[Lorg/objectweb/asm/Label;[ILjava/lang/String;Z)Lorg/objectweb/asm/AnnotationVisitor; 0 0 1 0 -1
ciMethod org/objectweb/asm/MethodVisitor visitLineNumber (ILorg/objectweb/asm/Label;)V 4097 1 6338 0 -1
ciMethod org/objectweb/asm/MethodVisitor visitMaxs (II)V 4097 1 10002 0 -1
ciMethod org/objectweb/asm/MethodVisitor visitEnd ()V 2193 1 7641 0 96
ciMethod org/objectweb/asm/MethodWriter visitAnnotation (Ljava/lang/String;Z)Lorg/objectweb/asm/AnnotationVisitor; 2057 1 728 0 0
ciMethod org/objectweb/asm/MethodWriter visitParameterAnnotation (ILjava/lang/String;Z)Lorg/objectweb/asm/AnnotationVisitor; 2057 1 1056 0 0
ciMethod org/objectweb/asm/ByteVector <init> ()V 4097 1 14795 0 0
ciMethod org/objectweb/asm/ByteVector putByte (I)Lorg/objectweb/asm/ByteVector; 1409 1 5616 0 -1
ciMethod org/objectweb/asm/ByteVector putShort (I)Lorg/objectweb/asm/ByteVector; 2529 1 5927 0 288
ciMethod org/objectweb/asm/ByteVector putUTF8 (Ljava/lang/String;)Lorg/objectweb/asm/ByteVector; 1121 25233 1213 0 -1
ciMethod org/objectweb/asm/ByteVector enlarge (I)V 129 1 4203 0 -1
ciMethod org/objectweb/asm/Item <init> (ILorg/objectweb/asm/Item;)V 1505 1 5331 0 -1
ciMethod org/objectweb/asm/Item set (ILjava/lang/String;Ljava/lang/String;Ljava/lang/String;)V 2057 1 5612 0 -1
ciMethod org/objectweb/asm/Attribute read (Lorg/objectweb/asm/ClassReader;II[CI[Lorg/objectweb/asm/Label;)Lorg/objectweb/asm/Attribute; 0 0 1 0 -1
ciMethod org/objectweb/asm/Label <init> ()V 2457 1 46238 0 -1
ciMethod org/objectweb/asm/Type getType (Ljava/lang/String;)Lorg/objectweb/asm/Type; 0 0 1 0 -1
ciMethod org/objectweb/asm/Type getArgumentTypes (Ljava/lang/String;)[Lorg/objectweb/asm/Type; 193 8305 1086 0 2400
ciMethod org/objectweb/asm/Type getType ([CI)Lorg/objectweb/asm/Type; 169 4321 1604 0 -1
ciMethodData org/objectweb/asm/ClassReader readUnsignedShort (I)I 2 410472 orig 264 136 160 255 101 0 0 0 0 128 235 195 20 0 0 0 0 40 1 0 0 0 0 0 0 0 0 0 0 0 0 0 0 0 0 0 0 0 0 0 0 0 0 0 0 0 0 0 0 0 0 0 0 0 0 0 0 0 0 0 0 0 0 0 0 0 0 0 0 0 0 0 0 0 0 0 0 0 0 0 0 77 68 79 32 101 120 116 114 97 32 100 97 116 97 32 108 111 99 107 0 0 0 0 0 0 0 0 0 0 0 0 0 0 0 0 0 0 0 0 0 0 0 0 0 0 0 0 0 0 0 0 0 0 0 0 0 0 0 0 0 0 0 0 0 0 0 0 0 0 0 0 0 0 0 0 0 0 0 0 0 0 0 0 0 0 0 0 0 0 0 0 0 0 0 0 0 0 0 0 0 0 0 0 0 1 0 0 0 0 0 0 0 0 0 0 0 0 0 0 0 1 0 0 0 0 0 0 0 0 0 0 0 0 0 0 0 17 1 0 0 185 18 50 0 1 0 0 0 0 0 0 0 0 0 0 0 2 0 0 0 0 0 3 0 1 0 0 0 0 0 0 0 255 255 255 255 0 0 0 0 0 0 0 0 data 0 oops 0
ciMethodData org/objectweb/asm/ClassReader readUTF8 (I[C)Ljava/lang/String; 2 28950 orig 264 136 160 255 101 0 0 0 0 40 239 195 20 0 0 0 0 88 2 0 0 192 0 0 0 0 0 0 0 0 0 0 0 0 0 0 0 0 0 0 0 0 0 0 0 0 0 0 0 0 0 0 0 0 0 0 0 0 0 0 0 0 0 0 0 0 0 0 0 0 0 0 0 0 0 0 0 0 0 0 0 77 68 79 32 101 120 116 114 97 32 100 97 116 97 32 108 111 99 107 0 0 0 0 0 0 0 0 0 0 0 0 0 0 0 0 0 0 0 0 0 0 0 0 0 0 0 0 0 0 0 0 0 0 0 0 0 0 0 0 0 0 0 0 0 1 0 0 0 0 0 0 0 0 0 0 0 0 0 0 0 0 0 0 0 0 0 0 0 0 0 0 0 0 0 0 0 0 0 0 0 0 0 0 0 0 0 0 0 0 0 0 0 0 0 0 0 0 0 0 0 0 0 0 0 0 0 0 0 0 0 0 0 0 0 0 0 12 1 0 0 81 128 3 0 1 0 0 0 93 31 0 0 0 0 0 0 2 0 0 0 0 0 10 0 2 0 0 0 0 1 0 0 255 255 255 255 5 0 2 0 0 0 0 0 data 32 0x20005 0x0 0x18e8ee10 0x700a 0x0 0x0 0x70007 0x5a 0x40 0x6fb0 0xb0007 0x6f9e 0x20 0x12 0x1a0007 0x1251 0x20 0x5d4d 0x320005 0x0 0x18e8ee10 0x1251 0x0 0x0 0x360002 0x1251 0x3a0004 0x0 0x4c3c320 0x1252 0x0 0x0 oops 3