#
# There is insufficient memory for the Java Runtime Environment to continue.
# Native memory allocation (malloc) failed to allocate 610576 bytes for Chunk::new
# Possible reasons:
#   The system is out of physical RAM or swap space
#   The process is running with CompressedOops enabled, and the Java Heap may be blocking the growth of the native heap
# Possible solutions:
#   Reduce memory load on the system
#   Increase physical memory or swap space
#   Check if swap backing store is full
#   Decrease Java heap size (-Xmx/-Xms)
#   Decrease number of Java threads
#   Decrease Java thread stack sizes (-Xss)
#   Set larger code cache with -XX:ReservedCodeCacheSize=
#   JVM is running with Unscaled Compressed Oops mode in which the Java heap is
#     placed in the first 4GB address space. The Java Heap base address is the
#     maximum limit for the native heap growth. Please use -XX:HeapBaseMinAddress
#     to set the Java Heap base and to place the Java Heap above 4GB virtual address.
# This output file may be truncated or incomplete.
#
#  Out of Memory Error (t:/workspace/hotspot/src/share/vm/memory/allocation.cpp:372), pid=7660, tid=13304
#
# JRE version: Java(TM) SE Runtime Environment (9.0+11) (build 9.0.4+11)
# Java VM: Java HotSpot(TM) 64-Bit Server VM (9.0.4+11, mixed mode, tiered, compressed oops, g1 gc, windows-amd64)
# No core dump will be written. Minidumps are not enabled by default on client versions of Windows
#

---------------  S U M M A R Y ------------

Command Line: -Xdebug -Xnoagent -Djava.compiler=NONE -Xrunjdwp:transport=dt_socket,address=8000,server=y,suspend=n -Dclassworlds.conf=C:\Program Files\apache-maven-3.5.3\bin\..\bin\m2.conf -Dmaven.home=C:\Program Files\apache-maven-3.5.3\bin\.. -Dlibrary.jansi.path=C:\Program Files\apache-maven-3.5.3\bin\..\lib\jansi-native -Dmaven.multiModuleProjectDirectory=C:\Users\Marko\Documents\FAKS\OPJJ\EclipseWorkspaces\zadace\hw17-0036487190 org.codehaus.plexus.classworlds.launcher.Launcher jetty:run

Host: Intel(R) Pentium(R) CPU 3825U @ 1.90GHz, 4 cores, 7G,  Windows 10 , 64 bit Build 16299 (10.0.16299.431)
Time: Wed Jul 04 15:37:28 2018 Srednja Europa - ljet. vrij. elapsed time: 12 seconds (0d 0h 0m 12s)

---------------  T H R E A D  ---------------

Current thread (0x000001ce629a2800):  JavaThread "C2 CompilerThread0" daemon [_thread_in_native, id=13304, stack(0x000000c479800000,0x000000c479900000)]


Current CompileTask:
C2:  12623 4414       4       java.io.WinNTFileSystem::normalize (224 bytes)

Stack: [0x000000c479800000,0x000000c479900000]
Native frames: (J=compiled Java code, j=interpreted, Vv=VM code, C=native code)
V  [jvm.dll+0x587068]
V  [jvm.dll+0x69c25e]
V  [jvm.dll+0x69d17a]
V  [jvm.dll+0x69d7b3]
V  [jvm.dll+0x21d198]
V  [jvm.dll+0xa7aac]
V  [jvm.dll+0xa83ec]
V  [jvm.dll+0x320ef5]
V  [jvm.dll+0x17b6ac]
V  [jvm.dll+0x1e9bed]
V  [jvm.dll+0x1e8d86]
V  [jvm.dll+0x1691cb]
V  [jvm.dll+0x1f6570]
V  [jvm.dll+0x1f51f6]
V  [jvm.dll+0x66b44f]
V  [jvm.dll+0x586490]
C  [msvcr120.dll+0x24f7f]
C  [msvcr120.dll+0x25126]
C  [KERNEL32.DLL+0x11fe4]
C  [ntdll.dll+0x6cb31]


---------------  P R O C E S S  ---------------

Java Threads: ( => current thread )
  0x000001ce6601e000 JavaThread "qtp1614238-24" [_thread_blocked, id=4716, stack(0x000000c47a800000,0x000000c47a900000)]
  0x000001ce6601d000 JavaThread "qtp1614238-23" [_thread_blocked, id=6196, stack(0x000000c47a700000,0x000000c47a800000)]
  0x000001ce64b94000 JavaThread "qtp1614238-22" [_thread_blocked, id=2752, stack(0x000000c47a600000,0x000000c47a700000)]
  0x000001ce64094000 JavaThread "qtp1614238-21" [_thread_blocked, id=5908, stack(0x000000c47a500000,0x000000c47a600000)]
  0x000001ce6558b000 JavaThread "qtp1614238-20" [_thread_blocked, id=7956, stack(0x000000c47a400000,0x000000c47a500000)]
  0x000001ce6558a000 JavaThread "qtp1614238-19" [_thread_blocked, id=5992, stack(0x000000c47a300000,0x000000c47a400000)]
  0x000001ce65589800 JavaThread "qtp1614238-18" [_thread_blocked, id=10004, stack(0x000000c47a200000,0x000000c47a300000)]
  0x000001ce66ec3000 JavaThread "qtp1614238-17" [_thread_blocked, id=10996, stack(0x000000c47a100000,0x000000c47a200000)]
  0x000001ce62cc0800 JavaThread "Service Thread" daemon [_thread_blocked, id=5064, stack(0x000000c479f00000,0x000000c47a000000)]
  0x000001ce62cb4800 JavaThread "JDWP Event Helper Thread" daemon [_thread_blocked, id=12736, stack(0x000000c479e00000,0x000000c479f00000)]
  0x000001ce62cb2800 JavaThread "JDWP Transport Listener: dt_socket" daemon [_thread_in_native, id=8392, stack(0x000000c479d00000,0x000000c479e00000)]
  0x000001ce62b88800 JavaThread "Common-Cleaner" daemon [_thread_blocked, id=12512, stack(0x000000c479c00000,0x000000c479d00000)]
  0x000001ce629b4000 JavaThread "Sweeper thread" daemon [_thread_blocked, id=4592, stack(0x000000c479b00000,0x000000c479c00000)]
  0x000001ce629b3000 JavaThread "C1 CompilerThread2" daemon [_thread_blocked, id=12632, stack(0x000000c479a00000,0x000000c479b00000)]
  0x000001ce629a9000 JavaThread "C2 CompilerThread1" daemon [_thread_in_native, id=10764, stack(0x000000c479900000,0x000000c479a00000)]
=>0x000001ce629a2800 JavaThread "C2 CompilerThread0" daemon [_thread_in_native, id=13304, stack(0x000000c479800000,0x000000c479900000)]
  0x000001ce629a0800 JavaThread "Attach Listener" daemon [_thread_blocked, id=2120, stack(0x000000c479700000,0x000000c479800000)]
  0x000001ce6299d800 JavaThread "Signal Dispatcher" daemon [_thread_blocked, id=5240, stack(0x000000c479600000,0x000000c479700000)]
  0x000001ce62949000 JavaThread "Finalizer" daemon [_thread_blocked, id=3560, stack(0x000000c479500000,0x000000c479600000)]
  0x000001ce62940000 JavaThread "Reference Handler" daemon [_thread_blocked, id=7608, stack(0x000000c479400000,0x000000c479500000)]
  0x000001ce3f552000 JavaThread "main" [_thread_in_vm, id=1560, stack(0x000000c478700000,0x000000c478800000)]

Other Threads:
  0x000001ce6293b800 VMThread "VM Thread" [stack: 0x000000c479300000,0x000000c479400000] [id=5236]
  0x000001ce62cc5800 WatcherThread [stack: 0x000000c47a000000,0x000000c47a100000] [id=3028]
  0x000001ce3f569000 GCTaskThread "GC Thread#0" [stack: 0x000000c478800000,0x000000c478900000] [id=12824]
  0x000001ce3f56b800 GCTaskThread "GC Thread#1" [stack: 0x000000c478900000,0x000000c478a00000] [id=11644]
  0x000001ce3f56d000 GCTaskThread "GC Thread#2" [stack: 0x000000c478a00000,0x000000c478b00000] [id=7936]
  0x000001ce3f571000 GCTaskThread "GC Thread#3" [stack: 0x000000c478b00000,0x000000c478c00000] [id=9104]
  0x000001ce3f5ef800 ConcurrentGCThread "G1 Main Marker" [stack: 0x000000c479100000,0x000000c479200000] [id=1584]
  0x000001ce3f5f0800 ConcurrentGCThread "G1 Marker#0" [stack: 0x000000c479200000,0x000000c479300000] [id=10712]
  0x000001ce3f581800 ConcurrentGCThread "G1 Refine#0" [stack: 0x000000c478f00000,0x000000c479000000] [id=9384]
  0x000001ce3f580000 ConcurrentGCThread "G1 Refine#1" [stack: 0x000000c478e00000,0x000000c478f00000] [id=308]
  0x000001ce3f57e800 ConcurrentGCThread "G1 Refine#2" [stack: 0x000000c478d00000,0x000000c478e00000] [id=8340]
  0x000001ce3f577800 ConcurrentGCThread "G1 Refine#3" [stack: 0x000000c478c00000,0x000000c478d00000] [id=8008]
  0x000001ce3f583000 ConcurrentGCThread "G1 Young RemSet Sampling" [stack: 0x000000c479000000,0x000000c479100000] [id=5228]

Threads with active compile tasks:
C2 CompilerThread14473       4       java.lang.invoke.LambdaForm$Name::replaceNames (174 bytes)
C2 CompilerThread04414       4       java.io.WinNTFileSystem::normalize (224 bytes)

VM state:not at safepoint (normal execution)

VM Mutex/Monitor currently owned by a thread: None

Heap address: 0x0000000081400000, size: 2028 MB, Compressed Oops mode: 32-bit
Narrow klass base: 0x0000000000000000, Narrow klass shift: 3
Compressed class space size: 1073741824 Address: 0x0000000100000000

Heap:
 garbage-first heap   total 157696K, used 65653K [0x0000000081400000, 0x00000000815004d0, 0x0000000100000000)
  region size 1024K, 56 young (57344K), 5 survivors (5120K)
 Metaspace       used 27531K, capacity 28632K, committed 28848K, reserved 1079296K
  class space    used 2910K, capacity 3159K, committed 3248K, reserved 1048576K
Heap Regions: E=young(eden), S=young(survivor), O=old, HS=humongous(starts), HC=humongous(continues), CS=collection set, F=free, A=archive, TS=gc time stamp, AC=allocation context, TAMS=top-at-mark-start (previous, next)
|   0|0x0000000081400000, 0x0000000081500000, 0x0000000081500000|100%| O|  |TS  0|AC  0|TAMS 0x0000000081500000, 0x0000000081500000|
|   1|0x0000000081500000, 0x0000000081600000, 0x0000000081600000|100%| O|  |TS  0|AC  0|TAMS 0x0000000081600000, 0x0000000081600000|
|   2|0x0000000081600000, 0x0000000081700000, 0x0000000081700000|100%| O|  |TS  0|AC  0|TAMS 0x0000000081700000, 0x0000000081700000|
|   3|0x0000000081700000, 0x0000000081800000, 0x0000000081800000|100%| O|  |TS  0|AC  0|TAMS 0x0000000081800000, 0x0000000081800000|
|   4|0x0000000081800000, 0x0000000081900000, 0x0000000081900000|100%| O|  |TS  0|AC  0|TAMS 0x0000000081900000, 0x0000000081900000|
|   5|0x0000000081900000, 0x0000000081a00000, 0x0000000081a00000|100%| O|  |TS  0|AC  0|TAMS 0x0000000081a00000, 0x0000000081a00000|
|   6|0x0000000081a00000, 0x0000000081b00000, 0x0000000081b00000|100%| O|  |TS  0|AC  0|TAMS 0x0000000081b00000, 0x0000000081b00000|
|   7|0x0000000081b00000, 0x0000000081c00000, 0x0000000081c00000|100%| O|  |TS  0|AC  0|TAMS 0x0000000081c00000, 0x0000000081c00000|
|   8|0x0000000081c00000, 0x0000000081d00000, 0x0000000081d00000|100%| O|  |TS  0|AC  0|TAMS 0x0000000081d00000, 0x0000000081d00000|
|   9|0x0000000081d00000, 0x0000000081db4400, 0x0000000081e00000| 70%| O|  |TS  1|AC  0|TAMS 0x0000000081db4400, 0x0000000081db4400|
|  10|0x0000000081e00000, 0x0000000081e00000, 0x0000000081f00000|  0%| F|  |TS  0|AC  0|TAMS 0x0000000081e00000, 0x0000000081e00000|
|  11|0x0000000081f00000, 0x0000000081f00000, 0x0000000082000000|  0%| F|  |TS  0|AC  0|TAMS 0x0000000081f00000, 0x0000000081f00000|
|  12|0x0000000082000000, 0x0000000082000000, 0x0000000082100000|  0%| F|  |TS  0|AC  0|TAMS 0x0000000082000000, 0x0000000082000000|
|  13|0x0000000082100000, 0x0000000082100000, 0x0000000082200000|  0%| F|  |TS  0|AC  0|TAMS 0x0000000082100000, 0x0000000082100000|
|  14|0x0000000082200000, 0x0000000082200000, 0x0000000082300000|  0%| F|  |TS  0|AC  0|TAMS 0x0000000082200000, 0x0000000082200000|
|  15|0x0000000082300000, 0x0000000082300000, 0x0000000082400000|  0%| F|  |TS  0|AC  0|TAMS 0x0000000082300000, 0x0000000082300000|
|  16|0x0000000082400000, 0x0000000082400000, 0x0000000082500000|  0%| F|  |TS  0|AC  0|TAMS 0x0000000082400000, 0x0000000082400000|
|  17|0x0000000082500000, 0x0000000082500000, 0x0000000082600000|  0%| F|  |TS  0|AC  0|TAMS 0x0000000082500000, 0x0000000082500000|
|  18|0x0000000082600000, 0x0000000082600000, 0x0000000082700000|  0%| F|  |TS  0|AC  0|TAMS 0x0000000082600000, 0x0000000082600000|
|  19|0x0000000082700000, 0x0000000082700000, 0x0000000082800000|  0%| F|  |TS  0|AC  0|TAMS 0x0000000082700000, 0x0000000082700000|
|  20|0x0000000082800000, 0x0000000082800000, 0x0000000082900000|  0%| F|  |TS  0|AC  0|TAMS 0x0000000082800000, 0x0000000082800000|
|  21|0x0000000082900000, 0x0000000082900000, 0x0000000082a00000|  0%| F|  |TS  0|AC  0|TAMS 0x0000000082900000, 0x0000000082900000|
|  22|0x0000000082a00000, 0x0000000082a00000, 0x0000000082b00000|  0%| F|  |TS  0|AC  0|TAMS 0x0000000082a00000, 0x0000000082a00000|
|  23|0x0000000082b00000, 0x0000000082b00000, 0x0000000082c00000|  0%| F|  |TS  0|AC  0|TAMS 0x0000000082b00000, 0x0000000082b00000|
|  24|0x0000000082c00000, 0x0000000082c00000, 0x0000000082d00000|  0%| F|  |TS  0|AC  0|TAMS 0x0000000082c00000, 0x0000000082c00000|
|  25|0x0000000082d00000, 0x0000000082d00000, 0x0000000082e00000|  0%| F|  |TS  0|AC  0|TAMS 0x0000000082d00000, 0x0000000082d00000|
|  26|0x0000000082e00000, 0x0000000082e00000, 0x0000000082f00000|  0%| F|  |TS  0|AC  0|TAMS 0x0000000082e00000, 0x0000000082e00000|
|  27|0x0000000082f00000, 0x0000000082f00000, 0x0000000083000000|  0%| F|  |TS  0|AC  0|TAMS 0x0000000082f00000, 0x0000000082f00000|
|  28|0x0000000083000000, 0x0000000083000000, 0x0000000083100000|  0%| F|  |TS  0|AC  0|TAMS 0x0000000083000000, 0x0000000083000000|
|  29|0x0000000083100000, 0x0000000083100000, 0x0000000083200000|  0%| F|  |TS  0|AC  0|TAMS 0x0000000083100000, 0x0000000083100000|
|  30|0x0000000083200000, 0x0000000083200000, 0x0000000083300000|  0%| F|  |TS  0|AC  0|TAMS 0x0000000083200000, 0x0000000083200000|
|  31|0x0000000083300000, 0x0000000083300000, 0x0000000083400000|  0%| F|  |TS  0|AC  0|TAMS 0x0000000083300000, 0x0000000083300000|
|  32|0x0000000083400000, 0x0000000083400000, 0x0000000083500000|  0%| F|  |TS  0|AC  0|TAMS 0x0000000083400000, 0x0000000083400000|
|  33|0x0000000083500000, 0x0000000083500000, 0x0000000083600000|  0%| F|  |TS  0|AC  0|TAMS 0x0000000083500000, 0x0000000083500000|
|  34|0x0000000083600000, 0x0000000083600000, 0x0000000083700000|  0%| F|  |TS  0|AC  0|TAMS 0x0000000083600000, 0x0000000083600000|
|  35|0x0000000083700000, 0x0000000083700000, 0x0000000083800000|  0%| F|  |TS  0|AC  0|TAMS 0x0000000083700000, 0x0000000083700000|
|  36|0x0000000083800000, 0x0000000083800000, 0x0000000083900000|  0%| F|  |TS  0|AC  0|TAMS 0x0000000083800000, 0x0000000083800000|
|  37|0x0000000083900000, 0x0000000083900000, 0x0000000083a00000|  0%| F|  |TS  0|AC  0|TAMS 0x0000000083900000, 0x0000000083900000|
|  38|0x0000000083a00000, 0x0000000083a00000, 0x0000000083b00000|  0%| F|  |TS  0|AC  0|TAMS 0x0000000083a00000, 0x0000000083a00000|
|  39|0x0000000083b00000, 0x0000000083b00000, 0x0000000083c00000|  0%| F|  |TS  0|AC  0|TAMS 0x0000000083b00000, 0x0000000083b00000|
|  40|0x0000000083c00000, 0x0000000083c00000, 0x0000000083d00000|  0%| F|  |TS  0|AC  0|TAMS 0x0000000083c00000, 0x0000000083c00000|
|  41|0x0000000083d00000, 0x0000000083d00000, 0x0000000083e00000|  0%| F|  |TS  0|AC  0|TAMS 0x0000000083d00000, 0x0000000083d00000|
|  42|0x0000000083e00000, 0x0000000083e00000, 0x0000000083f00000|  0%| F|  |TS  0|AC  0|TAMS 0x0000000083e00000, 0x0000000083e00000|
|  43|0x0000000083f00000, 0x0000000083f00000, 0x0000000084000000|  0%| F|  |TS  0|AC  0|TAMS 0x0000000083f00000, 0x0000000083f00000|
|  44|0x0000000084000000, 0x0000000084000000, 0x0000000084100000|  0%| F|  |TS  0|AC  0|TAMS 0x0000000084000000, 0x0000000084000000|
|  45|0x0000000084100000, 0x0000000084100000, 0x0000000084200000|  0%| F|  |TS  0|AC  0|TAMS 0x0000000084100000, 0x0000000084100000|
|  46|0x0000000084200000, 0x0000000084200000, 0x0000000084300000|  0%| F|  |TS  0|AC  0|TAMS 0x0000000084200000, 0x0000000084200000|
|  47|0x0000000084300000, 0x0000000084369100, 0x0000000084400000| 41%| S|CS|TS  1|AC  0|TAMS 0x0000000084300000, 0x0000000084300000|
|  48|0x0000000084400000, 0x0000000084500000, 0x0000000084500000|100%| S|CS|TS  1|AC  0|TAMS 0x0000000084400000, 0x0000000084400000|
|  49|0x0000000084500000, 0x0000000084600000, 0x0000000084600000|100%| S|CS|TS  1|AC  0|TAMS 0x0000000084500000, 0x0000000084500000|
|  50|0x0000000084600000, 0x0000000084700000, 0x0000000084700000|100%| S|CS|TS  1|AC  0|TAMS 0x0000000084600000, 0x0000000084600000|
|  51|0x0000000084700000, 0x0000000084800000, 0x0000000084800000|100%| S|CS|TS  1|AC  0|TAMS 0x0000000084700000, 0x0000000084700000|
|  52|0x0000000084800000, 0x0000000084800000, 0x0000000084900000|  0%| F|  |TS  1|AC  0|TAMS 0x0000000084800000, 0x0000000084800000|
|  53|0x0000000084900000, 0x0000000084900000, 0x0000000084a00000|  0%| F|  |TS  1|AC  0|TAMS 0x0000000084900000, 0x0000000084900000|
|  54|0x0000000084a00000, 0x0000000084a00000, 0x0000000084b00000|  0%| F|  |TS  1|AC  0|TAMS 0x0000000084a00000, 0x0000000084a00000|
|  55|0x0000000084b00000, 0x0000000084b00000, 0x0000000084c00000|  0%| F|  |TS  1|AC  0|TAMS 0x0000000084b00000, 0x0000000084b00000|
|  56|0x0000000084c00000, 0x0000000084c00000, 0x0000000084d00000|  0%| F|  |TS  1|AC  0|TAMS 0x0000000084c00000, 0x0000000084c00000|
|  57|0x0000000084d00000, 0x0000000084d00000, 0x0000000084e00000|  0%| F|  |TS  1|AC  0|TAMS 0x0000000084d00000, 0x0000000084d00000|
|  58|0x0000000084e00000, 0x0000000084e00000, 0x0000000084f00000|  0%| F|  |TS  1|AC  0|TAMS 0x0000000084e00000, 0x0000000084e00000|
|  59|0x0000000084f00000, 0x0000000084f00000, 0x0000000085000000|  0%| F|  |TS  1|AC  0|TAMS 0x0000000084f00000, 0x0000000084f00000|
|  60|0x0000000085000000, 0x0000000085000000, 0x0000000085100000|  0%| F|  |TS  1|AC  0|TAMS 0x0000000085000000, 0x0000000085000000|
|  61|0x0000000085100000, 0x0000000085100000, 0x0000000085200000|  0%| F|  |TS  1|AC  0|TAMS 0x0000000085100000, 0x0000000085100000|
|  62|0x0000000085200000, 0x0000000085200000, 0x0000000085300000|  0%| F|  |TS  1|AC  0|TAMS 0x0000000085200000, 0x0000000085200000|
|  63|0x0000000085300000, 0x0000000085300000, 0x0000000085400000|  0%| F|  |TS  1|AC  0|TAMS 0x0000000085300000, 0x0000000085300000|
|  64|0x0000000085400000, 0x0000000085400000, 0x0000000085500000|  0%| F|  |TS  1|AC  0|TAMS 0x0000000085400000, 0x0000000085400000|
|  65|0x0000000085500000, 0x0000000085500000, 0x0000000085600000|  0%| F|  |TS  1|AC  0|TAMS 0x0000000085500000, 0x0000000085500000|
|  66|0x0000000085600000, 0x0000000085600000, 0x0000000085700000|  0%| F|  |TS  1|AC  0|TAMS 0x0000000085600000, 0x0000000085600000|
|  67|0x0000000085700000, 0x0000000085700000, 0x0000000085800000|  0%| F|  |TS  1|AC  0|TAMS 0x0000000085700000, 0x0000000085700000|
|  68|0x0000000085800000, 0x0000000085800000, 0x0000000085900000|  0%| F|  |TS  1|AC  0|TAMS 0x0000000085800000, 0x0000000085800000|
|  69|0x0000000085900000, 0x0000000085900000, 0x0000000085a00000|  0%| F|  |TS  1|AC  0|TAMS 0x0000000085900000, 0x0000000085900000|
|  70|0x0000000085a00000, 0x0000000085a00000, 0x0000000085b00000|  0%| F|  |TS  1|AC  0|TAMS 0x0000000085a00000, 0x0000000085a00000|
|  71|0x0000000085b00000, 0x0000000085b00000, 0x0000000085c00000|  0%| F|  |TS  1|AC  0|TAMS 0x0000000085b00000, 0x0000000085b00000|
|  72|0x0000000085c00000, 0x0000000085c00000, 0x0000000085d00000|  0%| F|  |TS  1|AC  0|TAMS 0x0000000085c00000, 0x0000000085c00000|
|  73|0x0000000085d00000, 0x0000000085d00000, 0x0000000085e00000|  0%| F|  |TS  1|AC  0|TAMS 0x0000000085d00000, 0x0000000085d00000|
|  74|0x0000000085e00000, 0x0000000085e00000, 0x0000000085f00000|  0%| F|  |TS  1|AC  0|TAMS 0x0000000085e00000, 0x0000000085e00000|
|  75|0x0000000085f00000, 0x0000000085f00000, 0x0000000086000000|  0%| F|  |TS  1|AC  0|TAMS 0x0000000085f00000, 0x0000000085f00000|
|  76|0x0000000086000000, 0x0000000086000000, 0x0000000086100000|  0%| F|  |TS  1|AC  0|TAMS 0x0000000086000000, 0x0000000086000000|
|  77|0x0000000086100000, 0x0000000086100000, 0x0000000086200000|  0%| F|  |TS  1|AC  0|TAMS 0x0000000086100000, 0x0000000086100000|
|  78|0x0000000086200000, 0x0000000086200000, 0x0000000086300000|  0%| F|  |TS  1|AC  0|TAMS 0x0000000086200000, 0x0000000086200000|
|  79|0x0000000086300000, 0x0000000086300000, 0x0000000086400000|  0%| F|  |TS  1|AC  0|TAMS 0x0000000086300000, 0x0000000086300000|
|  80|0x0000000086400000, 0x0000000086400000, 0x0000000086500000|  0%| F|  |TS  1|AC  0|TAMS 0x0000000086400000, 0x0000000086400000|
|  81|0x0000000086500000, 0x0000000086500000, 0x0000000086600000|  0%| F|  |TS  1|AC  0|TAMS 0x0000000086500000, 0x0000000086500000|
|  82|0x0000000086600000, 0x0000000086600000, 0x0000000086700000|  0%| F|  |TS  1|AC  0|TAMS 0x0000000086600000, 0x0000000086600000|
|  83|0x0000000086700000, 0x0000000086700000, 0x0000000086800000|  0%| F|  |TS  1|AC  0|TAMS 0x0000000086700000, 0x0000000086700000|
|  84|0x0000000086800000, 0x0000000086800000, 0x0000000086900000|  0%| F|  |TS  1|AC  0|TAMS 0x0000000086800000, 0x0000000086800000|
|  85|0x0000000086900000, 0x0000000086900000, 0x0000000086a00000|  0%| F|  |TS  1|AC  0|TAMS 0x0000000086900000, 0x0000000086900000|
|  86|0x0000000086a00000, 0x0000000086a00000, 0x0000000086b00000|  0%| F|  |TS  1|AC  0|TAMS 0x0000000086a00000, 0x0000000086a00000|
|  87|0x0000000086b00000, 0x0000000086b00000, 0x0000000086c00000|  0%| F|  |TS  1|AC  0|TAMS 0x0000000086b00000, 0x0000000086b00000|
|  88|0x0000000086c00000, 0x0000000086c00000, 0x0000000086d00000|  0%| F|  |TS  1|AC  0|TAMS 0x0000000086c00000, 0x0000000086c00000|
|  89|0x0000000086d00000, 0x0000000086d00000, 0x0000000086e00000|  0%| F|  |TS  1|AC  0|TAMS 0x0000000086d00000, 0x0000000086d00000|
|  90|0x0000000086e00000, 0x0000000086e00000, 0x0000000086f00000|  0%| F|  |TS  1|AC  0|TAMS 0x0000000086e00000, 0x0000000086e00000|
|  91|0x0000000086f00000, 0x0000000086f00000, 0x0000000087000000|  0%| F|  |TS  1|AC  0|TAMS 0x0000000086f00000, 0x0000000086f00000|
|  92|0x0000000087000000, 0x0000000087000000, 0x0000000087100000|  0%| F|  |TS  1|AC  0|TAMS 0x0000000087000000, 0x0000000087000000|
|  93|0x0000000087100000, 0x0000000087100000, 0x0000000087200000|  0%| F|  |TS  1|AC  0|TAMS 0x0000000087100000, 0x0000000087100000|
|  94|0x0000000087200000, 0x0000000087200000, 0x0000000087300000|  0%| F|  |TS  1|AC  0|TAMS 0x0000000087200000, 0x0000000087200000|
|  95|0x0000000087300000, 0x0000000087300000, 0x0000000087400000|  0%| F|  |TS  1|AC  0|TAMS 0x0000000087300000, 0x0000000087300000|
|  96|0x0000000087400000, 0x0000000087400000, 0x0000000087500000|  0%| F|  |TS  1|AC  0|TAMS 0x0000000087400000, 0x0000000087400000|
|  97|0x0000000087500000, 0x0000000087500000, 0x0000000087600000|  0%| F|  |TS  1|AC  0|TAMS 0x0000000087500000, 0x0000000087500000|
|  98|0x0000000087600000, 0x0000000087600000, 0x0000000087700000|  0%| F|  |TS  1|AC  0|TAMS 0x0000000087600000, 0x0000000087600000|
|  99|0x0000000087700000, 0x0000000087700000, 0x0000000087800000|  0%| F|  |TS  1|AC  0|TAMS 0x0000000087700000, 0x0000000087700000|
| 100|0x0000000087800000, 0x0000000087800000, 0x0000000087900000|  0%| F|  |TS  1|AC  0|TAMS 0x0000000087800000, 0x0000000087800000|
| 101|0x0000000087900000, 0x0000000087900000, 0x0000000087a00000|  0%| F|  |TS  1|AC  0|TAMS 0x0000000087900000, 0x0000000087900000|
| 102|0x0000000087a00000, 0x0000000087a80800, 0x0000000087b00000| 50%| E|  |TS  1|AC  0|TAMS 0x0000000087a00000, 0x0000000087a00000|
| 103|0x0000000087b00000, 0x0000000087c00000, 0x0000000087c00000|100%| E|CS|TS  1|AC  0|TAMS 0x0000000087b00000, 0x0000000087b00000|
| 104|0x0000000087c00000, 0x0000000087d00000, 0x0000000087d00000|100%| E|CS|TS  1|AC  0|TAMS 0x0000000087c00000, 0x0000000087c00000|
| 105|0x0000000087d00000, 0x0000000087e00000, 0x0000000087e00000|100%| E|CS|TS  1|AC  0|TAMS 0x0000000087d00000, 0x0000000087d00000|
| 106|0x0000000087e00000, 0x0000000087f00000, 0x0000000087f00000|100%| E|CS|TS  1|AC  0|TAMS 0x0000000087e00000, 0x0000000087e00000|
| 107|0x0000000087f00000, 0x0000000088000000, 0x0000000088000000|100%| E|CS|TS  1|AC  0|TAMS 0x0000000087f00000, 0x0000000087f00000|
| 108|0x0000000088000000, 0x0000000088100000, 0x0000000088100000|100%| E|CS|TS  1|AC  0|TAMS 0x0000000088000000, 0x0000000088000000|
| 109|0x0000000088100000, 0x0000000088200000, 0x0000000088200000|100%| E|CS|TS  1|AC  0|TAMS 0x0000000088100000, 0x0000000088100000|
| 110|0x0000000088200000, 0x0000000088300000, 0x0000000088300000|100%| E|CS|TS  1|AC  0|TAMS 0x0000000088200000, 0x0000000088200000|
| 111|0x0000000088300000, 0x0000000088400000, 0x0000000088400000|100%| E|CS|TS  1|AC  0|TAMS 0x0000000088300000, 0x0000000088300000|
| 112|0x0000000088400000, 0x0000000088500000, 0x0000000088500000|100%| E|CS|TS  1|AC  0|TAMS 0x0000000088400000, 0x0000000088400000|
| 113|0x0000000088500000, 0x0000000088600000, 0x0000000088600000|100%| E|CS|TS  1|AC  0|TAMS 0x0000000088500000, 0x0000000088500000|
| 114|0x0000000088600000, 0x0000000088700000, 0x0000000088700000|100%| E|CS|TS  1|AC  0|TAMS 0x0000000088600000, 0x0000000088600000|
| 115|0x0000000088700000, 0x0000000088800000, 0x0000000088800000|100%| E|CS|TS  1|AC  0|TAMS 0x0000000088700000, 0x0000000088700000|
| 116|0x0000000088800000, 0x0000000088900000, 0x0000000088900000|100%| E|CS|TS  1|AC  0|TAMS 0x0000000088800000, 0x0000000088800000|
| 117|0x0000000088900000, 0x0000000088a00000, 0x0000000088a00000|100%| E|CS|TS  1|AC  0|TAMS 0x0000000088900000, 0x0000000088900000|
| 118|0x0000000088a00000, 0x0000000088b00000, 0x0000000088b00000|100%| E|CS|TS  1|AC  0|TAMS 0x0000000088a00000, 0x0000000088a00000|
| 119|0x0000000088b00000, 0x0000000088c00000, 0x0000000088c00000|100%| E|CS|TS  1|AC  0|TAMS 0x0000000088b00000, 0x0000000088b00000|
| 120|0x0000000088c00000, 0x0000000088d00000, 0x0000000088d00000|100%| E|CS|TS  1|AC  0|TAMS 0x0000000088c00000, 0x0000000088c00000|
| 121|0x0000000088d00000, 0x0000000088e00000, 0x0000000088e00000|100%| E|CS|TS  1|AC  0|TAMS 0x0000000088d00000, 0x0000000088d00000|
| 122|0x0000000088e00000, 0x0000000088f00000, 0x0000000088f00000|100%| E|CS|TS  1|AC  0|TAMS 0x0000000088e00000, 0x0000000088e00000|
| 123|0x0000000088f00000, 0x0000000089000000, 0x0000000089000000|100%| E|CS|TS  1|AC  0|TAMS 0x0000000088f00000, 0x0000000088f00000|
| 124|0x0000000089000000, 0x0000000089100000, 0x0000000089100000|100%| E|CS|TS  1|AC  0|TAMS 0x0000000089000000, 0x0000000089000000|
| 125|0x0000000089100000, 0x0000000089200000, 0x0000000089200000|100%| E|CS|TS  1|AC  0|TAMS 0x0000000089100000, 0x0000000089100000|
| 126|0x0000000089200000, 0x0000000089300000, 0x0000000089300000|100%| E|CS|TS  1|AC  0|TAMS 0x0000000089200000, 0x0000000089200000|
| 127|0x0000000089300000, 0x0000000089400000, 0x0000000089400000|100%| E|CS|TS  1|AC  0|TAMS 0x0000000089300000, 0x0000000089300000|
| 128|0x0000000089400000, 0x0000000089500000, 0x0000000089500000|100%| E|CS|TS  1|AC  0|TAMS 0x0000000089400000, 0x0000000089400000|
| 129|0x0000000089500000, 0x0000000089600000, 0x0000000089600000|100%| E|CS|TS  1|AC  0|TAMS 0x0000000089500000, 0x0000000089500000|
| 130|0x0000000089600000, 0x0000000089700000, 0x0000000089700000|100%| E|CS|TS  1|AC  0|TAMS 0x0000000089600000, 0x0000000089600000|
| 131|0x0000000089700000, 0x0000000089800000, 0x0000000089800000|100%| E|CS|TS  1|AC  0|TAMS 0x0000000089700000, 0x0000000089700000|
| 132|0x0000000089800000, 0x0000000089900000, 0x0000000089900000|100%| E|CS|TS  1|AC  0|TAMS 0x0000000089800000, 0x0000000089800000|
| 133|0x0000000089900000, 0x0000000089a00000, 0x0000000089a00000|100%| E|CS|TS  1|AC  0|TAMS 0x0000000089900000, 0x0000000089900000|
| 134|0x0000000089a00000, 0x0000000089b00000, 0x0000000089b00000|100%| E|CS|TS  1|AC  0|TAMS 0x0000000089a00000, 0x0000000089a00000|
| 135|0x0000000089b00000, 0x0000000089c00000, 0x0000000089c00000|100%| E|CS|TS  1|AC  0|TAMS 0x0000000089b00000, 0x0000000089b00000|
| 136|0x0000000089c00000, 0x0000000089d00000, 0x0000000089d00000|100%| E|CS|TS  1|AC  0|TAMS 0x0000000089c00000, 0x0000000089c00000|
| 137|0x0000000089d00000, 0x0000000089e00000, 0x0000000089e00000|100%| E|CS|TS  1|AC  0|TAMS 0x0000000089d00000, 0x0000000089d00000|
| 138|0x0000000089e00000, 0x0000000089f00000, 0x0000000089f00000|100%| E|CS|TS  1|AC  0|TAMS 0x0000000089e00000, 0x0000000089e00000|
| 139|0x0000000089f00000, 0x000000008a000000, 0x000000008a000000|100%| E|CS|TS  1|AC  0|TAMS 0x0000000089f00000, 0x0000000089f00000|
| 140|0x000000008a000000, 0x000000008a100000, 0x000000008a100000|100%| E|CS|TS  1|AC  0|TAMS 0x000000008a000000, 0x000000008a000000|
| 141|0x000000008a100000, 0x000000008a200000, 0x000000008a200000|100%| E|CS|TS  1|AC  0|TAMS 0x000000008a100000, 0x000000008a100000|
| 142|0x000000008a200000, 0x000000008a300000, 0x000000008a300000|100%| E|CS|TS  1|AC  0|TAMS 0x000000008a200000, 0x000000008a200000|
| 143|0x000000008a300000, 0x000000008a400000, 0x000000008a400000|100%| E|CS|TS  1|AC  0|TAMS 0x000000008a300000, 0x000000008a300000|
| 144|0x000000008a400000, 0x000000008a500000, 0x000000008a500000|100%| E|CS|TS  1|AC  0|TAMS 0x000000008a400000, 0x000000008a400000|
| 145|0x000000008a500000, 0x000000008a600000, 0x000000008a600000|100%| E|CS|TS  1|AC  0|TAMS 0x000000008a500000, 0x000000008a500000|
| 146|0x000000008a600000, 0x000000008a700000, 0x000000008a700000|100%| E|CS|TS  1|AC  0|TAMS 0x000000008a600000, 0x000000008a600000|
| 147|0x000000008a700000, 0x000000008a800000, 0x000000008a800000|100%| E|CS|TS  1|AC  0|TAMS 0x000000008a700000, 0x000000008a700000|
| 148|0x000000008a800000, 0x000000008a900000, 0x000000008a900000|100%| E|CS|TS  1|AC  0|TAMS 0x000000008a800000, 0x000000008a800000|
| 149|0x000000008a900000, 0x000000008aa00000, 0x000000008aa00000|100%| E|CS|TS  1|AC  0|TAMS 0x000000008a900000, 0x000000008a900000|
| 150|0x000000008aa00000, 0x000000008ab00000, 0x000000008ab00000|100%| E|CS|TS  1|AC  0|TAMS 0x000000008aa00000, 0x000000008aa00000|
| 151|0x000000008ab00000, 0x000000008ac00000, 0x000000008ac00000|100%| E|CS|TS  1|AC  0|TAMS 0x000000008ab00000, 0x000000008ab00000|
| 152|0x000000008ac00000, 0x000000008ad00000, 0x000000008ad00000|100%| E|CS|TS  1|AC  0|TAMS 0x000000008ac00000, 0x000000008ac00000|
| 153|0x000000008ad00000, 0x000000008ae00000, 0x000000008ae00000|100%| E|CS|TS  1|AC  0|TAMS 0x000000008ad00000, 0x000000008ad00000|

Card table byte_map: [0x000001ce5b320000,0x000001ce5b720000] byte_map_base: 0x000001ce5af16000

Marking Bits (Prev, Next): (CMBitMap*) 0x000001ce3f5eee28, (CMBitMap*) 0x000001ce3f5eedf0
 Prev Bits: [0x000001ce5dad0000, 0x000001ce5fa80000)
 Next Bits: [0x000001ce5bb20000, 0x000001ce5dad0000)

Polling page: 0x000001ce3d3b0000

CodeHeap 'non-profiled nmethods': size=120064Kb used=3086Kb max_used=3086Kb free=116977Kb
 bounds [0x000001ce52fb0000, 0x000001ce532c0000, 0x000001ce5a4f0000]
CodeHeap 'profiled nmethods': size=120000Kb used=11557Kb max_used=11557Kb free=108442Kb
 bounds [0x000001ce4ba80000, 0x000001ce4c5d0000, 0x000001ce52fb0000]
CodeHeap 'non-nmethods': size=5696Kb used=1298Kb max_used=1313Kb free=4397Kb
 bounds [0x000001ce4b4f0000, 0x000001ce4b760000, 0x000001ce4ba80000]
 total_blobs=6077 nmethods=4514 adapters=407
 compilation: enabled

Compilation events (10 events):
Event: 12.608 Thread 0x000001ce629b3000 4446       3       jdk.internal.org.objectweb.asm.MethodWriter::visitFrame (233 bytes)
Event: 12.609 Thread 0x000001ce629b3000 nmethod 4446 0x000001ce4c593090 code [0x000001ce4c5932c0, 0x000001ce4c593b00]
Event: 12.609 Thread 0x000001ce629b3000 4447       3       jdk.internal.org.objectweb.asm.AnnotationVisitor::<init> (35 bytes)
Event: 12.610 Thread 0x000001ce629b3000 nmethod 4447 0x000001ce4c593f10 code [0x000001ce4c5940e0, 0x000001ce4c594450]
Event: 12.610 Thread 0x000001ce629b3000 4450       3       java.lang.invoke.LambdaForm$BasicType::basicTypeChar (8 bytes)
Event: 12.611 Thread 0x000001ce629b3000 nmethod 4450 0x000001ce4c594590 code [0x000001ce4c594760, 0x000001ce4c594b80]
Event: 12.613 Thread 0x000001ce629b3000 4451       3       java.lang.invoke.MethodTypeForm::cachedLambdaForm (44 bytes)
Event: 12.614 Thread 0x000001ce629b3000 nmethod 4451 0x000001ce4c594d10 code [0x000001ce4c594ee0, 0x000001ce4c595290]
Event: 12.615 Thread 0x000001ce629b3000 4454       3       jdk.internal.org.objectweb.asm.MethodWriter::visitCode (1 bytes)
Event: 12.616 Thread 0x000001ce629b3000 nmethod 4454 0x000001ce4c595390 code [0x000001ce4c595540, 0x000001ce4c595698]

GC Heap History (10 events):
Event: 1.541 GC heap before
{Heap before GC invocations=1 (full 0):
 garbage-first heap   total 131072K, used 13737K [0x0000000081400000, 0x0000000081500400, 0x0000000100000000)
  region size 1024K, 11 young (11264K), 2 survivors (2048K)
 Metaspace       used 12411K, capacity 12780K, committed 12928K, reserved 1060864K
  class space    used 1257K, capacity 1342K, committed 1408K, reserved 1048576K
}
Event: 1.549 GC heap after
{Heap after GC invocations=2 (full 0):
 garbage-first heap   total 131072K, used 6472K [0x0000000081400000, 0x0000000081500400, 0x0000000100000000)
  region size 1024K, 2 young (2048K), 2 survivors (2048K)
 Metaspace       used 12411K, capacity 12780K, committed 12928K, reserved 1060864K
  class space    used 1257K, capacity 1342K, committed 1408K, reserved 1048576K
}
Event: 2.456 GC heap before
{Heap before GC invocations=2 (full 0):
 garbage-first heap   total 131072K, used 30024K [0x0000000081400000, 0x0000000081500400, 0x0000000100000000)
  region size 1024K, 25 young (25600K), 2 survivors (2048K)
 Metaspace       used 14477K, capacity 14802K, committed 14976K, reserved 1062912K
  class space    used 1506K, capacity 1609K, committed 1664K, reserved 1048576K
}
Event: 2.462 GC heap after
{Heap after GC invocations=3 (full 0):
 garbage-first heap   total 131072K, used 8118K [0x0000000081400000, 0x0000000081500400, 0x0000000100000000)
  region size 1024K, 4 young (4096K), 4 survivors (4096K)
 Metaspace       used 14477K, capacity 14802K, committed 14976K, reserved 1062912K
  class space    used 1506K, capacity 1609K, committed 1664K, reserved 1048576K
}
Event: 6.690 GC heap before
{Heap before GC invocations=3 (full 0):
 garbage-first heap   total 131072K, used 81846K [0x0000000081400000, 0x0000000081500400, 0x0000000100000000)
  region size 1024K, 76 young (77824K), 4 survivors (4096K)
 Metaspace       used 20544K, capacity 21132K, committed 21296K, reserved 1069056K
  class space    used 2171K, capacity 2308K, committed 2352K, reserved 1048576K
}
Event: 6.711 GC heap after
{Heap after GC invocations=4 (full 0):
 garbage-first heap   total 131072K, used 14119K [0x0000000081400000, 0x0000000081500400, 0x0000000100000000)
  region size 1024K, 10 young (10240K), 10 survivors (10240K)
 Metaspace       used 20544K, capacity 21132K, committed 21296K, reserved 1069056K
  class space    used 2171K, capacity 2308K, committed 2352K, reserved 1048576K
}
Event: 6.815 GC heap before
{Heap before GC invocations=4 (full 0):
 garbage-first heap   total 131072K, used 16167K [0x0000000081400000, 0x0000000081500400, 0x0000000100000000)
  region size 1024K, 13 young (13312K), 10 survivors (10240K)
 Metaspace       used 20655K, capacity 21168K, committed 21296K, reserved 1069056K
  class space    used 2186K, capacity 2344K, committed 2352K, reserved 1048576K
}
Event: 6.829 GC heap after
{Heap after GC invocations=5 (full 0):
 garbage-first heap   total 131072K, used 11335K [0x0000000081400000, 0x0000000081500400, 0x0000000100000000)
  region size 1024K, 2 young (2048K), 2 survivors (2048K)
 Metaspace       used 20655K, capacity 21168K, committed 21296K, reserved 1069056K
  class space    used 2186K, capacity 2344K, committed 2352K, reserved 1048576K
}
Event: 10.698 GC heap before
{Heap before GC invocations=6 (full 0):
 garbage-first heap   total 131072K, used 87111K [0x0000000081400000, 0x0000000081500400, 0x0000000100000000)
  region size 1024K, 76 young (77824K), 2 survivors (2048K)
 Metaspace       used 22074K, capacity 22610K, committed 22960K, reserved 1069056K
  class space    used 2280K, capacity 2419K, committed 2480K, reserved 1048576K
}
Event: 10.710 GC heap after
{Heap after GC invocations=7 (full 0):
 garbage-first heap   total 157696K, used 14453K [0x0000000081400000, 0x00000000815004d0, 0x0000000100000000)
  region size 1024K, 5 young (5120K), 5 survivors (5120K)
 Metaspace       used 22074K, capacity 22610K, committed 22960K, reserved 1069056K
  class space    used 2280K, capacity 2419K, committed 2480K, reserved 1048576K
}

Deoptimization events (10 events):
Event: 12.138 Thread 0x000001ce3f552000 Uncommon trap: reason=bimorphic_or_optimized_type_check action=maybe_recompile pc=0x000001ce530f58a8 method=java.util.regex.Pattern$CharPredicate.lambda$negate$3(I)Z @ 2 c2
Event: 12.138 Thread 0x000001ce3f552000 Uncommon trap: reason=bimorphic_or_optimized_type_check action=maybe_recompile pc=0x000001ce530f58a8 method=java.util.regex.Pattern$CharPredicate.lambda$negate$3(I)Z @ 2 c2
Event: 12.322 Thread 0x000001ce3f552000 Uncommon trap: reason=unstable_if action=reinterpret pc=0x000001ce531ece48 method=org.codehaus.plexus.classworlds.realm.Entry.matches(Ljava/lang/String;)Z @ 20 c2
Event: 12.421 Thread 0x000001ce3f552000 Uncommon trap: reason=intrinsic_or_type_checked_inlining action=make_not_entrant pc=0x000001ce53291c70 method=java.util.ArrayList.toArray([Ljava/lang/Object;)[Ljava/lang/Object; @ 36 c2
Event: 12.442 Thread 0x000001ce3f552000 Uncommon trap: reason=class_check action=maybe_recompile pc=0x000001ce53059e3c method=java.util.jar.JarFile.getJarEntry(Ljava/lang/String;)Ljava/util/jar/JarEntry; @ 2 c2
Event: 12.444 Thread 0x000001ce3f552000 Uncommon trap: reason=class_check action=maybe_recompile pc=0x000001ce53059e3c method=java.util.jar.JarFile.getJarEntry(Ljava/lang/String;)Ljava/util/jar/JarEntry; @ 2 c2
Event: 12.447 Thread 0x000001ce3f552000 Uncommon trap: reason=class_check action=maybe_recompile pc=0x000001ce53059e3c method=java.util.jar.JarFile.getJarEntry(Ljava/lang/String;)Ljava/util/jar/JarEntry; @ 2 c2
Event: 12.448 Thread 0x000001ce3f552000 Uncommon trap: reason=class_check action=maybe_recompile pc=0x000001ce53059e3c method=java.util.jar.JarFile.getJarEntry(Ljava/lang/String;)Ljava/util/jar/JarEntry; @ 2 c2
Event: 12.469 Thread 0x000001ce3f552000 Uncommon trap: reason=unstable_if action=reinterpret pc=0x000001ce532792e0 method=java.util.jar.JarFile.match([B[B[B[B)I @ 29 c2
Event: 12.511 Thread 0x000001ce3f552000 Uncommon trap: reason=unstable_if action=reinterpret pc=0x000001ce52ffcbf8 method=java.util.jar.JarFile.getEntry(Ljava/lang/String;)Ljava/util/zip/ZipEntry; @ 24 c2

Classes redefined (0 events):
No events

Internal exceptions (10 events):
Event: 12.298 Thread 0x000001ce3f552000 Exception <a 'java/lang/NoSuchMethodError'{0x00000000886d9648}: java.lang.invoke.DirectMethodHandle$Holder.invokeSpecial(Ljava/lang/Object;Ljava/lang/Object;IILjava/lang/Object;Ljava/lang/Object;Ljava/lang/Object;)Ljava/lang/Object;> (0x00000000886d9648) 
Event: 12.299 Thread 0x000001ce3f552000 Exception <a 'java/lang/NoSuchMethodError'{0x00000000886dce48}: java.lang.invoke.DelegatingMethodHandle$Holder.reinvoke_L(Ljava/lang/Object;IILjava/lang/Object;Ljava/lang/Object;Ljava/lang/Object;)Ljava/lang/Object;> (0x00000000886dce48) thrown at [t:/wor
Event: 12.300 Thread 0x000001ce3f552000 Exception <a 'java/lang/NoSuchMethodError'{0x00000000886e1b68}: method resolution failed> (0x00000000886e1b68) thrown at [t:/workspace/hotspot/src/share/vm/prims/methodHandles.cpp, line 1256]
Event: 12.308 Thread 0x000001ce3f552000 Exception <a 'java/lang/NoSuchMethodError'{0x00000000886f6520}: method resolution failed> (0x00000000886f6520) thrown at [t:/workspace/hotspot/src/share/vm/prims/methodHandles.cpp, line 1256]
Event: 12.312 Thread 0x000001ce3f552000 Exception <a 'java/lang/NoSuchMethodError'{0x000000008850bf00}: method resolution failed> (0x000000008850bf00) thrown at [t:/workspace/hotspot/src/share/vm/prims/methodHandles.cpp, line 1256]
Event: 12.315 Thread 0x000001ce3f552000 Exception <a 'java/lang/NoSuchMethodError'{0x0000000088522e50}: method resolution failed> (0x0000000088522e50) thrown at [t:/workspace/hotspot/src/share/vm/prims/methodHandles.cpp, line 1256]
Event: 12.318 Thread 0x000001ce3f552000 Exception <a 'java/lang/NoSuchMethodError'{0x000000008853b620}: method resolution failed> (0x000000008853b620) thrown at [t:/workspace/hotspot/src/share/vm/prims/methodHandles.cpp, line 1256]
Event: 12.611 Thread 0x000001ce3f552000 Exception <a 'java/lang/NoSuchMethodError'{0x0000000087ebb9b0}: java.lang.invoke.DirectMethodHandle$Holder.invokeSpecial(Ljava/lang/Object;Ljava/lang/Object;IILjava/lang/Object;Ljava/lang/Object;Ljava/lang/Object;Ljava/lang/Object;)Ljava/lang/Object;> (0x
Event: 12.611 Thread 0x000001ce3f552000 Exception <a 'java/lang/NoSuchMethodError'{0x0000000087ebf3a0}: java.lang.invoke.DelegatingMethodHandle$Holder.reinvoke_L(Ljava/lang/Object;IILjava/lang/Object;Ljava/lang/Object;Ljava/lang/Object;Ljava/lang/Object;)Ljava/lang/Object;> (0x0000000087ebf3a0)
Event: 12.614 Thread 0x000001ce3f552000 Exception <a 'java/lang/NoSuchMethodError'{0x0000000087ecf570}: method resolution failed> (0x0000000087ecf570) thrown at [t:/workspace/hotspot/src/share/vm/prims/methodHandles.cpp, line 1256]

Events (10 events):
Event: 12.611 Thread 0x000001ce3f552000 DEOPT PACKING pc=0x000001ce4c51329c sp=0x000000c4787fa150
Event: 12.611 Thread 0x000001ce3f552000 DEOPT UNPACKING pc=0x000001ce4b53d83f sp=0x000000c4787f9648 mode 1
Event: 12.611 Thread 0x000001ce3f552000 DEOPT PACKING pc=0x000001ce4c51329c sp=0x000000c4787fa550
Event: 12.611 Thread 0x000001ce3f552000 DEOPT UNPACKING pc=0x000001ce4b53d83f sp=0x000000c4787f9a48 mode 1
Event: 12.613 loading class java/lang/invoke/BoundMethodHandle$Species_L3I
Event: 12.613 loading class java/lang/invoke/BoundMethodHandle$Species_L3I done
Event: 12.614 Thread 0x000001ce3f552000 DEOPT PACKING pc=0x000001ce4c51329c sp=0x000000c4787f9de0
Event: 12.614 Thread 0x000001ce3f552000 DEOPT UNPACKING pc=0x000001ce4b53d83f sp=0x000000c4787f92d8 mode 1
Event: 12.615 loading class java/lang/invoke/BoundMethodHandle$Species_L3II
Event: 12.615 loading class java/lang/invoke/BoundMethodHandle$Species_L3II done


Dynamic libraries:
0x00007ff6cb390000 - 0x00007ff6cb3ce000 	C:\Program Files\Java\jdk-9.0.4\bin\java.exe
0x00007ff857a60000 - 0x00007ff857c40000 	C:\WINDOWS\SYSTEM32\ntdll.dll
0x00007ff855140000 - 0x00007ff8551ee000 	C:\WINDOWS\System32\KERNEL32.DLL
0x00007ff854a60000 - 0x00007ff854cc6000 	C:\WINDOWS\System32\KERNELBASE.dll
0x00007ff855840000 - 0x00007ff8558e1000 	C:\WINDOWS\System32\ADVAPI32.dll
0x00007ff8550a0000 - 0x00007ff85513d000 	C:\WINDOWS\System32\msvcrt.dll
0x00007ff855d70000 - 0x00007ff855dcb000 	C:\WINDOWS\System32\sechost.dll
0x00007ff855be0000 - 0x00007ff855cff000 	C:\WINDOWS\System32\RPCRT4.dll
0x00007ff8556b0000 - 0x00007ff85583f000 	C:\WINDOWS\System32\USER32.dll
0x00007ff854cd0000 - 0x00007ff854cf0000 	C:\WINDOWS\System32\win32u.dll
0x00007ff856170000 - 0x00007ff856198000 	C:\WINDOWS\System32\GDI32.dll
0x00007ff854cf0000 - 0x00007ff854e83000 	C:\WINDOWS\System32\gdi32full.dll
0x00007ff854e90000 - 0x00007ff854f2b000 	C:\WINDOWS\System32\msvcp_win.dll
0x00007ff854680000 - 0x00007ff854776000 	C:\WINDOWS\System32\ucrtbase.dll
0x00007ff848a90000 - 0x00007ff848cf9000 	C:\WINDOWS\WinSxS\amd64_microsoft.windows.common-controls_6595b64144ccf1df_6.0.16299.492_none_15c8d3609364b9b0\COMCTL32.dll
0x00007ff849f20000 - 0x00007ff849f2a000 	C:\WINDOWS\SYSTEM32\VERSION.dll
0x00007ff8576c0000 - 0x00007ff8579c7000 	C:\WINDOWS\System32\combase.dll
0x00007ff853e60000 - 0x00007ff853ed2000 	C:\WINDOWS\System32\bcryptPrimitives.dll
0x00007ff8575e0000 - 0x00007ff85760d000 	C:\WINDOWS\System32\IMM32.DLL
0x00007ff82c850000 - 0x00007ff82c93f000 	C:\Program Files\Java\jdk-9.0.4\bin\msvcr120.dll
0x00007ff82ba60000 - 0x00007ff82bb06000 	C:\Program Files\Java\jdk-9.0.4\bin\msvcp120.dll
0x0000000066020000 - 0x0000000066a45000 	C:\Program Files\Java\jdk-9.0.4\bin\server\jvm.dll
0x00007ff8559b0000 - 0x00007ff8559b8000 	C:\WINDOWS\System32\PSAPI.DLL
0x00007ff84aa30000 - 0x00007ff84aa39000 	C:\WINDOWS\SYSTEM32\WSOCK32.dll
0x00007ff8485b0000 - 0x00007ff8485d3000 	C:\WINDOWS\SYSTEM32\WINMM.dll
0x000001ce40e10000 - 0x000001ce40e7c000 	C:\WINDOWS\System32\ws2_32.DLL
0x00007ff848580000 - 0x00007ff8485aa000 	C:\WINDOWS\SYSTEM32\WINMMBASE.dll
0x00007ff854630000 - 0x00007ff85467a000 	C:\WINDOWS\System32\cfgmgr32.dll
0x00007ff84e830000 - 0x00007ff84e83f000 	C:\Program Files\Java\jdk-9.0.4\bin\verify.dll
0x00007ff848000000 - 0x00007ff848027000 	C:\Program Files\Java\jdk-9.0.4\bin\java.dll
0x00007ff8430c0000 - 0x00007ff8430f6000 	C:\Program Files\Java\jdk-9.0.4\bin\jdwp.dll
0x00007ff848f30000 - 0x00007ff848f46000 	C:\Program Files\Java\jdk-9.0.4\bin\zip.dll
0x00007ff84aa40000 - 0x00007ff84aa4a000 	C:\Program Files\Java\jdk-9.0.4\bin\jimage.dll
0x00007ff8561a0000 - 0x00007ff8575d8000 	C:\WINDOWS\System32\SHELL32.dll
0x00007ff857610000 - 0x00007ff8576b6000 	C:\WINDOWS\System32\shcore.dll
0x00007ff853ee0000 - 0x00007ff854627000 	C:\WINDOWS\System32\windows.storage.dll
0x00007ff855640000 - 0x00007ff855691000 	C:\WINDOWS\System32\shlwapi.dll
0x00007ff853e20000 - 0x00007ff853e31000 	C:\WINDOWS\System32\kernel.appcore.dll
0x00007ff853db0000 - 0x00007ff853dfc000 	C:\WINDOWS\System32\powrprof.dll
0x00007ff853e00000 - 0x00007ff853e1b000 	C:\WINDOWS\System32\profapi.dll
0x00007ff844180000 - 0x00007ff84419a000 	C:\Program Files\Java\jdk-9.0.4\bin\net.dll
0x00007ff84fc20000 - 0x00007ff84fcfe000 	C:\WINDOWS\SYSTEM32\WINHTTP.dll
0x00007ff8535e0000 - 0x00007ff853646000 	C:\WINDOWS\system32\mswsock.dll
0x00007ff843110000 - 0x00007ff843121000 	C:\Program Files\Java\jdk-9.0.4\bin\nio.dll
0x00007ff848ef0000 - 0x00007ff848efa000 	C:\Program Files\Java\jdk-9.0.4\bin\dt_socket.dll
0x00007ff8533b0000 - 0x00007ff853466000 	C:\WINDOWS\SYSTEM32\DNSAPI.dll
0x00007ff8556a0000 - 0x00007ff8556a8000 	C:\WINDOWS\System32\NSI.dll
0x00007ff853370000 - 0x00007ff8533a9000 	C:\WINDOWS\SYSTEM32\IPHLPAPI.DLL
0x00007ff84c020000 - 0x00007ff84c090000 	C:\WINDOWS\System32\fwpuclnt.dll
0x00007ff8538b0000 - 0x00007ff8538d5000 	C:\WINDOWS\SYSTEM32\bcrypt.dll
0x00007ff84c1a0000 - 0x00007ff84c1aa000 	C:\Windows\System32\rasadhlp.dll
0x00007ff846910000 - 0x00007ff84691a000 	C:\Program Files\apache-maven-3.5.3\lib\jansi-native\windows64\jansi.dll
0x00007ff844080000 - 0x00007ff844089000 	C:\Program Files\Java\jdk-9.0.4\bin\management.dll
0x00007ff843f50000 - 0x00007ff843f5a000 	C:\Program Files\Java\jdk-9.0.4\bin\management_ext.dll
0x00007ff84c660000 - 0x00007ff84c828000 	C:\WINDOWS\SYSTEM32\dbghelp.dll

VM Arguments:
jvm_args: -Xdebug -Xnoagent -Djava.compiler=NONE -Xrunjdwp:transport=dt_socket,address=8000,server=y,suspend=n -Dclassworlds.conf=C:\Program Files\apache-maven-3.5.3\bin\..\bin\m2.conf -Dmaven.home=C:\Program Files\apache-maven-3.5.3\bin\.. -Dlibrary.jansi.path=C:\Program Files\apache-maven-3.5.3\bin\..\lib\jansi-native -Dmaven.multiModuleProjectDirectory=C:\Users\Marko\Documents\FAKS\OPJJ\EclipseWorkspaces\zadace\hw17-0036487190 
java_command: org.codehaus.plexus.classworlds.launcher.Launcher jetty:run
java_class_path (initial): C:\Program Files\apache-maven-3.5.3\bin\..\boot\plexus-classworlds-2.5.2.jar
Launcher Type: SUN_STANDARD

Logging:
Log output configuration:
#0: stdout all=warning uptime,level,tags
#1: stderr all=off uptime,level,tags

Environment Variables:
JAVA_HOME=C:\Program Files\Java\jdk-9.0.4
PATH=C:/Program Files/Java/jre1.8.0_66/bin/server;C:/Program Files/Java/jre1.8.0_66/bin;C:/Program Files/Java/jre1.8.0_66/lib/amd64;C:\ProgramData\Oracle\Java\javapath;C:\Windows\system32;C:\Windows;C:\Windows\System32\Wbem;C:\Windows\System32\WindowsPowerShell\v1.0\;C:\Program Files (x86)\NVIDIA Corporation\PhysX\Common;C:\Program Files (x86)\GtkSharp\2.12\bin;C:\WINDOWS\system32;C:\WINDOWS;C:\WINDOWS\System32\Wbem;C:\WINDOWS\System32\WindowsPowerShell\v1.0\;C:\Program Files\Git\cmd;C:\Program Files (x86)\Skype\Phone\;C:\Program Files\nodejs\;C:\Program Files\apache-maven-3.5.3\bin;C:\Program Files\Java\jdk-9.0.4\bin;C:\Program Files\dotnet\;C:\Program Files (x86)\Microsoft SQL Server\Client SDK\ODBC\130\Tools\Binn\;C:\Program Files (x86)\Microsoft SQL Server\140\Tools\Binn\;C:\Program Files (x86)\Microsoft SQL Server\140\DTS\Binn\;C:\Program Files (x86)\Microsoft SQL Server\140\Tools\Binn\ManagementStudio\;C:\Program Files\Microsoft SQL Server\130\Tools\Binn\;C:\Users\Marko\AppData\Local\Microsoft\WindowsApps;C:\Users\Marko\AppData\Roaming\npm;C:\MinGW\bin;;C:\Users\Marko\Documents\FAKS\OPJJ\eclipse-jee-oxygen-2-win32-x86_64\eclipse;
USERNAME=Marko
OS=Windows_NT
PROCESSOR_IDENTIFIER=Intel64 Family 6 Model 61 Stepping 4, GenuineIntel



---------------  S Y S T E M  ---------------

OS: Windows 10 , 64 bit Build 16299 (10.0.16299.431)

CPU:total 4 (initial active 4) (2 cores per cpu, 2 threads per core) family 6 model 61 stepping 4, cmov, cx8, fxsr, mmx, sse, sse2, sse3, ssse3, sse4.1, sse4.2, popcnt, clmul, erms, 3dnowpref, lzcnt, ht, tsc, tscinvbit

Memory: 4k page, physical 8306480k(1544836k free), swap 9737008k(4344k free)

vm_info: Java HotSpot(TM) 64-Bit Server VM (9.0.4+11) for windows-amd64 JRE (9.0.4+11), built on Dec 20 2017 02:18:54 by "mach5one" with MS VC++ 12.0 (VS2013)

END.
