#
# There is insufficient memory for the Java Runtime Environment to continue.
# Native memory allocation (malloc) failed to allocate 885776 bytes for Chunk::new
# Possible reasons:
#   The system is out of physical RAM or swap space
#   The process is running with CompressedOops enabled, and the Java Heap may be blocking the growth of the native heap
# Possible solutions:
#   Reduce memory load on the system
#   Increase physical memory or swap space
#   Check if swap backing store is full
#   Decrease Java heap size (-Xmx/-Xms)
#   Decrease number of Java threads
#   Decrease Java thread stack sizes (-Xss)
#   Set larger code cache with -XX:ReservedCodeCacheSize=
#   JVM is running with Unscaled Compressed Oops mode in which the Java heap is
#     placed in the first 4GB address space. The Java Heap base address is the
#     maximum limit for the native heap growth. Please use -XX:HeapBaseMinAddress
#     to set the Java Heap base and to place the Java Heap above 4GB virtual address.
# This output file may be truncated or incomplete.
#
#  Out of Memory Error (t:/workspace/hotspot/src/share/vm/memory/allocation.cpp:372), pid=10948, tid=4720
#
# JRE version: Java(TM) SE Runtime Environment (9.0+11) (build 9.0.4+11)
# Java VM: Java HotSpot(TM) 64-Bit Server VM (9.0.4+11, mixed mode, tiered, compressed oops, g1 gc, windows-amd64)
# No core dump will be written. Minidumps are not enabled by default on client versions of Windows
#

---------------  S U M M A R Y ------------

Command Line: -Dclassworlds.conf=C:\Program Files\apache-maven-3.5.3\bin\..\bin\m2.conf -Dmaven.home=C:\Program Files\apache-maven-3.5.3\bin\.. -Dlibrary.jansi.path=C:\Program Files\apache-maven-3.5.3\bin\..\lib\jansi-native -Dmaven.multiModuleProjectDirectory=C:\Users\Marko\Documents\FAKS\OPJJ\EclipseWorkspaces\zadace\hw17-0036487190 org.codehaus.plexus.classworlds.launcher.Launcher jetty:run

Host: Intel(R) Pentium(R) CPU 3825U @ 1.90GHz, 4 cores, 7G,  Windows 10 , 64 bit Build 16299 (10.0.16299.431)
Time: Wed Jul 04 15:38:43 2018 Srednja Europa - ljet. vrij. elapsed time: 5 seconds (0d 0h 0m 5s)

---------------  T H R E A D  ---------------

Current thread (0x0000021ab4d2a000):  JavaThread "C2 CompilerThread0" daemon [_thread_in_native, id=4720, stack(0x0000004611300000,0x0000004611400000)]


Current CompileTask:
C2:   5174 3254   !   4       org.codehaus.plexus.interpolation.StringSearchInterpolator::interpolate (650 bytes)

Stack: [0x0000004611300000,0x0000004611400000]
Native frames: (J=compiled Java code, j=interpreted, Vv=VM code, C=native code)
V  [jvm.dll+0x587068]
V  [jvm.dll+0x69c25e]
V  [jvm.dll+0x69d17a]
V  [jvm.dll+0x69d7b3]
V  [jvm.dll+0x21d198]
V  [jvm.dll+0xa7aac]
V  [jvm.dll+0xa83ec]
V  [jvm.dll+0x28b3a4]
V  [jvm.dll+0x4aedea]
V  [jvm.dll+0x1eb649]
V  [jvm.dll+0x1e8d11]
V  [jvm.dll+0x1691cb]
V  [jvm.dll+0x1f6570]
V  [jvm.dll+0x1f51f6]
V  [jvm.dll+0x66b44f]
V  [jvm.dll+0x586490]
C  [msvcr120.dll+0x24f7f]
C  [msvcr120.dll+0x25126]
C  [KERNEL32.DLL+0x11fe4]
C  [ntdll.dll+0x6cb31]


---------------  P R O C E S S  ---------------

Java Threads: ( => current thread )
  0x0000021ab5039000 JavaThread "Service Thread" daemon [_thread_blocked, id=4916, stack(0x0000004611800000,0x0000004611900000)]
  0x0000021ab4f18800 JavaThread "Common-Cleaner" daemon [_thread_blocked, id=8432, stack(0x0000004611700000,0x0000004611800000)]
  0x0000021ab4d46000 JavaThread "Sweeper thread" daemon [_thread_blocked, id=2032, stack(0x0000004611600000,0x0000004611700000)]
  0x0000021ab4d31800 JavaThread "C1 CompilerThread2" daemon [_thread_blocked, id=4456, stack(0x0000004611500000,0x0000004611600000)]
  0x0000021ab4d2f000 JavaThread "C2 CompilerThread1" daemon [_thread_in_native, id=9604, stack(0x0000004611400000,0x0000004611500000)]
=>0x0000021ab4d2a000 JavaThread "C2 CompilerThread0" daemon [_thread_in_native, id=4720, stack(0x0000004611300000,0x0000004611400000)]
  0x0000021ab4d29000 JavaThread "Attach Listener" daemon [_thread_blocked, id=4608, stack(0x0000004611200000,0x0000004611300000)]
  0x0000021ab4d28800 JavaThread "Signal Dispatcher" daemon [_thread_blocked, id=7328, stack(0x0000004611100000,0x0000004611200000)]
  0x0000021ab4cd5000 JavaThread "Finalizer" daemon [_thread_blocked, id=7716, stack(0x0000004611000000,0x0000004611100000)]
  0x0000021ab4cd0000 JavaThread "Reference Handler" daemon [_thread_blocked, id=12456, stack(0x0000004610f00000,0x0000004611000000)]
  0x0000021a91992800 JavaThread "main" [_thread_in_native, id=9100, stack(0x0000004610200000,0x0000004610300000)]

Other Threads:
  0x0000021ab4cca000 VMThread "VM Thread" [stack: 0x0000004610e00000,0x0000004610f00000] [id=5084]
  0x0000021ab503b800 WatcherThread [stack: 0x0000004611900000,0x0000004611a00000] [id=4352]
  0x0000021a919a9800 GCTaskThread "GC Thread#0" [stack: 0x0000004610300000,0x0000004610400000] [id=13252]
  0x0000021a919aa800 GCTaskThread "GC Thread#1" [stack: 0x0000004610400000,0x0000004610500000] [id=6076]
  0x0000021a919ac800 GCTaskThread "GC Thread#2" [stack: 0x0000004610500000,0x0000004610600000] [id=9444]
  0x0000021a919af800 GCTaskThread "GC Thread#3" [stack: 0x0000004610600000,0x0000004610700000] [id=6644]
  0x0000021a91a30800 ConcurrentGCThread "G1 Main Marker" [stack: 0x0000004610c00000,0x0000004610d00000] [id=13228]
  0x0000021a91a32000 ConcurrentGCThread "G1 Marker#0" [stack: 0x0000004610d00000,0x0000004610e00000] [id=11836]
  0x0000021a919c0000 ConcurrentGCThread "G1 Refine#0" [stack: 0x0000004610a00000,0x0000004610b00000] [id=10684]
  0x0000021a919ba800 ConcurrentGCThread "G1 Refine#1" [stack: 0x0000004610900000,0x0000004610a00000] [id=11176]
  0x0000021a919b8000 ConcurrentGCThread "G1 Refine#2" [stack: 0x0000004610800000,0x0000004610900000] [id=11664]
  0x0000021a919b3800 ConcurrentGCThread "G1 Refine#3" [stack: 0x0000004610700000,0x0000004610800000] [id=10116]
  0x0000021a919c9800 ConcurrentGCThread "G1 Young RemSet Sampling" [stack: 0x0000004610b00000,0x0000004610c00000] [id=8748]

Threads with active compile tasks:
C2 CompilerThread13451       4       org.codehaus.plexus.classworlds.realm.Entry::matches (282 bytes)
C2 CompilerThread03254   !   4       org.codehaus.plexus.interpolation.StringSearchInterpolator::interpolate (650 bytes)

VM state:not at safepoint (normal execution)

VM Mutex/Monitor currently owned by a thread: None

Heap address: 0x0000000081400000, size: 2028 MB, Compressed Oops mode: 32-bit
Narrow klass base: 0x0000000000000000, Narrow klass shift: 3
Compressed class space size: 1073741824 Address: 0x0000000100000000

Heap:
 garbage-first heap   total 157696K, used 40033K [0x0000000081400000, 0x00000000815004d0, 0x0000000100000000)
  region size 1024K, 31 young (31744K), 2 survivors (2048K)
 Metaspace       used 21482K, capacity 21940K, committed 22320K, reserved 1069056K
  class space    used 2276K, capacity 2416K, committed 2432K, reserved 1048576K
Heap Regions: E=young(eden), S=young(survivor), O=old, HS=humongous(starts), HC=humongous(continues), CS=collection set, F=free, A=archive, TS=gc time stamp, AC=allocation context, TAMS=top-at-mark-start (previous, next)
|   0|0x0000000081400000, 0x0000000081500000, 0x0000000081500000|100%| O|  |TS  0|AC  0|TAMS 0x0000000081500000, 0x0000000081500000|
|   1|0x0000000081500000, 0x0000000081600000, 0x0000000081600000|100%| O|  |TS  0|AC  0|TAMS 0x0000000081600000, 0x0000000081600000|
|   2|0x0000000081600000, 0x0000000081700000, 0x0000000081700000|100%| O|  |TS  0|AC  0|TAMS 0x0000000081700000, 0x0000000081700000|
|   3|0x0000000081700000, 0x0000000081800000, 0x0000000081800000|100%| O|  |TS  0|AC  0|TAMS 0x0000000081800000, 0x0000000081800000|
|   4|0x0000000081800000, 0x0000000081900000, 0x0000000081900000|100%| O|  |TS  0|AC  0|TAMS 0x0000000081900000, 0x0000000081900000|
|   5|0x0000000081900000, 0x0000000081a00000, 0x0000000081a00000|100%| O|  |TS  0|AC  0|TAMS 0x0000000081a00000, 0x0000000081a00000|
|   6|0x0000000081a00000, 0x0000000081b00000, 0x0000000081b00000|100%| O|  |TS  0|AC  0|TAMS 0x0000000081b00000, 0x0000000081b00000|
|   7|0x0000000081b00000, 0x0000000081c00000, 0x0000000081c00000|100%| O|  |TS  0|AC  0|TAMS 0x0000000081c00000, 0x0000000081c00000|
|   8|0x0000000081c00000, 0x0000000081d00000, 0x0000000081d00000|100%| O|  |TS  0|AC  0|TAMS 0x0000000081d00000, 0x0000000081d00000|
|   9|0x0000000081d00000, 0x0000000081db9e00, 0x0000000081e00000| 72%| O|  |TS  0|AC  0|TAMS 0x0000000081db9e00, 0x0000000081db9e00|
|  10|0x0000000081e00000, 0x0000000081e00000, 0x0000000081f00000|  0%| F|  |TS  0|AC  0|TAMS 0x0000000081e00000, 0x0000000081e00000|
|  11|0x0000000081f00000, 0x0000000081f00000, 0x0000000082000000|  0%| F|  |TS  0|AC  0|TAMS 0x0000000081f00000, 0x0000000081f00000|
|  12|0x0000000082000000, 0x0000000082000000, 0x0000000082100000|  0%| F|  |TS  0|AC  0|TAMS 0x0000000082000000, 0x0000000082000000|
|  13|0x0000000082100000, 0x0000000082100000, 0x0000000082200000|  0%| F|  |TS  0|AC  0|TAMS 0x0000000082100000, 0x0000000082100000|
|  14|0x0000000082200000, 0x0000000082200000, 0x0000000082300000|  0%| F|  |TS  0|AC  0|TAMS 0x0000000082200000, 0x0000000082200000|
|  15|0x0000000082300000, 0x0000000082300000, 0x0000000082400000|  0%| F|  |TS  0|AC  0|TAMS 0x0000000082300000, 0x0000000082300000|
|  16|0x0000000082400000, 0x0000000082400000, 0x0000000082500000|  0%| F|  |TS  0|AC  0|TAMS 0x0000000082400000, 0x0000000082400000|
|  17|0x0000000082500000, 0x0000000082500000, 0x0000000082600000|  0%| F|  |TS  0|AC  0|TAMS 0x0000000082500000, 0x0000000082500000|
|  18|0x0000000082600000, 0x0000000082600000, 0x0000000082700000|  0%| F|  |TS  0|AC  0|TAMS 0x0000000082600000, 0x0000000082600000|
|  19|0x0000000082700000, 0x0000000082700000, 0x0000000082800000|  0%| F|  |TS  0|AC  0|TAMS 0x0000000082700000, 0x0000000082700000|
|  20|0x0000000082800000, 0x0000000082800000, 0x0000000082900000|  0%| F|  |TS  0|AC  0|TAMS 0x0000000082800000, 0x0000000082800000|
|  21|0x0000000082900000, 0x0000000082900000, 0x0000000082a00000|  0%| F|  |TS  0|AC  0|TAMS 0x0000000082900000, 0x0000000082900000|
|  22|0x0000000082a00000, 0x0000000082a00000, 0x0000000082b00000|  0%| F|  |TS  0|AC  0|TAMS 0x0000000082a00000, 0x0000000082a00000|
|  23|0x0000000082b00000, 0x0000000082b00000, 0x0000000082c00000|  0%| F|  |TS  0|AC  0|TAMS 0x0000000082b00000, 0x0000000082b00000|
|  24|0x0000000082c00000, 0x0000000082c00000, 0x0000000082d00000|  0%| F|  |TS  0|AC  0|TAMS 0x0000000082c00000, 0x0000000082c00000|
|  25|0x0000000082d00000, 0x0000000082d00000, 0x0000000082e00000|  0%| F|  |TS  0|AC  0|TAMS 0x0000000082d00000, 0x0000000082d00000|
|  26|0x0000000082e00000, 0x0000000082e00000, 0x0000000082f00000|  0%| F|  |TS  0|AC  0|TAMS 0x0000000082e00000, 0x0000000082e00000|
|  27|0x0000000082f00000, 0x0000000082f00000, 0x0000000083000000|  0%| F|  |TS  0|AC  0|TAMS 0x0000000082f00000, 0x0000000082f00000|
|  28|0x0000000083000000, 0x0000000083000000, 0x0000000083100000|  0%| F|  |TS  0|AC  0|TAMS 0x0000000083000000, 0x0000000083000000|
|  29|0x0000000083100000, 0x0000000083100000, 0x0000000083200000|  0%| F|  |TS  0|AC  0|TAMS 0x0000000083100000, 0x0000000083100000|
|  30|0x0000000083200000, 0x0000000083200000, 0x0000000083300000|  0%| F|  |TS  0|AC  0|TAMS 0x0000000083200000, 0x0000000083200000|
|  31|0x0000000083300000, 0x0000000083300000, 0x0000000083400000|  0%| F|  |TS  0|AC  0|TAMS 0x0000000083300000, 0x0000000083300000|
|  32|0x0000000083400000, 0x0000000083400000, 0x0000000083500000|  0%| F|  |TS  0|AC  0|TAMS 0x0000000083400000, 0x0000000083400000|
|  33|0x0000000083500000, 0x0000000083500000, 0x0000000083600000|  0%| F|  |TS  0|AC  0|TAMS 0x0000000083500000, 0x0000000083500000|
|  34|0x0000000083600000, 0x0000000083600000, 0x0000000083700000|  0%| F|  |TS  0|AC  0|TAMS 0x0000000083600000, 0x0000000083600000|
|  35|0x0000000083700000, 0x0000000083700000, 0x0000000083800000|  0%| F|  |TS  0|AC  0|TAMS 0x0000000083700000, 0x0000000083700000|
|  36|0x0000000083800000, 0x0000000083800000, 0x0000000083900000|  0%| F|  |TS  0|AC  0|TAMS 0x0000000083800000, 0x0000000083800000|
|  37|0x0000000083900000, 0x0000000083900000, 0x0000000083a00000|  0%| F|  |TS  0|AC  0|TAMS 0x0000000083900000, 0x0000000083900000|
|  38|0x0000000083a00000, 0x0000000083a00000, 0x0000000083b00000|  0%| F|  |TS  0|AC  0|TAMS 0x0000000083a00000, 0x0000000083a00000|
|  39|0x0000000083b00000, 0x0000000083b00000, 0x0000000083c00000|  0%| F|  |TS  0|AC  0|TAMS 0x0000000083b00000, 0x0000000083b00000|
|  40|0x0000000083c00000, 0x0000000083c00000, 0x0000000083d00000|  0%| F|  |TS  0|AC  0|TAMS 0x0000000083c00000, 0x0000000083c00000|
|  41|0x0000000083d00000, 0x0000000083d00000, 0x0000000083e00000|  0%| F|  |TS  0|AC  0|TAMS 0x0000000083d00000, 0x0000000083d00000|
|  42|0x0000000083e00000, 0x0000000083e00000, 0x0000000083f00000|  0%| F|  |TS  0|AC  0|TAMS 0x0000000083e00000, 0x0000000083e00000|
|  43|0x0000000083f00000, 0x0000000083f00000, 0x0000000084000000|  0%| F|  |TS  0|AC  0|TAMS 0x0000000083f00000, 0x0000000083f00000|
|  44|0x0000000084000000, 0x0000000084000000, 0x0000000084100000|  0%| F|  |TS  0|AC  0|TAMS 0x0000000084000000, 0x0000000084000000|
|  45|0x0000000084100000, 0x0000000084100000, 0x0000000084200000|  0%| F|  |TS  0|AC  0|TAMS 0x0000000084100000, 0x0000000084100000|
|  46|0x0000000084200000, 0x0000000084200000, 0x0000000084300000|  0%| F|  |TS  0|AC  0|TAMS 0x0000000084200000, 0x0000000084200000|
|  47|0x0000000084300000, 0x0000000084300000, 0x0000000084400000|  0%| F|  |TS  0|AC  0|TAMS 0x0000000084300000, 0x0000000084300000|
|  48|0x0000000084400000, 0x0000000084400000, 0x0000000084500000|  0%| F|  |TS  0|AC  0|TAMS 0x0000000084400000, 0x0000000084400000|
|  49|0x0000000084500000, 0x0000000084500000, 0x0000000084600000|  0%| F|  |TS  0|AC  0|TAMS 0x0000000084500000, 0x0000000084500000|
|  50|0x0000000084600000, 0x0000000084600000, 0x0000000084700000|  0%| F|  |TS  0|AC  0|TAMS 0x0000000084600000, 0x0000000084600000|
|  51|0x0000000084700000, 0x0000000084700000, 0x0000000084800000|  0%| F|  |TS  0|AC  0|TAMS 0x0000000084700000, 0x0000000084700000|
|  52|0x0000000084800000, 0x0000000084800000, 0x0000000084900000|  0%| F|  |TS  0|AC  0|TAMS 0x0000000084800000, 0x0000000084800000|
|  53|0x0000000084900000, 0x0000000084900000, 0x0000000084a00000|  0%| F|  |TS  0|AC  0|TAMS 0x0000000084900000, 0x0000000084900000|
|  54|0x0000000084a00000, 0x0000000084a00000, 0x0000000084b00000|  0%| F|  |TS  0|AC  0|TAMS 0x0000000084a00000, 0x0000000084a00000|
|  55|0x0000000084b00000, 0x0000000084b00000, 0x0000000084c00000|  0%| F|  |TS  0|AC  0|TAMS 0x0000000084b00000, 0x0000000084b00000|
|  56|0x0000000084c00000, 0x0000000084c00000, 0x0000000084d00000|  0%| F|  |TS  0|AC  0|TAMS 0x0000000084c00000, 0x0000000084c00000|
|  57|0x0000000084d00000, 0x0000000084d00000, 0x0000000084e00000|  0%| F|  |TS  0|AC  0|TAMS 0x0000000084d00000, 0x0000000084d00000|
|  58|0x0000000084e00000, 0x0000000084e00000, 0x0000000084f00000|  0%| F|  |TS  0|AC  0|TAMS 0x0000000084e00000, 0x0000000084e00000|
|  59|0x0000000084f00000, 0x0000000084f00000, 0x0000000085000000|  0%| F|  |TS  0|AC  0|TAMS 0x0000000084f00000, 0x0000000084f00000|
|  60|0x0000000085000000, 0x0000000085000000, 0x0000000085100000|  0%| F|  |TS  0|AC  0|TAMS 0x0000000085000000, 0x0000000085000000|
|  61|0x0000000085100000, 0x0000000085100000, 0x0000000085200000|  0%| F|  |TS  0|AC  0|TAMS 0x0000000085100000, 0x0000000085100000|
|  62|0x0000000085200000, 0x0000000085200000, 0x0000000085300000|  0%| F|  |TS  0|AC  0|TAMS 0x0000000085200000, 0x0000000085200000|
|  63|0x0000000085300000, 0x0000000085300000, 0x0000000085400000|  0%| F|  |TS  0|AC  0|TAMS 0x0000000085300000, 0x0000000085300000|
|  64|0x0000000085400000, 0x0000000085400000, 0x0000000085500000|  0%| F|  |TS  0|AC  0|TAMS 0x0000000085400000, 0x0000000085400000|
|  65|0x0000000085500000, 0x0000000085500000, 0x0000000085600000|  0%| F|  |TS  0|AC  0|TAMS 0x0000000085500000, 0x0000000085500000|
|  66|0x0000000085600000, 0x0000000085600000, 0x0000000085700000|  0%| F|  |TS  0|AC  0|TAMS 0x0000000085600000, 0x0000000085600000|
|  67|0x0000000085700000, 0x0000000085700000, 0x0000000085800000|  0%| F|  |TS  0|AC  0|TAMS 0x0000000085700000, 0x0000000085700000|
|  68|0x0000000085800000, 0x0000000085800000, 0x0000000085900000|  0%| F|  |TS  0|AC  0|TAMS 0x0000000085800000, 0x0000000085800000|
|  69|0x0000000085900000, 0x0000000085900000, 0x0000000085a00000|  0%| F|  |TS  0|AC  0|TAMS 0x0000000085900000, 0x0000000085900000|
|  70|0x0000000085a00000, 0x0000000085a00000, 0x0000000085b00000|  0%| F|  |TS  0|AC  0|TAMS 0x0000000085a00000, 0x0000000085a00000|
|  71|0x0000000085b00000, 0x0000000085b00000, 0x0000000085c00000|  0%| F|  |TS  0|AC  0|TAMS 0x0000000085b00000, 0x0000000085b00000|
|  72|0x0000000085c00000, 0x0000000085c00000, 0x0000000085d00000|  0%| F|  |TS  0|AC  0|TAMS 0x0000000085c00000, 0x0000000085c00000|
|  73|0x0000000085d00000, 0x0000000085d00000, 0x0000000085e00000|  0%| F|  |TS  0|AC  0|TAMS 0x0000000085d00000, 0x0000000085d00000|
|  74|0x0000000085e00000, 0x0000000085e00000, 0x0000000085f00000|  0%| F|  |TS  0|AC  0|TAMS 0x0000000085e00000, 0x0000000085e00000|
|  75|0x0000000085f00000, 0x0000000085f00000, 0x0000000086000000|  0%| F|  |TS  0|AC  0|TAMS 0x0000000085f00000, 0x0000000085f00000|
|  76|0x0000000086000000, 0x0000000086000000, 0x0000000086100000|  0%| F|  |TS  0|AC  0|TAMS 0x0000000086000000, 0x0000000086000000|
|  77|0x0000000086100000, 0x0000000086100000, 0x0000000086200000|  0%| F|  |TS  0|AC  0|TAMS 0x0000000086100000, 0x0000000086100000|
|  78|0x0000000086200000, 0x0000000086200000, 0x0000000086300000|  0%| F|  |TS  0|AC  0|TAMS 0x0000000086200000, 0x0000000086200000|
|  79|0x0000000086300000, 0x0000000086300000, 0x0000000086400000|  0%| F|  |TS  0|AC  0|TAMS 0x0000000086300000, 0x0000000086300000|
|  80|0x0000000086400000, 0x0000000086400000, 0x0000000086500000|  0%| F|  |TS  0|AC  0|TAMS 0x0000000086400000, 0x0000000086400000|
|  81|0x0000000086500000, 0x0000000086500000, 0x0000000086600000|  0%| F|  |TS  0|AC  0|TAMS 0x0000000086500000, 0x0000000086500000|
|  82|0x0000000086600000, 0x0000000086600000, 0x0000000086700000|  0%| F|  |TS  0|AC  0|TAMS 0x0000000086600000, 0x0000000086600000|
|  83|0x0000000086700000, 0x0000000086700000, 0x0000000086800000|  0%| F|  |TS  0|AC  0|TAMS 0x0000000086700000, 0x0000000086700000|
|  84|0x0000000086800000, 0x0000000086800000, 0x0000000086900000|  0%| F|  |TS  0|AC  0|TAMS 0x0000000086800000, 0x0000000086800000|
|  85|0x0000000086900000, 0x0000000086900000, 0x0000000086a00000|  0%| F|  |TS  0|AC  0|TAMS 0x0000000086900000, 0x0000000086900000|
|  86|0x0000000086a00000, 0x0000000086a00000, 0x0000000086b00000|  0%| F|  |TS  0|AC  0|TAMS 0x0000000086a00000, 0x0000000086a00000|
|  87|0x0000000086b00000, 0x0000000086b00000, 0x0000000086c00000|  0%| F|  |TS  0|AC  0|TAMS 0x0000000086b00000, 0x0000000086b00000|
|  88|0x0000000086c00000, 0x0000000086c00000, 0x0000000086d00000|  0%| F|  |TS  0|AC  0|TAMS 0x0000000086c00000, 0x0000000086c00000|
|  89|0x0000000086d00000, 0x0000000086d00000, 0x0000000086e00000|  0%| F|  |TS  0|AC  0|TAMS 0x0000000086d00000, 0x0000000086d00000|
|  90|0x0000000086e00000, 0x0000000086e00000, 0x0000000086f00000|  0%| F|  |TS  0|AC  0|TAMS 0x0000000086e00000, 0x0000000086e00000|
|  91|0x0000000086f00000, 0x0000000086f00000, 0x0000000087000000|  0%| F|  |TS  0|AC  0|TAMS 0x0000000086f00000, 0x0000000086f00000|
|  92|0x0000000087000000, 0x0000000087000000, 0x0000000087100000|  0%| F|  |TS  0|AC  0|TAMS 0x0000000087000000, 0x0000000087000000|
|  93|0x0000000087100000, 0x0000000087100000, 0x0000000087200000|  0%| F|  |TS  0|AC  0|TAMS 0x0000000087100000, 0x0000000087100000|
|  94|0x0000000087200000, 0x0000000087200000, 0x0000000087300000|  0%| F|  |TS  0|AC  0|TAMS 0x0000000087200000, 0x0000000087200000|
|  95|0x0000000087300000, 0x0000000087300000, 0x0000000087400000|  0%| F|  |TS  0|AC  0|TAMS 0x0000000087300000, 0x0000000087300000|
|  96|0x0000000087400000, 0x0000000087400000, 0x0000000087500000|  0%| F|  |TS  0|AC  0|TAMS 0x0000000087400000, 0x0000000087400000|
|  97|0x0000000087500000, 0x0000000087500000, 0x0000000087600000|  0%| F|  |TS  0|AC  0|TAMS 0x0000000087500000, 0x0000000087500000|
|  98|0x0000000087600000, 0x0000000087600000, 0x0000000087700000|  0%| F|  |TS  0|AC  0|TAMS 0x0000000087600000, 0x0000000087600000|
|  99|0x0000000087700000, 0x0000000087700000, 0x0000000087800000|  0%| F|  |TS  0|AC  0|TAMS 0x0000000087700000, 0x0000000087700000|
| 100|0x0000000087800000, 0x0000000087800000, 0x0000000087900000|  0%| F|  |TS  0|AC  0|TAMS 0x0000000087800000, 0x0000000087800000|
| 101|0x0000000087900000, 0x0000000087900000, 0x0000000087a00000|  0%| F|  |TS  0|AC  0|TAMS 0x0000000087900000, 0x0000000087900000|
| 102|0x0000000087a00000, 0x0000000087a00000, 0x0000000087b00000|  0%| F|  |TS  0|AC  0|TAMS 0x0000000087a00000, 0x0000000087a00000|
| 103|0x0000000087b00000, 0x0000000087b00000, 0x0000000087c00000|  0%| F|  |TS  0|AC  0|TAMS 0x0000000087b00000, 0x0000000087b00000|
| 104|0x0000000087c00000, 0x0000000087c00000, 0x0000000087d00000|  0%| F|  |TS  0|AC  0|TAMS 0x0000000087c00000, 0x0000000087c00000|
| 105|0x0000000087d00000, 0x0000000087d00000, 0x0000000087e00000|  0%| F|  |TS  0|AC  0|TAMS 0x0000000087d00000, 0x0000000087d00000|
| 106|0x0000000087e00000, 0x0000000087e00000, 0x0000000087f00000|  0%| F|  |TS  0|AC  0|TAMS 0x0000000087e00000, 0x0000000087e00000|
| 107|0x0000000087f00000, 0x0000000087f00000, 0x0000000088000000|  0%| F|  |TS  0|AC  0|TAMS 0x0000000087f00000, 0x0000000087f00000|
| 108|0x0000000088000000, 0x0000000088000000, 0x0000000088100000|  0%| F|  |TS  0|AC  0|TAMS 0x0000000088000000, 0x0000000088000000|
| 109|0x0000000088100000, 0x0000000088100000, 0x0000000088200000|  0%| F|  |TS  0|AC  0|TAMS 0x0000000088100000, 0x0000000088100000|
| 110|0x0000000088200000, 0x0000000088200000, 0x0000000088300000|  0%| F|  |TS  0|AC  0|TAMS 0x0000000088200000, 0x0000000088200000|
| 111|0x0000000088300000, 0x0000000088300000, 0x0000000088400000|  0%| F|  |TS  0|AC  0|TAMS 0x0000000088300000, 0x0000000088300000|
| 112|0x0000000088400000, 0x0000000088400000, 0x0000000088500000|  0%| F|  |TS  0|AC  0|TAMS 0x0000000088400000, 0x0000000088400000|
| 113|0x0000000088500000, 0x0000000088500000, 0x0000000088600000|  0%| F|  |TS  0|AC  0|TAMS 0x0000000088500000, 0x0000000088500000|
| 114|0x0000000088600000, 0x0000000088600000, 0x0000000088700000|  0%| F|  |TS  0|AC  0|TAMS 0x0000000088600000, 0x0000000088600000|
| 115|0x0000000088700000, 0x0000000088700000, 0x0000000088800000|  0%| F|  |TS  0|AC  0|TAMS 0x0000000088700000, 0x0000000088700000|
| 116|0x0000000088800000, 0x0000000088800000, 0x0000000088900000|  0%| F|  |TS  0|AC  0|TAMS 0x0000000088800000, 0x0000000088800000|
| 117|0x0000000088900000, 0x0000000088900000, 0x0000000088a00000|  0%| F|  |TS  0|AC  0|TAMS 0x0000000088900000, 0x0000000088900000|
| 118|0x0000000088a00000, 0x0000000088a00000, 0x0000000088b00000|  0%| F|  |TS  0|AC  0|TAMS 0x0000000088a00000, 0x0000000088a00000|
| 119|0x0000000088b00000, 0x0000000088b00000, 0x0000000088c00000|  0%| F|  |TS  0|AC  0|TAMS 0x0000000088b00000, 0x0000000088b00000|
| 120|0x0000000088c00000, 0x0000000088c00000, 0x0000000088d00000|  0%| F|  |TS  0|AC  0|TAMS 0x0000000088c00000, 0x0000000088c00000|
| 121|0x0000000088d00000, 0x0000000088d00000, 0x0000000088e00000|  0%| F|  |TS  0|AC  0|TAMS 0x0000000088d00000, 0x0000000088d00000|
| 122|0x0000000088e00000, 0x0000000088e00000, 0x0000000088f00000|  0%| F|  |TS  0|AC  0|TAMS 0x0000000088e00000, 0x0000000088e00000|
| 123|0x0000000088f00000, 0x0000000089000000, 0x0000000089000000|100%| E|  |TS  0|AC  0|TAMS 0x0000000088f00000, 0x0000000088f00000|
| 124|0x0000000089000000, 0x0000000089100000, 0x0000000089100000|100%| E|CS|TS  0|AC  0|TAMS 0x0000000089000000, 0x0000000089000000|
| 125|0x0000000089100000, 0x000000008915e6e8, 0x0000000089200000| 36%| S|CS|TS  0|AC  0|TAMS 0x0000000089100000, 0x0000000089100000|
| 126|0x0000000089200000, 0x0000000089300000, 0x0000000089300000|100%| S|CS|TS  0|AC  0|TAMS 0x0000000089200000, 0x0000000089200000|
| 127|0x0000000089300000, 0x0000000089400000, 0x0000000089400000|100%| E|CS|TS  0|AC  0|TAMS 0x0000000089300000, 0x0000000089300000|
| 128|0x0000000089400000, 0x0000000089500000, 0x0000000089500000|100%| E|CS|TS  0|AC  0|TAMS 0x0000000089400000, 0x0000000089400000|
| 129|0x0000000089500000, 0x0000000089600000, 0x0000000089600000|100%| E|CS|TS  0|AC  0|TAMS 0x0000000089500000, 0x0000000089500000|
| 130|0x0000000089600000, 0x0000000089700000, 0x0000000089700000|100%| E|CS|TS  0|AC  0|TAMS 0x0000000089600000, 0x0000000089600000|
| 131|0x0000000089700000, 0x0000000089800000, 0x0000000089800000|100%| E|CS|TS  0|AC  0|TAMS 0x0000000089700000, 0x0000000089700000|
| 132|0x0000000089800000, 0x0000000089900000, 0x0000000089900000|100%| E|CS|TS  0|AC  0|TAMS 0x0000000089800000, 0x0000000089800000|
| 133|0x0000000089900000, 0x0000000089a00000, 0x0000000089a00000|100%| E|CS|TS  0|AC  0|TAMS 0x0000000089900000, 0x0000000089900000|
| 134|0x0000000089a00000, 0x0000000089b00000, 0x0000000089b00000|100%| E|CS|TS  0|AC  0|TAMS 0x0000000089a00000, 0x0000000089a00000|
| 135|0x0000000089b00000, 0x0000000089c00000, 0x0000000089c00000|100%| E|CS|TS  0|AC  0|TAMS 0x0000000089b00000, 0x0000000089b00000|
| 136|0x0000000089c00000, 0x0000000089d00000, 0x0000000089d00000|100%| E|CS|TS  0|AC  0|TAMS 0x0000000089c00000, 0x0000000089c00000|
| 137|0x0000000089d00000, 0x0000000089e00000, 0x0000000089e00000|100%| E|CS|TS  0|AC  0|TAMS 0x0000000089d00000, 0x0000000089d00000|
| 138|0x0000000089e00000, 0x0000000089f00000, 0x0000000089f00000|100%| E|CS|TS  0|AC  0|TAMS 0x0000000089e00000, 0x0000000089e00000|
| 139|0x0000000089f00000, 0x000000008a000000, 0x000000008a000000|100%| E|CS|TS  0|AC  0|TAMS 0x0000000089f00000, 0x0000000089f00000|
| 140|0x000000008a000000, 0x000000008a100000, 0x000000008a100000|100%| E|CS|TS  0|AC  0|TAMS 0x000000008a000000, 0x000000008a000000|
| 141|0x000000008a100000, 0x000000008a200000, 0x000000008a200000|100%| E|CS|TS  0|AC  0|TAMS 0x000000008a100000, 0x000000008a100000|
| 142|0x000000008a200000, 0x000000008a300000, 0x000000008a300000|100%| E|CS|TS  0|AC  0|TAMS 0x000000008a200000, 0x000000008a200000|
| 143|0x000000008a300000, 0x000000008a400000, 0x000000008a400000|100%| E|CS|TS  0|AC  0|TAMS 0x000000008a300000, 0x000000008a300000|
| 144|0x000000008a400000, 0x000000008a500000, 0x000000008a500000|100%| E|CS|TS  0|AC  0|TAMS 0x000000008a400000, 0x000000008a400000|
| 145|0x000000008a500000, 0x000000008a600000, 0x000000008a600000|100%| E|CS|TS  0|AC  0|TAMS 0x000000008a500000, 0x000000008a500000|
| 146|0x000000008a600000, 0x000000008a700000, 0x000000008a700000|100%| E|CS|TS  0|AC  0|TAMS 0x000000008a600000, 0x000000008a600000|
| 147|0x000000008a700000, 0x000000008a800000, 0x000000008a800000|100%| E|CS|TS  0|AC  0|TAMS 0x000000008a700000, 0x000000008a700000|
| 148|0x000000008a800000, 0x000000008a900000, 0x000000008a900000|100%| E|CS|TS  0|AC  0|TAMS 0x000000008a800000, 0x000000008a800000|
| 149|0x000000008a900000, 0x000000008aa00000, 0x000000008aa00000|100%| E|CS|TS  0|AC  0|TAMS 0x000000008a900000, 0x000000008a900000|
| 150|0x000000008aa00000, 0x000000008ab00000, 0x000000008ab00000|100%| E|CS|TS  0|AC  0|TAMS 0x000000008aa00000, 0x000000008aa00000|
| 151|0x000000008ab00000, 0x000000008ac00000, 0x000000008ac00000|100%| E|CS|TS  0|AC  0|TAMS 0x000000008ab00000, 0x000000008ab00000|
| 152|0x000000008ac00000, 0x000000008ad00000, 0x000000008ad00000|100%| E|CS|TS  0|AC  0|TAMS 0x000000008ac00000, 0x000000008ac00000|
| 153|0x000000008ad00000, 0x000000008ae00000, 0x000000008ae00000|100%| E|CS|TS  0|AC  0|TAMS 0x000000008ad00000, 0x000000008ad00000|

Card table byte_map: [0x0000021aad6d0000,0x0000021aadad0000] byte_map_base: 0x0000021aad2c6000

Marking Bits (Prev, Next): (CMBitMap*) 0x0000021a91a2fbe8, (CMBitMap*) 0x0000021a91a2fbb0
 Prev Bits: [0x0000021aafe80000, 0x0000021ab1e30000)
 Next Bits: [0x0000021aaded0000, 0x0000021aafe80000)

Polling page: 0x0000021a8f760000

CodeHeap 'non-profiled nmethods': size=120064Kb used=1725Kb max_used=1725Kb free=118338Kb
 bounds [0x0000021aa5460000, 0x0000021aa56d0000, 0x0000021aac9a0000]
CodeHeap 'profiled nmethods': size=120000Kb used=8084Kb max_used=8084Kb free=111915Kb
 bounds [0x0000021a9df30000, 0x0000021a9e720000, 0x0000021aa5460000]
CodeHeap 'non-nmethods': size=5696Kb used=1268Kb max_used=1294Kb free=4427Kb
 bounds [0x0000021a9d9a0000, 0x0000021a9dc10000, 0x0000021a9df30000]
 total_blobs=4630 nmethods=3467 adapters=332
 compilation: enabled

Compilation events (10 events):
Event: 5.158 Thread 0x0000021ab4d31800 nmethod 3432 0x0000021aa560bd90 code [0x0000021aa560bf40, 0x0000021aa560c058]
Event: 5.159 Thread 0x0000021ab4d31800 3433       3       sun.nio.fs.NativeBuffers::getNativeBufferFromCache (51 bytes)
Event: 5.160 Thread 0x0000021ab4d31800 nmethod 3433 0x0000021a9e6ed190 code [0x0000021a9e6ed380, 0x0000021a9e6ed9d0]
Event: 5.160 Thread 0x0000021ab4d31800 3435       3       sun.nio.fs.NativeBuffers::releaseNativeBuffer (97 bytes)
Event: 5.161 Thread 0x0000021ab4d31800 nmethod 3435 0x0000021a9e6edb90 code [0x0000021a9e6ede40, 0x0000021a9e6eef60]
Event: 5.161 Thread 0x0000021ab4d31800 3434       3       sun.nio.fs.NativeBuffer::release (5 bytes)
Event: 5.161 Thread 0x0000021ab4d31800 nmethod 3434 0x0000021a9e6ef410 code [0x0000021a9e6ef5c0, 0x0000021a9e6ef750]
Event: 5.161 Thread 0x0000021ab4d31800 3436       1       sun.nio.fs.WindowsFileSystem::provider (5 bytes)
Event: 5.161 Thread 0x0000021ab4d31800 nmethod 3436 0x0000021aa560c110 code [0x0000021aa560c2c0, 0x0000021aa560c3d8]
Event: 5.165 Thread 0x0000021ab4d31800 3437       3       java.util.Hashtable::<init> (114 bytes)

GC Heap History (10 events):
Event: 0.835 GC heap before
{Heap before GC invocations=0 (full 0):
 garbage-first heap   total 131072K, used 14336K [0x0000000081400000, 0x0000000081500400, 0x0000000100000000)
  region size 1024K, 14 young (14336K), 0 survivors (0K)
 Metaspace       used 10115K, capacity 10480K, committed 10624K, reserved 1058816K
  class space    used 964K, capacity 1070K, committed 1152K, reserved 1048576K
}
Event: 0.844 GC heap after
{Heap after GC invocations=1 (full 0):
 garbage-first heap   total 131072K, used 4649K [0x0000000081400000, 0x0000000081500400, 0x0000000100000000)
  region size 1024K, 2 young (2048K), 2 survivors (2048K)
 Metaspace       used 10115K, capacity 10480K, committed 10624K, reserved 1058816K
  class space    used 964K, capacity 1070K, committed 1152K, reserved 1048576K
}
Event: 1.201 GC heap before
{Heap before GC invocations=1 (full 0):
 garbage-first heap   total 131072K, used 12841K [0x0000000081400000, 0x0000000081500400, 0x0000000100000000)
  region size 1024K, 10 young (10240K), 2 survivors (2048K)
 Metaspace       used 12222K, capacity 12576K, committed 12928K, reserved 1060864K
  class space    used 1246K, capacity 1342K, committed 1408K, reserved 1048576K
}
Event: 1.210 GC heap after
{Heap after GC invocations=2 (full 0):
 garbage-first heap   total 131072K, used 6332K [0x0000000081400000, 0x0000000081500400, 0x0000000100000000)
  region size 1024K, 2 young (2048K), 2 survivors (2048K)
 Metaspace       used 12222K, capacity 12576K, committed 12928K, reserved 1060864K
  class space    used 1246K, capacity 1342K, committed 1408K, reserved 1048576K
}
Event: 1.801 GC heap before
{Heap before GC invocations=2 (full 0):
 garbage-first heap   total 131072K, used 30908K [0x0000000081400000, 0x0000000081500400, 0x0000000100000000)
  region size 1024K, 26 young (26624K), 2 survivors (2048K)
 Metaspace       used 14305K, capacity 14652K, committed 14976K, reserved 1062912K
  class space    used 1492K, capacity 1603K, committed 1664K, reserved 1048576K
}
Event: 1.807 GC heap after
{Heap after GC invocations=3 (full 0):
 garbage-first heap   total 131072K, used 7970K [0x0000000081400000, 0x0000000081500400, 0x0000000100000000)
  region size 1024K, 4 young (4096K), 4 survivors (4096K)
 Metaspace       used 14305K, capacity 14652K, committed 14976K, reserved 1062912K
  class space    used 1492K, capacity 1603K, committed 1664K, reserved 1048576K
}
Event: 4.341 GC heap before
{Heap before GC invocations=3 (full 0):
 garbage-first heap   total 131072K, used 81698K [0x0000000081400000, 0x0000000081500400, 0x0000000100000000)
  region size 1024K, 76 young (77824K), 4 survivors (4096K)
 Metaspace       used 20390K, capacity 20930K, committed 21296K, reserved 1069056K
  class space    used 2179K, capacity 2310K, committed 2432K, reserved 1048576K
}
Event: 4.363 GC heap after
{Heap after GC invocations=4 (full 0):
 garbage-first heap   total 131072K, used 14409K [0x0000000081400000, 0x0000000081500400, 0x0000000100000000)
  region size 1024K, 10 young (10240K), 10 survivors (10240K)
 Metaspace       used 20390K, capacity 20930K, committed 21296K, reserved 1069056K
  class space    used 2179K, capacity 2310K, committed 2432K, reserved 1048576K
}
Event: 4.425 GC heap before
{Heap before GC invocations=4 (full 0):
 garbage-first heap   total 131072K, used 14409K [0x0000000081400000, 0x0000000081500400, 0x0000000100000000)
  region size 1024K, 11 young (11264K), 10 survivors (10240K)
 Metaspace       used 20472K, capacity 21028K, committed 21296K, reserved 1069056K
  class space    used 2188K, capacity 2344K, committed 2432K, reserved 1048576K
}
Event: 4.441 GC heap after
{Heap after GC invocations=5 (full 0):
 garbage-first heap   total 157696K, used 11361K [0x0000000081400000, 0x00000000815004d0, 0x0000000100000000)
  region size 1024K, 2 young (2048K), 2 survivors (2048K)
 Metaspace       used 20472K, capacity 21028K, committed 21296K, reserved 1069056K
  class space    used 2188K, capacity 2344K, committed 2432K, reserved 1048576K
}

Deoptimization events (10 events):
Event: 4.406 Thread 0x0000021a91992800 Uncommon trap: reason=class_check action=maybe_recompile pc=0x0000021aa5580f3c method=java.util.HashMap.putVal(ILjava/lang/Object;Ljava/lang/Object;ZZ)Ljava/lang/Object; @ 203 c2
Event: 4.506 Thread 0x0000021a91992800 Uncommon trap: reason=predicate action=maybe_recompile pc=0x0000021aa55c7428 method=java.util.AbstractCollection.toArray([Ljava/lang/Object;)[Ljava/lang/Object; @ 46 c2
Event: 4.590 Thread 0x0000021a91992800 Uncommon trap: reason=unstable_if action=reinterpret pc=0x0000021aa552032c method=java.util.WeakHashMap.expungeStaleEntries()V @ 9 c2
Event: 4.775 Thread 0x0000021a91992800 Uncommon trap: reason=array_check action=maybe_recompile pc=0x0000021aa55e6d60 method=java.util.AbstractCollection.toArray([Ljava/lang/Object;)[Ljava/lang/Object; @ 116 c2
Event: 4.775 Thread 0x0000021a91992800 Uncommon trap: reason=array_check action=maybe_recompile pc=0x0000021aa55e6d60 method=java.util.AbstractCollection.toArray([Ljava/lang/Object;)[Ljava/lang/Object; @ 116 c2
Event: 4.775 Thread 0x0000021a91992800 Uncommon trap: reason=array_check action=maybe_recompile pc=0x0000021aa55e6d60 method=java.util.AbstractCollection.toArray([Ljava/lang/Object;)[Ljava/lang/Object; @ 116 c2
Event: 4.775 Thread 0x0000021a91992800 Uncommon trap: reason=array_check action=maybe_recompile pc=0x0000021aa55e6d60 method=java.util.AbstractCollection.toArray([Ljava/lang/Object;)[Ljava/lang/Object; @ 116 c2
Event: 4.858 Thread 0x0000021a91992800 Uncommon trap: reason=unstable_if action=reinterpret pc=0x0000021aa55c56e0 method=org.apache.maven.model.io.xpp3.MavenXpp3Reader.nextTag(Lorg/codehaus/plexus/util/xml/pull/XmlPullParser;)I @ 9 c2
Event: 5.021 Thread 0x0000021a91992800 Uncommon trap: reason=class_check action=maybe_recompile pc=0x0000021aa5580f3c method=java.util.HashMap.putVal(ILjava/lang/Object;Ljava/lang/Object;ZZ)Ljava/lang/Object; @ 203 c2
Event: 5.136 Thread 0x0000021a91992800 Uncommon trap: reason=unstable_if action=reinterpret pc=0x0000021aa55ee40c method=org.eclipse.sisu.plexus.RealmFilteredBeans$FilteredItr.hasNext()Z @ 44 c2

Classes redefined (0 events):
No events

Internal exceptions (10 events):
Event: 1.092 Thread 0x0000021a91992800 Exception <a 'java/lang/NoSuchMethodError'{0x0000000088e61558}: java.lang.invoke.DirectMethodHandle$Holder.invokeStatic(Ljava/lang/Object;Ljava/lang/Object;)I> (0x0000000088e61558) thrown at [t:/workspace/hotspot/src/share/vm/interpreter/linkResolver.cpp,
Event: 1.095 Thread 0x0000021a91992800 Exception <a 'java/lang/NoSuchMethodError'{0x0000000088e6e300}: java.lang.Object.of([Ljava/lang/Object;)Ljava/util/stream/Stream;> (0x0000000088e6e300) thrown at [t:/workspace/hotspot/src/share/vm/interpreter/linkResolver.cpp, line 731]
Event: 2.415 Thread 0x0000021a91992800 Exception <a 'java/lang/NoClassDefFoundError'{0x0000000087f6cce8}: com/google/inject/servlet/ServletModuleTargetVisitor> (0x0000000087f6cce8) thrown at [t:/workspace/hotspot/src/share/vm/classfile/systemDictionary.cpp, line 207]
Event: 2.415 Thread 0x0000021a91992800 Exception <a 'java/lang/NoClassDefFoundError'{0x0000000087f6cce8}> (0x0000000087f6cce8) thrown at [t:/workspace/hotspot/src/share/vm/prims/jvm.cpp, line 1314]
Event: 2.415 Thread 0x0000021a91992800 Exception <a 'java/lang/NoClassDefFoundError'{0x0000000087f71718}: javax/annotation/Priority> (0x0000000087f71718) thrown at [t:/workspace/hotspot/src/share/vm/classfile/systemDictionary.cpp, line 207]
Event: 2.574 Thread 0x0000021a91992800 Exception <a 'java/lang/NoSuchMethodError'{0x0000000087d61848}: method resolution failed> (0x0000000087d61848) thrown at [t:/workspace/hotspot/src/share/vm/prims/methodHandles.cpp, line 1256]
Event: 2.574 Thread 0x0000021a91992800 Exception <a 'java/lang/NoSuchMethodError'{0x0000000087d65bb0}: java.lang.invoke.DirectMethodHandle$Holder.invokeStaticInit(Ljava/lang/Object;IIII)Ljava/lang/Object;> (0x0000000087d65bb0) thrown at [t:/workspace/hotspot/src/share/vm/interpreter/linkResolv
Event: 3.140 Thread 0x0000021a91992800 Implicit null exception at 0x0000021aa550c6f5 to 0x0000021aa550c89d
Event: 3.140 Thread 0x0000021a91992800 Implicit null exception at 0x0000021aa546b22f to 0x0000021aa546b299
Event: 3.256 Thread 0x0000021a91992800 Implicit null exception at 0x0000021aa54b90be to 0x0000021aa54b9bf3

Events (10 events):
Event: 5.143 loading class org/apache/maven/plugin/Mojo
Event: 5.143 loading class org/apache/maven/plugin/Mojo done
Event: 5.143 loading class org/apache/maven/plugin/Mojo
Event: 5.143 loading class org/apache/maven/plugin/Mojo done
Event: 5.143 loading class org/apache/maven/plugin/compiler/HelpMojo
Event: 5.143 loading class org/apache/maven/plugin/compiler/HelpMojo done
Event: 5.143 loading class org/apache/maven/plugin/compiler/HelpMojo
Event: 5.143 loading class org/apache/maven/plugin/compiler/HelpMojo done
Event: 5.143 loading class org/apache/maven/plugin/compiler/HelpMojo
Event: 5.143 loading class org/apache/maven/plugin/compiler/HelpMojo done


Dynamic libraries:
0x00007ff6cb390000 - 0x00007ff6cb3ce000 	C:\Program Files\Java\jdk-9.0.4\bin\java.exe
0x00007ff857a60000 - 0x00007ff857c40000 	C:\WINDOWS\SYSTEM32\ntdll.dll
0x00007ff855140000 - 0x00007ff8551ee000 	C:\WINDOWS\System32\KERNEL32.DLL
0x00007ff854a60000 - 0x00007ff854cc6000 	C:\WINDOWS\System32\KERNELBASE.dll
0x00007ff855840000 - 0x00007ff8558e1000 	C:\WINDOWS\System32\ADVAPI32.dll
0x00007ff8550a0000 - 0x00007ff85513d000 	C:\WINDOWS\System32\msvcrt.dll
0x00007ff855d70000 - 0x00007ff855dcb000 	C:\WINDOWS\System32\sechost.dll
0x00007ff855be0000 - 0x00007ff855cff000 	C:\WINDOWS\System32\RPCRT4.dll
0x00007ff8556b0000 - 0x00007ff85583f000 	C:\WINDOWS\System32\USER32.dll
0x00007ff854cd0000 - 0x00007ff854cf0000 	C:\WINDOWS\System32\win32u.dll
0x00007ff856170000 - 0x00007ff856198000 	C:\WINDOWS\System32\GDI32.dll
0x00007ff854cf0000 - 0x00007ff854e83000 	C:\WINDOWS\System32\gdi32full.dll
0x00007ff854e90000 - 0x00007ff854f2b000 	C:\WINDOWS\System32\msvcp_win.dll
0x00007ff854680000 - 0x00007ff854776000 	C:\WINDOWS\System32\ucrtbase.dll
0x00007ff848a90000 - 0x00007ff848cf9000 	C:\WINDOWS\WinSxS\amd64_microsoft.windows.common-controls_6595b64144ccf1df_6.0.16299.492_none_15c8d3609364b9b0\COMCTL32.dll
0x00007ff849f20000 - 0x00007ff849f2a000 	C:\WINDOWS\SYSTEM32\VERSION.dll
0x00007ff8576c0000 - 0x00007ff8579c7000 	C:\WINDOWS\System32\combase.dll
0x00007ff853e60000 - 0x00007ff853ed2000 	C:\WINDOWS\System32\bcryptPrimitives.dll
0x00007ff8575e0000 - 0x00007ff85760d000 	C:\WINDOWS\System32\IMM32.DLL
0x00007ff82c850000 - 0x00007ff82c93f000 	C:\Program Files\Java\jdk-9.0.4\bin\msvcr120.dll
0x00007ff82ba60000 - 0x00007ff82bb06000 	C:\Program Files\Java\jdk-9.0.4\bin\msvcp120.dll
0x0000000066020000 - 0x0000000066a45000 	C:\Program Files\Java\jdk-9.0.4\bin\server\jvm.dll
0x00007ff8559b0000 - 0x00007ff8559b8000 	C:\WINDOWS\System32\PSAPI.DLL
0x00007ff8485b0000 - 0x00007ff8485d3000 	C:\WINDOWS\SYSTEM32\WINMM.dll
0x00007ff84aa30000 - 0x00007ff84aa39000 	C:\WINDOWS\SYSTEM32\WSOCK32.dll
0x00007ff855d00000 - 0x00007ff855d6c000 	C:\WINDOWS\System32\WS2_32.dll
0x00007ff848580000 - 0x00007ff8485aa000 	C:\WINDOWS\SYSTEM32\WINMMBASE.dll
0x00007ff854630000 - 0x00007ff85467a000 	C:\WINDOWS\System32\cfgmgr32.dll
0x00007ff84cf80000 - 0x00007ff84cf8f000 	C:\Program Files\Java\jdk-9.0.4\bin\verify.dll
0x00007ff83d230000 - 0x00007ff83d257000 	C:\Program Files\Java\jdk-9.0.4\bin\java.dll
0x00007ff844180000 - 0x00007ff844196000 	C:\Program Files\Java\jdk-9.0.4\bin\zip.dll
0x00007ff84aa40000 - 0x00007ff84aa4a000 	C:\Program Files\Java\jdk-9.0.4\bin\jimage.dll
0x00007ff8561a0000 - 0x00007ff8575d8000 	C:\WINDOWS\System32\SHELL32.dll
0x00007ff857610000 - 0x00007ff8576b6000 	C:\WINDOWS\System32\shcore.dll
0x00007ff853ee0000 - 0x00007ff854627000 	C:\WINDOWS\System32\windows.storage.dll
0x00007ff855640000 - 0x00007ff855691000 	C:\WINDOWS\System32\shlwapi.dll
0x00007ff853e20000 - 0x00007ff853e31000 	C:\WINDOWS\System32\kernel.appcore.dll
0x00007ff853db0000 - 0x00007ff853dfc000 	C:\WINDOWS\System32\powrprof.dll
0x00007ff853e00000 - 0x00007ff853e1b000 	C:\WINDOWS\System32\profapi.dll
0x00007ff843110000 - 0x00007ff84312a000 	C:\Program Files\Java\jdk-9.0.4\bin\net.dll
0x00007ff84fc20000 - 0x00007ff84fcfe000 	C:\WINDOWS\SYSTEM32\WINHTTP.dll
0x00007ff8535e0000 - 0x00007ff853646000 	C:\WINDOWS\system32\mswsock.dll
0x00007ff842a00000 - 0x00007ff842a11000 	C:\Program Files\Java\jdk-9.0.4\bin\nio.dll
0x00007ff848ef0000 - 0x00007ff848efa000 	C:\Program Files\apache-maven-3.5.3\lib\jansi-native\windows64\jansi.dll
0x00007ff84c660000 - 0x00007ff84c828000 	C:\WINDOWS\SYSTEM32\dbghelp.dll

VM Arguments:
jvm_args: -Dclassworlds.conf=C:\Program Files\apache-maven-3.5.3\bin\..\bin\m2.conf -Dmaven.home=C:\Program Files\apache-maven-3.5.3\bin\.. -Dlibrary.jansi.path=C:\Program Files\apache-maven-3.5.3\bin\..\lib\jansi-native -Dmaven.multiModuleProjectDirectory=C:\Users\Marko\Documents\FAKS\OPJJ\EclipseWorkspaces\zadace\hw17-0036487190 
java_command: org.codehaus.plexus.classworlds.launcher.Launcher jetty:run
java_class_path (initial): C:\Program Files\apache-maven-3.5.3\bin\..\boot\plexus-classworlds-2.5.2.jar
Launcher Type: SUN_STANDARD

Logging:
Log output configuration:
#0: stdout all=warning uptime,level,tags
#1: stderr all=off uptime,level,tags

Environment Variables:
JAVA_HOME=C:\Program Files\Java\jdk-9.0.4
PATH=C:/Program Files/Java/jre1.8.0_66/bin/server;C:/Program Files/Java/jre1.8.0_66/bin;C:/Program Files/Java/jre1.8.0_66/lib/amd64;C:\ProgramData\Oracle\Java\javapath;C:\Windows\system32;C:\Windows;C:\Windows\System32\Wbem;C:\Windows\System32\WindowsPowerShell\v1.0\;C:\Program Files (x86)\NVIDIA Corporation\PhysX\Common;C:\Program Files (x86)\GtkSharp\2.12\bin;C:\WINDOWS\system32;C:\WINDOWS;C:\WINDOWS\System32\Wbem;C:\WINDOWS\System32\WindowsPowerShell\v1.0\;C:\Program Files\Git\cmd;C:\Program Files (x86)\Skype\Phone\;C:\Program Files\nodejs\;C:\Program Files\apache-maven-3.5.3\bin;C:\Program Files\Java\jdk-9.0.4\bin;C:\Program Files\dotnet\;C:\Program Files (x86)\Microsoft SQL Server\Client SDK\ODBC\130\Tools\Binn\;C:\Program Files (x86)\Microsoft SQL Server\140\Tools\Binn\;C:\Program Files (x86)\Microsoft SQL Server\140\DTS\Binn\;C:\Program Files (x86)\Microsoft SQL Server\140\Tools\Binn\ManagementStudio\;C:\Program Files\Microsoft SQL Server\130\Tools\Binn\;C:\Users\Marko\AppData\Local\Microsoft\WindowsApps;C:\Users\Marko\AppData\Roaming\npm;C:\MinGW\bin;;C:\Users\Marko\Documents\FAKS\OPJJ\eclipse-jee-oxygen-2-win32-x86_64\eclipse;
USERNAME=Marko
OS=Windows_NT
PROCESSOR_IDENTIFIER=Intel64 Family 6 Model 61 Stepping 4, GenuineIntel



---------------  S Y S T E M  ---------------

OS: Windows 10 , 64 bit Build 16299 (10.0.16299.431)

CPU:total 4 (initial active 4) (2 cores per cpu, 2 threads per core) family 6 model 61 stepping 4, cmov, cx8, fxsr, mmx, sse, sse2, sse3, ssse3, sse4.1, sse4.2, popcnt, clmul, erms, 3dnowpref, lzcnt, ht, tsc, tscinvbit

Memory: 4k page, physical 8306480k(1550204k free), swap 9737008k(4708k free)

vm_info: Java HotSpot(TM) 64-Bit Server VM (9.0.4+11) for windows-amd64 JRE (9.0.4+11), built on Dec 20 2017 02:18:54 by "mach5one" with MS VC++ 12.0 (VS2013)

END.
