#
# There is insufficient memory for the Java Runtime Environment to continue.
# Native memory allocation (mmap) failed to map 134217728 bytes for Failed to commit area from 0x0000000081400000 to 0x0000000089400000 of length 134217728.
# Possible reasons:
#   The system is out of physical RAM or swap space
#   The process is running with CompressedOops enabled, and the Java Heap may be blocking the growth of the native heap
# Possible solutions:
#   Reduce memory load on the system
#   Increase physical memory or swap space
#   Check if swap backing store is full
#   Decrease Java heap size (-Xmx/-Xms)
#   Decrease number of Java threads
#   Decrease Java thread stack sizes (-Xss)
#   Set larger code cache with -XX:ReservedCodeCacheSize=
# This output file may be truncated or incomplete.
#
#  Out of Memory Error (t:/workspace/hotspot/src/os/windows/vm/os_windows.cpp:3357), pid=11108, tid=10512
#
# JRE version:  (9.0+11) (build )
# Java VM: Java HotSpot(TM) 64-Bit Server VM (9.0.4+11, mixed mode, tiered, compressed oops, g1 gc, windows-amd64)
# No core dump will be written. Minidumps are not enabled by default on client versions of Windows
#

---------------  S U M M A R Y ------------

Command Line: -Xdebug -Xnoagent -Djava.compiler=NONE -Xrunjdwp:transport=dt_socket,address=8000,server=y,suspend=n -Dclassworlds.conf=C:\Program Files\apache-maven-3.5.3\bin\..\bin\m2.conf -Dmaven.home=C:\Program Files\apache-maven-3.5.3\bin\.. -Dlibrary.jansi.path=C:\Program Files\apache-maven-3.5.3\bin\..\lib\jansi-native -Dmaven.multiModuleProjectDirectory=C:\Users\Marko\Documents\FAKS\OPJJ\EclipseWorkspaces\zadace\hw17-0036487190 org.codehaus.plexus.classworlds.launcher.Launcher jetty:run

Host: Intel(R) Pentium(R) CPU 3825U @ 1.90GHz, 4 cores, 7G,  Windows 10 , 64 bit Build 16299 (10.0.16299.431)
Time: Wed Jul 04 15:37:01 2018 Srednja Europa - ljet. vrij. elapsed time: 0 seconds (0d 0h 0m 0s)

---------------  T H R E A D  ---------------

Current thread (0x0000012431ff3000):  JavaThread "Unknown thread" [_thread_in_vm, id=10512, stack(0x0000001880300000,0x0000001880400000)]

Stack: [0x0000001880300000,0x0000001880400000]
Native frames: (J=compiled Java code, j=interpreted, Vv=VM code, C=native code)
V  [jvm.dll+0x587068]
V  [jvm.dll+0x69c25e]
V  [jvm.dll+0x69d17a]
V  [jvm.dll+0x69d7b3]
V  [jvm.dll+0x21d198]
V  [jvm.dll+0x584bb4]
V  [jvm.dll+0x57a095]
V  [jvm.dll+0x2cd67b]
V  [jvm.dll+0x2cd5e3]
V  [jvm.dll+0x2cd4b2]
V  [jvm.dll+0x2cf4b3]
V  [jvm.dll+0x3191e3]
V  [jvm.dll+0x3198f6]
V  [jvm.dll+0x3192e3]
V  [jvm.dll+0x2adeb8]
V  [jvm.dll+0x2af0e7]
V  [jvm.dll+0x67b34d]
V  [jvm.dll+0x67c70c]
V  [jvm.dll+0x3269c9]
V  [jvm.dll+0x66555e]
V  [jvm.dll+0x391811]
V  [jvm.dll+0x3937c1]
C  [java.exe+0x34f1]
C  [java.exe+0xe24f]
C  [java.exe+0xe3f6]
C  [KERNEL32.DLL+0x11fe4]
C  [ntdll.dll+0x6cb31]


---------------  P R O C E S S  ---------------

Java Threads: ( => current thread )

Other Threads:
  0x000001243200a000 GCTaskThread "GC Thread#0" [stack: 0x0000001880400000,0x0000001880500000] [id=11748]
  0x000001243200c800 GCTaskThread "GC Thread#1" [stack: 0x0000001880500000,0x0000001880600000] [id=1468]
  0x000001243200e000 GCTaskThread "GC Thread#2" [stack: 0x0000001880600000,0x0000001880700000] [id=12536]
  0x0000012432011800 GCTaskThread "GC Thread#3" [stack: 0x0000001880700000,0x0000001880800000] [id=4312]
  0x0000012432081000 ConcurrentGCThread "G1 Main Marker" [stack: 0x0000001880d00000,0x0000001880e00000] [id=6444]
  0x0000012432082800 ConcurrentGCThread "G1 Marker#0" [stack: 0x0000001880e00000,0x0000001880f00000] [id=11792]
  0x0000012432018800 ConcurrentGCThread "G1 Refine#0" [stack: 0x0000001880b00000,0x0000001880c00000] [id=6368]
  0x0000012432017000 ConcurrentGCThread "G1 Refine#1" [stack: 0x0000001880a00000,0x0000001880b00000] [id=10484]
  0x0000012432016000 ConcurrentGCThread "G1 Refine#2" [stack: 0x0000001880900000,0x0000001880a00000] [id=2844]
  0x0000012432012800 ConcurrentGCThread "G1 Refine#3" [stack: 0x0000001880800000,0x0000001880900000] [id=11576]
  0x0000012432019800 ConcurrentGCThread "G1 Young RemSet Sampling" [stack: 0x0000001880c00000,0x0000001880d00000] [id=2336]

=>0x0000012431ff3000 (exited) JavaThread "Unknown thread" [_thread_in_vm, id=10512, stack(0x0000001880300000,0x0000001880400000)]

Threads with active compile tasks:

VM state:not at safepoint (not fully initialized)

VM Mutex/Monitor currently owned by a thread:  ([mutex/lock_event])
[0x0000012431ff0880] Heap_lock - owner thread: 0x0000012431ff3000

Heap address: 0x0000000081400000, size: 2028 MB, Compressed Oops mode: Non-zero based: 0x0000000081400000
Narrow klass base: 0x0000000000000000, Narrow klass shift: 0

GC Heap History (0 events):
No events

Deoptimization events (0 events):
No events

Classes redefined (0 events):
No events

Internal exceptions (0 events):
No events

Events (0 events):
No events


Dynamic libraries:
0x00007ff6cb390000 - 0x00007ff6cb3ce000 	C:\Program Files\Java\jdk-9.0.4\bin\java.exe
0x00007ff857a60000 - 0x00007ff857c40000 	C:\WINDOWS\SYSTEM32\ntdll.dll
0x00007ff855140000 - 0x00007ff8551ee000 	C:\WINDOWS\System32\KERNEL32.DLL
0x00007ff854a60000 - 0x00007ff854cc6000 	C:\WINDOWS\System32\KERNELBASE.dll
0x00007ff855840000 - 0x00007ff8558e1000 	C:\WINDOWS\System32\ADVAPI32.dll
0x00007ff8550a0000 - 0x00007ff85513d000 	C:\WINDOWS\System32\msvcrt.dll
0x00007ff855d70000 - 0x00007ff855dcb000 	C:\WINDOWS\System32\sechost.dll
0x00007ff855be0000 - 0x00007ff855cff000 	C:\WINDOWS\System32\RPCRT4.dll
0x00007ff8556b0000 - 0x00007ff85583f000 	C:\WINDOWS\System32\USER32.dll
0x00007ff854cd0000 - 0x00007ff854cf0000 	C:\WINDOWS\System32\win32u.dll
0x00007ff856170000 - 0x00007ff856198000 	C:\WINDOWS\System32\GDI32.dll
0x00007ff854cf0000 - 0x00007ff854e83000 	C:\WINDOWS\System32\gdi32full.dll
0x00007ff854e90000 - 0x00007ff854f2b000 	C:\WINDOWS\System32\msvcp_win.dll
0x00007ff854680000 - 0x00007ff854776000 	C:\WINDOWS\System32\ucrtbase.dll
0x00007ff848a90000 - 0x00007ff848cf9000 	C:\WINDOWS\WinSxS\amd64_microsoft.windows.common-controls_6595b64144ccf1df_6.0.16299.492_none_15c8d3609364b9b0\COMCTL32.dll
0x00007ff8576c0000 - 0x00007ff8579c7000 	C:\WINDOWS\System32\combase.dll
0x00007ff849f20000 - 0x00007ff849f2a000 	C:\WINDOWS\SYSTEM32\VERSION.dll
0x00007ff853e60000 - 0x00007ff853ed2000 	C:\WINDOWS\System32\bcryptPrimitives.dll
0x00007ff8575e0000 - 0x00007ff85760d000 	C:\WINDOWS\System32\IMM32.DLL
0x00007ff82c850000 - 0x00007ff82c93f000 	C:\Program Files\Java\jdk-9.0.4\bin\msvcr120.dll
0x00007ff82ba60000 - 0x00007ff82bb06000 	C:\Program Files\Java\jdk-9.0.4\bin\msvcp120.dll
0x0000000066020000 - 0x0000000066a45000 	C:\Program Files\Java\jdk-9.0.4\bin\server\jvm.dll
0x00007ff8559b0000 - 0x00007ff8559b8000 	C:\WINDOWS\System32\PSAPI.DLL
0x00007ff84aa30000 - 0x00007ff84aa39000 	C:\WINDOWS\SYSTEM32\WSOCK32.dll
0x00007ff8485b0000 - 0x00007ff8485d3000 	C:\WINDOWS\SYSTEM32\WINMM.dll
0x00007ff855d00000 - 0x00007ff855d6c000 	C:\WINDOWS\System32\WS2_32.dll
0x00007ff848580000 - 0x00007ff8485aa000 	C:\WINDOWS\SYSTEM32\winmmbase.dll
0x00007ff854630000 - 0x00007ff85467a000 	C:\WINDOWS\System32\cfgmgr32.dll
0x00007ff84e830000 - 0x00007ff84e83f000 	C:\Program Files\Java\jdk-9.0.4\bin\verify.dll
0x00007ff848000000 - 0x00007ff848027000 	C:\Program Files\Java\jdk-9.0.4\bin\java.dll
0x00007ff8430c0000 - 0x00007ff8430f6000 	C:\Program Files\Java\jdk-9.0.4\bin\jdwp.dll
0x00007ff848f30000 - 0x00007ff848f46000 	C:\Program Files\Java\jdk-9.0.4\bin\zip.dll
0x00007ff84aa40000 - 0x00007ff84aa4a000 	C:\Program Files\Java\jdk-9.0.4\bin\jimage.dll
0x00007ff84c660000 - 0x00007ff84c828000 	C:\WINDOWS\SYSTEM32\dbghelp.dll

VM Arguments:
jvm_args: -Xdebug -Xnoagent -Djava.compiler=NONE -Xrunjdwp:transport=dt_socket,address=8000,server=y,suspend=n -Dclassworlds.conf=C:\Program Files\apache-maven-3.5.3\bin\..\bin\m2.conf -Dmaven.home=C:\Program Files\apache-maven-3.5.3\bin\.. -Dlibrary.jansi.path=C:\Program Files\apache-maven-3.5.3\bin\..\lib\jansi-native -Dmaven.multiModuleProjectDirectory=C:\Users\Marko\Documents\FAKS\OPJJ\EclipseWorkspaces\zadace\hw17-0036487190 
java_command: org.codehaus.plexus.classworlds.launcher.Launcher jetty:run
java_class_path (initial): C:\Program Files\apache-maven-3.5.3\bin\..\boot\plexus-classworlds-2.5.2.jar
Launcher Type: SUN_STANDARD

Logging:
Log output configuration:
#0: stdout all=warning uptime,level,tags
#1: stderr all=off uptime,level,tags

Environment Variables:
JAVA_HOME=C:\Program Files\Java\jdk-9.0.4
PATH=C:/Program Files/Java/jre1.8.0_66/bin/server;C:/Program Files/Java/jre1.8.0_66/bin;C:/Program Files/Java/jre1.8.0_66/lib/amd64;C:\ProgramData\Oracle\Java\javapath;C:\Windows\system32;C:\Windows;C:\Windows\System32\Wbem;C:\Windows\System32\WindowsPowerShell\v1.0\;C:\Program Files (x86)\NVIDIA Corporation\PhysX\Common;C:\Program Files (x86)\GtkSharp\2.12\bin;C:\WINDOWS\system32;C:\WINDOWS;C:\WINDOWS\System32\Wbem;C:\WINDOWS\System32\WindowsPowerShell\v1.0\;C:\Program Files\Git\cmd;C:\Program Files (x86)\Skype\Phone\;C:\Program Files\nodejs\;C:\Program Files\apache-maven-3.5.3\bin;C:\Program Files\Java\jdk-9.0.4\bin;C:\Program Files\dotnet\;C:\Program Files (x86)\Microsoft SQL Server\Client SDK\ODBC\130\Tools\Binn\;C:\Program Files (x86)\Microsoft SQL Server\140\Tools\Binn\;C:\Program Files (x86)\Microsoft SQL Server\140\DTS\Binn\;C:\Program Files (x86)\Microsoft SQL Server\140\Tools\Binn\ManagementStudio\;C:\Program Files\Microsoft SQL Server\130\Tools\Binn\;C:\Users\Marko\AppData\Local\Microsoft\WindowsApps;C:\Users\Marko\AppData\Roaming\npm;C:\MinGW\bin;;C:\Users\Marko\Documents\FAKS\OPJJ\eclipse-jee-oxygen-2-win32-x86_64\eclipse;
USERNAME=Marko
OS=Windows_NT
PROCESSOR_IDENTIFIER=Intel64 Family 6 Model 61 Stepping 4, GenuineIntel



---------------  S Y S T E M  ---------------

OS: Windows 10 , 64 bit Build 16299 (10.0.16299.431)

CPU:total 4 (initial active 4) (2 cores per cpu, 2 threads per core) family 6 model 61 stepping 4, cmov, cx8, fxsr, mmx, sse, sse2, sse3, ssse3, sse4.1, sse4.2, popcnt, clmul, erms, 3dnowpref, lzcnt, ht, tsc, tscinvbit

Memory: 4k page, physical 8306480k(1571352k free), swap 9737008k(52444k free)

vm_info: Java HotSpot(TM) 64-Bit Server VM (9.0.4+11) for windows-amd64 JRE (9.0.4+11), built on Dec 20 2017 02:18:54 by "mach5one" with MS VC++ 12.0 (VS2013)

END.
