#
# There is insufficient memory for the Java Runtime Environment to continue.
# Native memory allocation (mmap) failed to map 134217728 bytes for Failed to commit area from 0x0000000081400000 to 0x0000000089400000 of length 134217728.
# Possible reasons:
#   The system is out of physical RAM or swap space
#   The process is running with CompressedOops enabled, and the Java Heap may be blocking the growth of the native heap
# Possible solutions:
#   Reduce memory load on the system
#   Increase physical memory or swap space
#   Check if swap backing store is full
#   Decrease Java heap size (-Xmx/-Xms)
#   Decrease number of Java threads
#   Decrease Java thread stack sizes (-Xss)
#   Set larger code cache with -XX:ReservedCodeCacheSize=
# This output file may be truncated or incomplete.
#
#  Out of Memory Error (t:/workspace/hotspot/src/os/windows/vm/os_windows.cpp:3357), pid=7768, tid=14756
#
# JRE version:  (9.0+11) (build )
# Java VM: Java HotSpot(TM) 64-Bit Server VM (9.0.4+11, mixed mode, tiered, compressed oops, g1 gc, windows-amd64)
# No core dump will be written. Minidumps are not enabled by default on client versions of Windows
#

---------------  S U M M A R Y ------------

Command Line: -Dfile.encoding=UTF-8 hr.fer.zemris.java.gui.calc.Calculator

Host: Intel(R) Pentium(R) CPU 3825U @ 1.90GHz, 4 cores, 7G,  Windows 10 , 64 bit Build 16299 (10.0.16299.15)
Time: Tue May 15 17:34:47 2018 Srednja Europa - ljet. vrij. elapsed time: 0 seconds (0d 0h 0m 0s)

---------------  T H R E A D  ---------------

Current thread (0x0000029aed340800):  JavaThread "Unknown thread" [_thread_in_vm, id=14756, stack(0x000000a3c7900000,0x000000a3c7a00000)]

Stack: [0x000000a3c7900000,0x000000a3c7a00000]
Native frames: (J=compiled Java code, j=interpreted, Vv=VM code, C=native code)
V  [jvm.dll+0x587068]
V  [jvm.dll+0x69c25e]
V  [jvm.dll+0x69d17a]
V  [jvm.dll+0x69d7b3]
V  [jvm.dll+0x21d198]
V  [jvm.dll+0x584bb4]
V  [jvm.dll+0x57a095]
V  [jvm.dll+0x2cd67b]
V  [jvm.dll+0x2cd5e3]
V  [jvm.dll+0x2cd4b2]
V  [jvm.dll+0x2cf4b3]
V  [jvm.dll+0x3191e3]
V  [jvm.dll+0x3198f6]
V  [jvm.dll+0x3192e3]
V  [jvm.dll+0x2adeb8]
V  [jvm.dll+0x2af0e7]
V  [jvm.dll+0x67b34d]
V  [jvm.dll+0x67c70c]
V  [jvm.dll+0x3269c9]
V  [jvm.dll+0x66555e]
V  [jvm.dll+0x391811]
V  [jvm.dll+0x3937c1]
C  [javaw.exe+0x3501]
C  [javaw.exe+0xe25f]
C  [javaw.exe+0xe406]
C  [KERNEL32.DLL+0x11fe4]
C  [ntdll.dll+0x6ef91]


---------------  P R O C E S S  ---------------

Java Threads: ( => current thread )

Other Threads:
  0x0000029aed358800 GCTaskThread "GC Thread#0" [stack: 0x000000a3c7a00000,0x000000a3c7b00000] [id=5732]
  0x0000029aed359800 GCTaskThread "GC Thread#1" [stack: 0x000000a3c7b00000,0x000000a3c7c00000] [id=8456]
  0x0000029aed35d000 GCTaskThread "GC Thread#2" [stack: 0x000000a3c7c00000,0x000000a3c7d00000] [id=4636]
  0x0000029aed363000 GCTaskThread "GC Thread#3" [stack: 0x000000a3c7d00000,0x000000a3c7e00000] [id=1580]
  0x0000029aed3d9000 ConcurrentGCThread "G1 Main Marker" [stack: 0x000000a3c8300000,0x000000a3c8400000] [id=7712]
  0x0000029aed3dc800 ConcurrentGCThread "G1 Marker#0" [stack: 0x000000a3c8400000,0x000000a3c8500000] [id=18368]
  0x0000029aed372000 ConcurrentGCThread "G1 Refine#0" [stack: 0x000000a3c8100000,0x000000a3c8200000] [id=7540]
  0x0000029aed371000 ConcurrentGCThread "G1 Refine#1" [stack: 0x000000a3c8000000,0x000000a3c8100000] [id=12692]
  0x0000029aed370000 ConcurrentGCThread "G1 Refine#2" [stack: 0x000000a3c7f00000,0x000000a3c8000000] [id=76]
  0x0000029aed368800 ConcurrentGCThread "G1 Refine#3" [stack: 0x000000a3c7e00000,0x000000a3c7f00000] [id=11180]
  0x0000029aed373000 ConcurrentGCThread "G1 Young RemSet Sampling" [stack: 0x000000a3c8200000,0x000000a3c8300000] [id=12548]

=>0x0000029aed340800 (exited) JavaThread "Unknown thread" [_thread_in_vm, id=14756, stack(0x000000a3c7900000,0x000000a3c7a00000)]

Threads with active compile tasks:

VM state:not at safepoint (not fully initialized)

VM Mutex/Monitor currently owned by a thread:  ([mutex/lock_event])
[0x0000029aed33f8f0] Heap_lock - owner thread: 0x0000029aed340800

Heap address: 0x0000000081400000, size: 2028 MB, Compressed Oops mode: Non-zero based: 0x0000000081400000
Narrow klass base: 0x0000000000000000, Narrow klass shift: 0

GC Heap History (0 events):
No events

Deoptimization events (0 events):
No events

Classes redefined (0 events):
No events

Internal exceptions (0 events):
No events

Events (0 events):
No events


Dynamic libraries:
0x00007ff7be650000 - 0x00007ff7be68e000 	C:\Program Files\Java\jdk-9.0.4\bin\javaw.exe
0x00007ffea36a0000 - 0x00007ffea3880000 	C:\WINDOWS\SYSTEM32\ntdll.dll
0x00007ffea2bd0000 - 0x00007ffea2c7e000 	C:\WINDOWS\System32\KERNEL32.DLL
0x00007ffe9faa0000 - 0x00007ffe9fd06000 	C:\WINDOWS\System32\KERNELBASE.dll
0x00007ffea1330000 - 0x00007ffea13d1000 	C:\WINDOWS\System32\ADVAPI32.dll
0x00007ffea35d0000 - 0x00007ffea366d000 	C:\WINDOWS\System32\msvcrt.dll
0x00007ffea0b70000 - 0x00007ffea0bcb000 	C:\WINDOWS\System32\sechost.dll
0x00007ffea3370000 - 0x00007ffea348f000 	C:\WINDOWS\System32\RPCRT4.dll
0x00007ffea2a40000 - 0x00007ffea2bce000 	C:\WINDOWS\System32\USER32.dll
0x00007ffea0b50000 - 0x00007ffea0b70000 	C:\WINDOWS\System32\win32u.dll
0x00007ffea3270000 - 0x00007ffea3298000 	C:\WINDOWS\System32\GDI32.dll
0x00007ffea0010000 - 0x00007ffea01a1000 	C:\WINDOWS\System32\gdi32full.dll
0x00007ffea01b0000 - 0x00007ffea024b000 	C:\WINDOWS\System32\msvcp_win.dll
0x00007ffea09f0000 - 0x00007ffea0ae6000 	C:\WINDOWS\System32\ucrtbase.dll
0x00007ffe96d10000 - 0x00007ffe96f79000 	C:\WINDOWS\WinSxS\amd64_microsoft.windows.common-controls_6595b64144ccf1df_6.0.16299.15_none_cc92fb402215d91d\COMCTL32.dll
0x00007ffe98c20000 - 0x00007ffe98c2a000 	C:\WINDOWS\SYSTEM32\VERSION.dll
0x00007ffea0bd0000 - 0x00007ffea0ed8000 	C:\WINDOWS\System32\combase.dll
0x00007ffe9fdc0000 - 0x00007ffe9fe32000 	C:\WINDOWS\System32\bcryptPrimitives.dll
0x00007ffea2df0000 - 0x00007ffea2e1d000 	C:\WINDOWS\System32\IMM32.DLL
0x00007ffe735b0000 - 0x00007ffe7369f000 	C:\Program Files\Java\jdk-9.0.4\bin\msvcr120.dll
0x00007ffe8f3f0000 - 0x00007ffe8f496000 	C:\Program Files\Java\jdk-9.0.4\bin\msvcp120.dll
0x0000000067ec0000 - 0x00000000688e5000 	C:\Program Files\Java\jdk-9.0.4\bin\server\jvm.dll
0x00007ffea32a0000 - 0x00007ffea32a8000 	C:\WINDOWS\System32\PSAPI.DLL
0x00007ffe9c850000 - 0x00007ffe9c873000 	C:\WINDOWS\SYSTEM32\WINMM.dll
0x00007ffe9aa20000 - 0x00007ffe9aa29000 	C:\WINDOWS\SYSTEM32\WSOCK32.dll
0x00007ffea29d0000 - 0x00007ffea2a3c000 	C:\WINDOWS\System32\WS2_32.dll
0x00007ffe9c820000 - 0x00007ffe9c84a000 	C:\WINDOWS\SYSTEM32\winmmbase.dll
0x00007ffea0250000 - 0x00007ffea029a000 	C:\WINDOWS\System32\cfgmgr32.dll
0x00007ffe9c6a0000 - 0x00007ffe9c6af000 	C:\Program Files\Java\jdk-9.0.4\bin\verify.dll
0x00007ffe8f1b0000 - 0x00007ffe8f1d7000 	C:\Program Files\Java\jdk-9.0.4\bin\java.dll
0x00007ffe8f3d0000 - 0x00007ffe8f3e6000 	C:\Program Files\Java\jdk-9.0.4\bin\zip.dll
0x00007ffe99140000 - 0x00007ffe9914a000 	C:\Program Files\Java\jdk-9.0.4\bin\jimage.dll
0x00007ffe90760000 - 0x00007ffe90928000 	C:\WINDOWS\SYSTEM32\dbghelp.dll

VM Arguments:
jvm_args: -Dfile.encoding=UTF-8 
java_command: hr.fer.zemris.java.gui.calc.Calculator
java_class_path (initial): C:\Users\Marko\Documents\FAKS\OPJJ\EclipseWorkspaces\zadace\hw10-0036487190\target\classes
Launcher Type: SUN_STANDARD

Logging:
Log output configuration:
#0: stdout all=warning uptime,level,tags
#1: stderr all=off uptime,level,tags

Environment Variables:
JAVA_HOME=C:\Program Files\Java\jdk-9.0.4
PATH=C:/Program Files/Java/jre1.8.0_66/bin/server;C:/Program Files/Java/jre1.8.0_66/bin;C:/Program Files/Java/jre1.8.0_66/lib/amd64;C:\ProgramData\Oracle\Java\javapath;C:\Windows\system32;C:\Windows;C:\Windows\System32\Wbem;C:\Windows\System32\WindowsPowerShell\v1.0\;C:\Program Files (x86)\NVIDIA Corporation\PhysX\Common;C:\Program Files (x86)\GtkSharp\2.12\bin;C:\WINDOWS\system32;C:\WINDOWS;C:\WINDOWS\System32\Wbem;C:\WINDOWS\System32\WindowsPowerShell\v1.0\;C:\Program Files\Git\cmd;C:\Program Files (x86)\Skype\Phone\;C:\Program Files\nodejs\;C:\Program Files\apache-maven-3.5.3\bin;C:\Program Files\Java\jdk-9.0.4\bin;C:\Program Files\dotnet\;C:\Program Files (x86)\Microsoft SQL Server\Client SDK\ODBC\130\Tools\Binn\;C:\Program Files (x86)\Microsoft SQL Server\140\Tools\Binn\;C:\Program Files (x86)\Microsoft SQL Server\140\DTS\Binn\;C:\Program Files (x86)\Microsoft SQL Server\140\Tools\Binn\ManagementStudio\;C:\Program Files\Microsoft SQL Server\130\Tools\Binn\;C:\Users\Marko\AppData\Local\Microsoft\WindowsApps;C:\Users\Marko\AppData\Roaming\npm;C:\MinGW\bin;;C:\Users\Marko\Documents\FAKS\OPJJ\eclipse-jee-oxygen-2-win32-x86_64\eclipse;
USERNAME=Marko
OS=Windows_NT
PROCESSOR_IDENTIFIER=Intel64 Family 6 Model 61 Stepping 4, GenuineIntel



---------------  S Y S T E M  ---------------

OS: Windows 10 , 64 bit Build 16299 (10.0.16299.15)

CPU:total 4 (initial active 4) (2 cores per cpu, 2 threads per core) family 6 model 61 stepping 4, cmov, cx8, fxsr, mmx, sse, sse2, sse3, ssse3, sse4.1, sse4.2, popcnt, clmul, erms, 3dnowpref, lzcnt, ht, tsc, tscinvbit

Memory: 4k page, physical 8306480k(1650360k free), swap 9737008k(110728k free)

vm_info: Java HotSpot(TM) 64-Bit Server VM (9.0.4+11) for windows-amd64 JRE (9.0.4+11), built on Dec 20 2017 02:18:54 by "mach5one" with MS VC++ 12.0 (VS2013)

END.
